****************************************
Report : constraint
        -all_violators
Design : ahb_spi_legacy
Version: W-2024.09-SP3
Date   : Thu May 28 15:59:43 2026
****************************************

   late_timing
   -----------

Warning: Scenario func_ff is not configured for setup analysis: skipping. (UIC-058)
Endpoint                         Path Delay     Path Required       CRP    Slack Group    Scenario
----------------------------------------------------------------------------------------------------------
No paths.

   early_timing
   -----------

Warning: Scenario func_ss is not configured for hold analysis: skipping. (UIC-058)
Endpoint                         Path Delay     Path Required       CRP    Slack Group    Scenario
----------------------------------------------------------------------------------------------------------
u_spi_fsm/U141/A1 (SAEDRVT14_NR2_1)
                                   0.48 f        10.55           0.00   -10.07   HCLK     func_ff
u_spi_fsm/U3/A1 (SAEDRVT14_OAI21_0P5)
                                   0.48 f        10.54           0.00   -10.06   HCLK     func_ff
u_spi_fsm/U3/A2 (SAEDRVT14_OAI21_0P5)
                                   0.48 f        10.54           0.00   -10.06   HCLK     func_ff
flash_addr_reg_reg_24_/D (SAEDRVT14_FDPRBQ_V2LP_0P5)
                                   0.54 f         0.54           0.00    -0.00   HCLK     func_ff
cmd_reg_reg_4_/D (SAEDRVT14_FDPRBQ_V2LP_0P5)
                                   0.52 f         0.52           0.00    -0.00   HCLK     func_ff
u_spi_fsm/shift_tx_reg_26_/D (SAEDRVT14_FDPRBQ_V2LP_0P5)
                                   0.54 f         0.54           0.00    -0.00   HCLK     func_ff
u_spi_fsm/shift_tx_reg_8_/D (SAEDRVT14_FDPRBQ_V2LP_0P5)
                                   0.52 f         0.53           0.00    -0.00   HCLK     func_ff
addr_reg_reg_2_/D (SAEDRVT14_FDPRBQ_V2LP_0P5)
                                   0.54 f         0.54           0.00    -0.00   HCLK     func_ff
u_spi_fsm/shift_rx_reg_2_/D (SAEDRVT14_FDPRBQ_V2LP_0P5)
                                   0.54 f         0.54           0.00    -0.00   HCLK     func_ff
tx_data_reg_reg_16_/D (SAEDRVT14_FDPRBQ_V2LP_0P5)
                                   0.54 f         0.54           0.00    -0.00   HCLK     func_ff
flash_addr_reg_reg_13_/D (SAEDRVT14_FDPRBQ_V2LP_0P5)
                                   0.52 f         0.52           0.00    -0.00   HCLK     func_ff
u_spi_fsm/shift_tx_reg_19_/D (SAEDRVT14_FDPRBQ_V2LP_0P5)
                                   0.54 f         0.54           0.00    -0.00   HCLK     func_ff
flash_addr_reg_reg_6_/D (SAEDRVT14_FDPRBQ_V2LP_0P5)
                                   0.52 f         0.52           0.00    -0.00   HCLK     func_ff
u_spi_fsm/shift_tx_reg_25_/D (SAEDRVT14_FDPRBQ_V2LP_0P5)
                                   0.54 f         0.54           0.00    -0.00   HCLK     func_ff
u_spi_fsm/shift_tx_reg_12_/D (SAEDRVT14_FDPRBQ_V2LP_0P5)
                                   0.52 f         0.53           0.00    -0.00   HCLK     func_ff

   Mode: func_mode Corner: ff_corner
   Scenario: func_ff
  ---------------------------------------------------------------------------
   Number of max_transition violation(s): 0

   Mode: func_mode Corner: ss_corner
   Scenario: func_ss
  ---------------------------------------------------------------------------
   Number of max_transition violation(s): 0

   Mode: func_mode Corner: ff_corner
   Scenario: func_ff
  ---------------------------------------------------------------------------
   Number of max_capacitance violation(s): 0

   Mode: func_mode Corner: ss_corner
   Scenario: func_ss
  ---------------------------------------------------------------------------
   Number of max_capacitance violation(s): 0


   Mode: func_mode Corner: ff_corner
   Scenario: func_ff
  ---------------------------------------------------------------------------
   Number of min_capacitance violation(s): 0

  Mode: func_mode
  Corner: ff_corner
  Scenario: func_ff

  ---------------------------------------------------------------------------
   Number of min_pulse_width violation(s): 0
  Mode: func_mode
  Corner: ss_corner
  Scenario: func_ss

  ---------------------------------------------------------------------------
   Number of min_pulse_width violation(s): 0
   Total number of violation(s): 0
1
