Cell Min-Routing-Layer = M1
Cell Max-Routing-Layer = MRDL
Turn off antenna since no rule is specified
Information: Option route.detail.force_end_on_preferred_grid will be ignored since none of the layers have preferred grid. (ZRT-703)
Warning: Port VDD of cell ahb_spi_legacy is unplaced.  This may impact routing result. (ZRT-740)
Warning: Port VSS of cell ahb_spi_legacy is unplaced.  This may impact routing result. (ZRT-740)
Warning: Ignore 2 top cell ports with no pins. (ZRT-027)
Info: number of net_type_blockage: 0 
Information: Via ladder engine would be activated for pattern must join connection in certain commands. Please refer to man-page for the command list. (ZRT-619)
Warning: Port  VDD at {{12.982,-0.047} {13.436,0.047}} is out of boundary. Cannot be routed. (ZRT-720)
Warning: Port  VSS at {{13.740,26.797} {14.380,27.047}} is out of boundary. Cannot be routed. (ZRT-720)
Warning: Port  VSS at {{20.604,26.953} {21.354,27.047}} is out of boundary. Cannot be routed. (ZRT-720)
Warning: Port  VDD at {{26.598,3.553} {27.348,3.647}} is out of boundary. Cannot be routed. (ZRT-720)
Warning: Port  VSS at {{26.598,4.153} {27.348,4.247}} is out of boundary. Cannot be routed. (ZRT-720)
Warning: Port  VDD at {{-0.042,16.753} {0.708,16.847}} is out of boundary. Cannot be routed. (ZRT-720)
Warning: Port  VSS at {{-0.042,17.353} {0.708,17.447}} is out of boundary. Cannot be routed. (ZRT-720)
Warning: Port  VDD at {{9.948,-0.047} {10.776,0.047}} is out of boundary. Cannot be routed. (ZRT-720)
Warning: Port  VDD at {{7.802,-0.047} {8.630,0.047}} is out of boundary. Cannot be routed. (ZRT-720)
Warning: Port  VDD at {{8.542,-0.047} {9.370,0.047}} is out of boundary. Cannot be routed. (ZRT-720)
Skipping 242 ectangle_only route guides because they don't cover the design boundary in the layer's  preferred direction.
Via on layer (VIA1) needs more than one tracks
Warning: Layer M1 default pitch 0.074 may be too small to handle up/down via. Note, that minimum requirements are "wire/via-down 0.074" & "wire/via-up 0.098". (ZRT-026)
Via on layer (VIA1) needs more than one tracks
Warning: Layer M2 default pitch 0.060 may be too small to handle up/down via. Note, that minimum requirements are "wire/via-down 0.098" & "wire/via-up 0.060". (ZRT-026)
Via on layer (VIA3) needs more than one tracks
Warning: Layer M3 default pitch 0.074 may be too small to handle up/down via. Note, that minimum requirements are "wire/via-down 0.060" & "wire/via-up 0.080". (ZRT-026)
Wire on layer (M4) needs more than one tracks
Via on layer (VIA3) needs more than one tracks
Via on layer (VIA4) needs more than one tracks
Warning: Layer M4 default pitch 0.074 may be too small to handle up/down via. Note, that minimum requirements are "wire/via-down 0.107" & "wire/via-up 0.105". (ZRT-026)
Via on layer (VIA4) needs more than one tracks
Warning: Layer M5 default pitch 0.120 may be too small to handle up/down via. Note, that minimum requirements are "wire/via-down 0.135" & "wire/via-up 0.107". (ZRT-026)
Via on layer (VIA8) needs more than one tracks
Warning: Layer M8 default pitch 0.120 may be too small to handle up/down via. Note, that minimum requirements are "wire/via-down 0.107" & "wire/via-up 0.135". (ZRT-026)
Wire on layer (M9) needs more than one tracks
Via on layer (VIA8) needs more than one tracks
Via on layer (VIARDL) needs more than one tracks
Warning: Layer M9 default pitch 0.120 may be too small to handle up/down via. Note, that minimum requirements are "wire/via-down 0.135" & "wire/via-up 1.570". (ZRT-026)
Via on layer (VIARDL) needs more than one tracks
Warning: Layer MRDL default pitch 0.600 may be too small to handle up/down via. Note, that minimum requirements are "wire/via-down 4.500" & "wire/via-up 0.600". (ZRT-026)
Transition layer name: M3(2)
Information: When applicable Min-max layer allow_pin_connection mode will allow paths of length 1.47 outside the layer range. (ZRT-707)
Information: When applicable Min-max layer allow_pin_connection mode will allow paths of length 1.47 outside the layer range on clock nets. (ZRT-718)
Information: When applicable layer based tapering will taper up to 0.00 in distance from the pin. (ZRT-706)
Warning: Standard cell pin SAEDRVT14_AO221_0P5/B1 has no valid via regions. (ZRT-044)
Warning: Standard cell pin SAEDRVT14_OAI22_0P5/A1 has no valid via regions. (ZRT-044)
Warning: Standard cell pin SAEDRVT14_OA21_1/A1 has no valid via regions. (ZRT-044)
Warning: Standard cell pin SAEDRVT14_AOLVLUBUF_IY2V1_8/VDDH has no valid via regions. (ZRT-044)
Warning: Standard cell pin SAEDRVT14_AOLVLUBUF_IY2V1_8/VDDL has no valid via regions. (ZRT-044)
Warning: Standard cell pin SAEDRVT14_AOLVLUBUF_IY2V1_1/VDDH has no valid via regions. (ZRT-044)
Warning: Standard cell pin SAEDRVT14_AOLVLUBUF_IY2V1_1/VDDL has no valid via regions. (ZRT-044)
Warning: Standard cell pin SAEDRVT14_AOLVLUBUF_IY2V1_12/VDDH has no valid via regions. (ZRT-044)
Warning: Standard cell pin SAEDRVT14_AOLVLUBUF_IY2V1_12/VDDL has no valid via regions. (ZRT-044)
Warning: Standard cell pin SAEDRVT14_AOLVLUBUF_IY2V1_6/VDDH has no valid via regions. (ZRT-044)
Warning: Standard cell pin SAEDRVT14_AOLVLUBUF_IY2V1_6/VDDL has no valid via regions. (ZRT-044)
Warning: Standard cell pin SAEDRVT14_AOLVLUBUF_IY2V1_4/VDDH has no valid via regions. (ZRT-044)
Warning: Standard cell pin SAEDRVT14_AOLVLUBUF_IY2V1_4/VDDL has no valid via regions. (ZRT-044)
Warning: Standard cell pin SAEDRVT14_AOLVLUBUF_IY2V1_3/VDDH has no valid via regions. (ZRT-044)
Warning: Standard cell pin SAEDRVT14_AOLVLUBUF_IY2V1_3/VDDL has no valid via regions. (ZRT-044)
Warning: Standard cell pin SAEDRVT14_AOLVLUBUF_IY2V1_2/VDDH has no valid via regions. (ZRT-044)
Warning: Standard cell pin SAEDRVT14_AOLVLUBUF_IY2V1_2/VDDL has no valid via regions. (ZRT-044)
Warning: Standard cell pin SAEDRVT14_AOLVLUBUF_IY2V1_10/VDDH has no valid via regions. (ZRT-044)
Warning: Standard cell pin SAEDRVT14_AOLVLUBUF_IY2V1_10/VDDL has no valid via regions. (ZRT-044)
Warning: Standard cell pin SAEDRVT14_NR2B_0P75/A has no valid via regions. (ZRT-044)
Warning: Standard cell pin SAEDRVT14_INV_PS_6/VDD has no valid via regions. (ZRT-044)
Warning: Standard cell pin SAEDRVT14_INV_PS_1/VDD has no valid via regions. (ZRT-044)
Warning: Standard cell pin SAEDRVT14_INV_PECO_8/VDD has no valid via regions. (ZRT-044)
Warning: Standard cell pin SAEDRVT14_INV_PECO_1/VDD has no valid via regions. (ZRT-044)
Warning: Standard cell pin SAEDRVT14_NR2_1P5/A1 has no valid via regions. (ZRT-044)
Warning: Standard cell pin SAEDRVT14_NR2_1P5/X has no valid via regions. (ZRT-044)
Warning: Standard cell pin SAEDRVT14_INV_PS_3/VDD has no valid via regions. (ZRT-044)
Warning: Standard cell pin SAEDRVT14_NR2B_U_0P5/A has no valid via regions. (ZRT-044)
Warning: Standard cell pin SAEDRVT14_INV_PECO_2/VDD has no valid via regions. (ZRT-044)
Warning: Standard cell pin SAEDRVT14_LVLUBUF_IY2V1_8/VDDH has no valid via regions. (ZRT-044)
Warning: Standard cell pin SAEDRVT14_LVLUBUF_IY2V1_8/VDDL has no valid via regions. (ZRT-044)
Warning: Standard cell pin SAEDRVT14_INV_PS_2/VDD has no valid via regions. (ZRT-044)
Warning: Standard cell pin SAEDRVT14_LVLUBUF_IY2V1_4/VDDH has no valid via regions. (ZRT-044)
Warning: Standard cell pin SAEDRVT14_LVLUBUF_IY2V1_4/VDDL has no valid via regions. (ZRT-044)
Warning: Standard cell pin SAEDRVT14_LVLUBUF_IY2V1_3/VDDH has no valid via regions. (ZRT-044)
Warning: Standard cell pin SAEDRVT14_LVLUBUF_IY2V1_3/VDDL has no valid via regions. (ZRT-044)
Warning: Standard cell pin SAEDRVT14_LVLUBUF_IY2V1_6/VDDH has no valid via regions. (ZRT-044)
Warning: Standard cell pin SAEDRVT14_LVLUBUF_IY2V1_6/VDDL has no valid via regions. (ZRT-044)
Warning: Standard cell pin SAEDRVT14_LVLUBUF_IY2V1_1/VDDH has no valid via regions. (ZRT-044)
Warning: Standard cell pin SAEDRVT14_LVLUBUF_IY2V1_1/VDDL has no valid via regions. (ZRT-044)
Warning: Standard cell pin SAEDRVT14_LVLUBUF_IY2V1_12/VDDH has no valid via regions. (ZRT-044)
Warning: Standard cell pin SAEDRVT14_LVLUBUF_IY2V1_12/VDDL has no valid via regions. (ZRT-044)
Warning: Standard cell pin SAEDRVT14_INV_PECO_4/VDD has no valid via regions. (ZRT-044)
Warning: Standard cell pin SAEDRVT14_LVLUBUF_IY2_8/VDDH has no valid via regions. (ZRT-044)
Warning: Standard cell pin SAEDRVT14_LVLUBUF_IY2_8/VDDL has no valid via regions. (ZRT-044)
Warning: Standard cell pin SAEDRVT14_LVLUBUF_IY2_6/VDDH has no valid via regions. (ZRT-044)
Warning: Standard cell pin SAEDRVT14_LVLUBUF_IY2_6/VDDL has no valid via regions. (ZRT-044)
Warning: Standard cell pin SAEDRVT14_LVLUBUF_IY2V1_10/VDDH has no valid via regions. (ZRT-044)
Warning: Standard cell pin SAEDRVT14_LVLUBUF_IY2V1_10/VDDL has no valid via regions. (ZRT-044)
Warning: Standard cell pin SAEDRVT14_LVLUBUF_IY2_3/VDDH has no valid via regions. (ZRT-044)
Warning: Standard cell pin SAEDRVT14_LVLUBUF_IY2_3/VDDL has no valid via regions. (ZRT-044)
Warning: Standard cell pin SAEDRVT14_INV_PECO_12/VDD has no valid via regions. (ZRT-044)
Warning: Standard cell pin SAEDRVT14_LVLUBUF_IY2_4/VDDH has no valid via regions. (ZRT-044)
Warning: Standard cell pin SAEDRVT14_LVLUBUF_IY2_4/VDDL has no valid via regions. (ZRT-044)
Warning: Standard cell pin SAEDRVT14_LVLUBUF_IY2_12/VDDH has no valid via regions. (ZRT-044)
Warning: Standard cell pin SAEDRVT14_LVLUBUF_IY2_12/VDDL has no valid via regions. (ZRT-044)
Warning: Standard cell pin SAEDRVT14_LVLUBUF_IY2_10/VDDH has no valid via regions. (ZRT-044)
Warning: Standard cell pin SAEDRVT14_LVLUBUF_IY2_10/VDDL has no valid via regions. (ZRT-044)
Warning: Standard cell pin SAEDRVT14_LVLUBUF_IY2_1/VDDH has no valid via regions. (ZRT-044)
Warning: Standard cell pin SAEDRVT14_LVLUBUF_IY2_1/VDDL has no valid via regions. (ZRT-044)
Warning: Standard cell pin SAEDRVT14_LVLDBUF_IY2V1_6/VDDH has no valid via regions. (ZRT-044)
Warning: Standard cell pin SAEDRVT14_LVLDBUF_IY2V1_6/VDDL has no valid via regions. (ZRT-044)
Warning: Standard cell pin SAEDRVT14_LVLDBUF_IY2V1_4/VDDH has no valid via regions. (ZRT-044)
Warning: Standard cell pin SAEDRVT14_LVLDBUF_IY2V1_4/VDDL has no valid via regions. (ZRT-044)
Warning: Standard cell pin SAEDRVT14_LVLDBUF_IY2V1_8/VDDH has no valid via regions. (ZRT-044)
Warning: Standard cell pin SAEDRVT14_LVLDBUF_IY2V1_8/VDDL has no valid via regions. (ZRT-044)
Warning: Standard cell pin SAEDRVT14_LVLUBUF_IY2_2/VDDH has no valid via regions. (ZRT-044)
Warning: Standard cell pin SAEDRVT14_LVLUBUF_IY2_2/VDDL has no valid via regions. (ZRT-044)
Warning: Standard cell pin SAEDRVT14_LVLDBUF_IY2V1_1/VDDH has no valid via regions. (ZRT-044)
Warning: Standard cell pin SAEDRVT14_LVLDBUF_IY2V1_1/VDDL has no valid via regions. (ZRT-044)
Warning: Standard cell pin SAEDRVT14_LVLDBUF_IY2V1_3/VDDH has no valid via regions. (ZRT-044)
Warning: Standard cell pin SAEDRVT14_LVLDBUF_IY2V1_3/VDDL has no valid via regions. (ZRT-044)
Warning: Standard cell pin SAEDRVT14_LVLDBUF_IY2V1_10/VDDH has no valid via regions. (ZRT-044)
Warning: Standard cell pin SAEDRVT14_LVLDBUF_IY2V1_10/VDDL has no valid via regions. (ZRT-044)
Warning: Standard cell pin SAEDRVT14_DEL_PR2V2_1/VDD has no valid via regions. (ZRT-044)
Warning: Standard cell pin SAEDRVT14_LVLDBUF_IY2V1_12/VDDH has no valid via regions. (ZRT-044)
Warning: Standard cell pin SAEDRVT14_LVLDBUF_IY2V1_12/VDDL has no valid via regions. (ZRT-044)
Warning: Standard cell pin SAEDRVT14_BUF_PS_3/VDD has no valid via regions. (ZRT-044)
Warning: Standard cell pin SAEDRVT14_BUF_PS_1P5/VDD has no valid via regions. (ZRT-044)
Warning: Standard cell pin SAEDRVT14_BUF_PS_6/VDD has no valid via regions. (ZRT-044)
Warning: Standard cell pin SAEDRVT14_BUF_PECO_8/VDD has no valid via regions. (ZRT-044)
Warning: Standard cell pin SAEDRVT14_BUF_PECO_4/VDD has no valid via regions. (ZRT-044)
Warning: Standard cell pin SAEDRVT14_LVLDBUF_IY2V1_2/VDDH has no valid via regions. (ZRT-044)
Warning: Standard cell pin SAEDRVT14_LVLDBUF_IY2V1_2/VDDL has no valid via regions. (ZRT-044)
Warning: Standard cell pin SAEDRVT14_BUF_PECO_1/VDD has no valid via regions. (ZRT-044)
Warning: Standard cell pin SAEDRVT14_BUF_PECO_12/VDD has no valid via regions. (ZRT-044)
Warning: Standard cell pin SAEDRVT14_BUF_PECO_2/VDD has no valid via regions. (ZRT-044)
Warning: Standard cell pin SAEDRVT14_AOBUF_IW_3/VDD has no valid via regions. (ZRT-044)
Warning: Standard cell pin SAEDRVT14_BUF_PS_0P75/VDD has no valid via regions. (ZRT-044)
Warning: Standard cell pin SAEDRVT14_AOBUF_IW_6/VDD has no valid via regions. (ZRT-044)
Warning: Standard cell pin SAEDRVT14_AOBUF_IW_0P75/VDD has no valid via regions. (ZRT-044)
Warning: Standard cell pin SAEDRVT14_AOBUF_IW_1P5/VDD has no valid via regions. (ZRT-044)
Warning: Standard cell pin SAEDRVT14_LVLUBUF_IY2V1_2/VDDH has no valid via regions. (ZRT-044)
Warning: Standard cell pin SAEDRVT14_LVLUBUF_IY2V1_2/VDDL has no valid via regions. (ZRT-044)
Warning: Standard cell pin SAEDRVT14_ND2B_U_0P5/A has no valid via regions. (ZRT-044)
Warning: Standard cell pin SAEDRVT14_EO2_V1_0P75/A1 has no valid via regions. (ZRT-044)
Warning: Standard cell pin SAEDRVT14_ND2_0P5/A1 has no valid via regions. (ZRT-044)
Warning: Standard cell pin SAEDRVT14_BUF_ECO_1/A has no valid via regions. (ZRT-044)
Warning: Standard cell pin SAEDRVT14_BUF_S_1P5/X has no valid via regions. (ZRT-044)
Warning: Standard cell pin SAEDRVT14_BUF_S_4/A has no valid via regions. (ZRT-044)


Start checking for open nets ... 

Total number of nets = 663, of which 0 are not extracted
Total number of open nets = 0, of which 0 are frozen

Check 663 nets, 0 have Errors

[CHECK OPEN NETS] Elapsed real time: 0:00:00 
[CHECK OPEN NETS] Elapsed cpu  time: sys=0:00:00 usr=0:00:00 total=0:00:00
[CHECK OPEN NETS] Stage (MB): Used    0  Alloctr    0  Proc    0 
[CHECK OPEN NETS] Total (MB): Used   31  Alloctr   32  Proc 5363 
Printing options for 'route.common.*'
common.eco_route_fix_existing_drc                       :	 true                

Printing options for 'route.detail.*'
detail.eco_route_use_soft_spacing_for_timing_optimization:	 true                

Printing options for 'route.auto_via_ladder.*'


Begin full DRC check ...

Information: Using 1 threads for routing. (ZRT-444)
Checked	1/4 Partitions, Violations =	0
Checked	2/4 Partitions, Violations =	58
Checked	3/4 Partitions, Violations =	82
Checked	4/4 Partitions, Violations =	973
[DRC CHECK] Elapsed real time: 0:00:00 
[DRC CHECK] Elapsed cpu  time: sys=0:00:00 usr=0:00:00 total=0:00:00
[DRC CHECK] Stage (MB): Used    0  Alloctr    0  Proc    0 
[DRC CHECK] Total (MB): Used  126  Alloctr  127  Proc 5363 
Warning: No antenna rules defined, Skip antenna analysis. (ZRT-309)
Information: Merged away 436 aligned/redundant DRCs. (ZRT-305)

DRC-SUMMARY:
	@@@@@@@ TOTAL VIOLATIONS =	537
	Diff net spacing : 168
	Less than minimum area : 1
	Off-grid : 278
	Same net spacing : 12
	Same net via-cut spacing : 7
	Short : 71

Information: The app option "route.detail.report_soft_drc_separately" will be on-by-default in future release. (ZRT-807)
	@@@@@@@ TOTAL SOFT VIOLATIONS =	0


Total Wire Length =                    4506 micron
Total Number of Contacts =             3797
Total Number of Wires =                5930
Total Number of PtConns =              748
Total Number of Routed Wires =       5630
Total Routed Wire Length =           4091 micron
Total Number of Routed Contacts =       3797
	Layer                 M1 :        142 micron
	Layer                 M2 :       1776 micron
	Layer                 M3 :       1899 micron
	Layer                 M4 :        228 micron
	Layer                 M5 :         46 micron
	Layer                 M6 :          0 micron
	Layer                 M7 :          0 micron
	Layer                 M8 :          0 micron
	Layer                 M9 :          0 micron
	Layer               MRDL :          0 micron
	Via              VIA45SQ :          8
	Via       VIA34SQ_C(rot) :         96
	Via              VIA34SQ :          4
	Via     VIA3_34SQ_C(rot) :          6
	Via            VIA3_34SQ :          3
	Via            VIA23SQ_C :       1181
	Via              VIA23SQ :          1
	Via         VIA23SQ(rot) :          1
	Via          VIA2_33SQ_C :        655
	Via          VIA23_3SQ_C :        183
	Via        VIA2_33_3SQ_C :        181
	Via            VIA12SQ_C :         48
	Via       VIA12SQ_C(rot) :        654
	Via          VIA12BAR1_C :         12
	Via     VIA12BAR1_C(rot) :         78
	Via              VIA12SQ :         24
	Via         VIA12SQ(rot) :          2
	Via     VIA1_32SQ_C(rot) :        471
	Via     VIA12_3SQ_C(rot) :         77
	Via   VIA1_32_3SQ_C(rot) :        112

 
Redundant via conversion report:
--------------------------------

  Total optimized via conversion rate =  0.00% (0 / 3797 vias)
 
    Layer VIA1       =  0.00% (0      / 1478    vias)
        Un-optimized =  0.00% (0       vias)
        Un-mapped    = 100.00% (1478    vias)
    Layer VIA2       =  0.00% (0      / 2202    vias)
        Un-optimized =  0.00% (0       vias)
        Un-mapped    = 100.00% (2202    vias)
    Layer VIA3       =  0.00% (0      / 109     vias)
        Un-optimized =  0.00% (0       vias)
        Un-mapped    = 100.00% (109     vias)
    Layer VIA4       =  0.00% (0      / 8       vias)
        Un-optimized =  0.00% (0       vias)
        Un-mapped    = 100.00% (8       vias)
 
  Total double via conversion rate    =  0.00% (0 / 3797 vias)
 
    Layer VIA1       =  0.00% (0      / 1478    vias)
    Layer VIA2       =  0.00% (0      / 2202    vias)
    Layer VIA3       =  0.00% (0      / 109     vias)
    Layer VIA4       =  0.00% (0      / 8       vias)
 
  The optimized via conversion rate based on total routed via count =  0.00% (0 / 3797 vias)
 
    Layer VIA1       =  0.00% (0      / 1478    vias)
        Un-optimized =  0.00% (0       vias)
        Un-mapped    = 100.00% (1478    vias)
    Layer VIA2       =  0.00% (0      / 2202    vias)
        Un-optimized =  0.00% (0       vias)
        Un-mapped    = 100.00% (2202    vias)
    Layer VIA3       =  0.00% (0      / 109     vias)
        Un-optimized =  0.00% (0       vias)
        Un-mapped    = 100.00% (109     vias)
    Layer VIA4       =  0.00% (0      / 8       vias)
        Un-optimized =  0.00% (0       vias)
        Un-mapped    = 100.00% (8       vias)
 


Verify Summary:

Total number of nets = 663, of which 0 are not extracted
Total number of open nets = 0, of which 0 are frozen
Total number of excluded ports = 0 ports of 0 unplaced cells connected to 0 nets
                                 0 ports without pins of 0 cells connected to 0 nets
                                 0 ports of 0 cover cells connected to 0 non-pg nets

Total number of DRCs = 537
Total number of antenna violations = no antenna rules defined
Total number of tie to rail violations = not checked
Total number of tie to rail directly violations = not checked


