Information: Updating design information... (UID-85)
 
****************************************
Report : qor
Design : ahb_wrapper
Version: V-2023.12-SP2
Date   : Thu May 28 17:59:18 2026
****************************************


  Timing Path Group 'HCLK'
  -----------------------------------
  Levels of Logic:               2.00
  Critical Path Length:          0.21
  Critical Path Slack:           1.29
  Critical Path Clk Period:     20.00
  Total Negative Slack:          0.00
  No. of Violating Paths:        0.00
  Worst Hold Violation:         -0.07
  Total Hold Violation:         -9.55
  No. of Hold Violations:      181.00
  -----------------------------------


  Cell Count
  -----------------------------------
  Hierarchical Cell Count:          1
  Hierarchical Port Count:        114
  Leaf Cell Count:                709
  Buf/Inv Cell Count:             103
  Buf Cell Count:                   2
  Inv Cell Count:                 101
  CT Buf/Inv Cell Count:            0
  Combinational Cell Count:       527
  Sequential Cell Count:          182
  Macro Count:                      0
  -----------------------------------


  Area
  -----------------------------------
  Combinational Area:      160.062000
  Noncombinational Area:   193.983607
  Buf/Inv Area:             18.470400
  Total Buffer Area:             0.53
  Total Inverter Area:          17.94
  Macro/Black Box Area:      0.000000
  Net Area:                697.732816
  -----------------------------------
  Cell Area:               354.045606
  Design Area:            1051.778423


  Design Rules
  -----------------------------------
  Total Number of Nets:           783
  Nets With Violations:             1
  Max Trans Violations:             0
  Max Cap Violations:               0
  Max Fanout Violations:            1
  -----------------------------------


  Hostname: vecad-svr1

  Compile CPU Statistics
  -----------------------------------------
  Resource Sharing:                    0.16
  Logic Optimization:                  0.39
  Mapping Optimization:                1.56
  -----------------------------------------
  Overall Compile Time:               13.87
  Overall Compile Wall Clock Time:    14.47

  --------------------------------------------------------------------

  Design  WNS: 0.00  TNS: 0.00  Number of Violating Paths: 0


  Design (Hold)  WNS: 0.07  TNS: 9.55  Number of Violating Paths: 181

  --------------------------------------------------------------------


1
