 
****************************************
Report : constraint
        -all_violators
Design : ahb_wrapper
Version: V-2023.12-SP2
Date   : Thu May 28 17:59:18 2026
****************************************


   min_delay/hold ('HCLK' group)

                             Required        Actual
   Endpoint                 Path Delay     Path Delay        Slack
   -----------------------------------------------------------------
   u_core/sreg_reg[1]/D         0.14           0.07 f        -0.07  (VIOLATED)
   u_core/sreg_reg[16]/D        0.14           0.07 f        -0.07  (VIOLATED)
   ahb_rdata_reg_reg[8]/D       0.14           0.07 f        -0.07  (VIOLATED)
   ahb_rdata_reg_reg[23]/D      0.14           0.07 f        -0.07  (VIOLATED)
   u_core/sreg_reg[31]/D        0.14           0.08 f        -0.06  (VIOLATED)
   a_reg_reg[17]/D              0.14           0.08 f        -0.06  (VIOLATED)
   u_core/cnt_reg[0]/D          0.13           0.07 f        -0.06  (VIOLATED)
   a_reg_reg[2]/D               0.14           0.08 f        -0.06  (VIOLATED)
   ahb_wdata_reg_reg[11]/D      0.14           0.08 f        -0.06  (VIOLATED)
   ahb_rdata_reg_reg[0]/D       0.13           0.07 f        -0.06  (VIOLATED)
   ahb_rdata_reg_reg[1]/D       0.13           0.07 f        -0.06  (VIOLATED)
   ahb_rdata_reg_reg[2]/D       0.13           0.07 f        -0.06  (VIOLATED)
   ahb_rdata_reg_reg[3]/D       0.13           0.07 f        -0.06  (VIOLATED)
   ahb_rdata_reg_reg[4]/D       0.13           0.07 f        -0.06  (VIOLATED)
   ahb_rdata_reg_reg[5]/D       0.13           0.07 f        -0.06  (VIOLATED)
   ahb_rdata_reg_reg[6]/D       0.13           0.07 f        -0.06  (VIOLATED)
   ahb_rdata_reg_reg[7]/D       0.13           0.07 f        -0.06  (VIOLATED)
   ahb_rdata_reg_reg[9]/D       0.13           0.07 f        -0.06  (VIOLATED)
   ahb_rdata_reg_reg[10]/D      0.13           0.07 f        -0.06  (VIOLATED)
   ahb_rdata_reg_reg[11]/D      0.13           0.07 f        -0.06  (VIOLATED)
   ahb_rdata_reg_reg[12]/D      0.13           0.07 f        -0.06  (VIOLATED)
   ahb_rdata_reg_reg[13]/D      0.13           0.07 f        -0.06  (VIOLATED)
   ahb_rdata_reg_reg[14]/D      0.13           0.07 f        -0.06  (VIOLATED)
   ahb_rdata_reg_reg[15]/D      0.13           0.07 f        -0.06  (VIOLATED)
   ahb_rdata_reg_reg[16]/D      0.13           0.07 f        -0.06  (VIOLATED)
   ahb_rdata_reg_reg[17]/D      0.13           0.07 f        -0.06  (VIOLATED)
   ahb_rdata_reg_reg[18]/D      0.13           0.07 f        -0.06  (VIOLATED)
   ahb_rdata_reg_reg[19]/D      0.13           0.07 f        -0.06  (VIOLATED)
   ahb_rdata_reg_reg[20]/D      0.13           0.07 f        -0.06  (VIOLATED)
   ahb_rdata_reg_reg[21]/D      0.13           0.07 f        -0.06  (VIOLATED)
   ahb_rdata_reg_reg[22]/D      0.13           0.07 f        -0.06  (VIOLATED)
   ahb_rdata_reg_reg[24]/D      0.13           0.07 f        -0.06  (VIOLATED)
   ahb_rdata_reg_reg[25]/D      0.13           0.07 f        -0.06  (VIOLATED)
   ahb_rdata_reg_reg[26]/D      0.13           0.07 f        -0.06  (VIOLATED)
   ahb_rdata_reg_reg[27]/D      0.13           0.07 f        -0.06  (VIOLATED)
   ahb_rdata_reg_reg[28]/D      0.13           0.07 f        -0.06  (VIOLATED)
   ahb_rdata_reg_reg[29]/D      0.13           0.07 f        -0.06  (VIOLATED)
   ahb_rdata_reg_reg[30]/D      0.13           0.07 f        -0.06  (VIOLATED)
   ahb_rdata_reg_reg[31]/D      0.13           0.07 f        -0.06  (VIOLATED)
   u_core/sreg_reg[28]/D        0.13           0.07 f        -0.06  (VIOLATED)
   u_core/sreg_reg[3]/D         0.13           0.07 f        -0.06  (VIOLATED)
   ahb_wdata_reg_reg[26]/D      0.14           0.08 f        -0.06  (VIOLATED)
   u_core/sreg_reg[0]/D         0.13           0.07 f        -0.06  (VIOLATED)
   a_reg_reg[26]/D              0.13           0.07 f        -0.06  (VIOLATED)
   a_reg_reg[4]/D               0.13           0.07 f        -0.05  (VIOLATED)
   a_reg_reg[5]/D               0.13           0.07 f        -0.05  (VIOLATED)
   a_reg_reg[6]/D               0.13           0.07 f        -0.05  (VIOLATED)
   a_reg_reg[7]/D               0.13           0.07 f        -0.05  (VIOLATED)
   a_reg_reg[8]/D               0.13           0.07 f        -0.05  (VIOLATED)
   a_reg_reg[9]/D               0.13           0.07 f        -0.05  (VIOLATED)
   a_reg_reg[10]/D              0.13           0.07 f        -0.05  (VIOLATED)
   a_reg_reg[11]/D              0.13           0.07 f        -0.05  (VIOLATED)
   a_reg_reg[12]/D              0.13           0.07 f        -0.05  (VIOLATED)
   a_reg_reg[13]/D              0.13           0.07 f        -0.05  (VIOLATED)
   a_reg_reg[14]/D              0.13           0.07 f        -0.05  (VIOLATED)
   a_reg_reg[15]/D              0.13           0.07 f        -0.05  (VIOLATED)
   a_reg_reg[16]/D              0.13           0.07 f        -0.05  (VIOLATED)
   a_reg_reg[18]/D              0.13           0.07 f        -0.05  (VIOLATED)
   a_reg_reg[19]/D              0.13           0.07 f        -0.05  (VIOLATED)
   a_reg_reg[20]/D              0.13           0.07 f        -0.05  (VIOLATED)
   a_reg_reg[21]/D              0.13           0.07 f        -0.05  (VIOLATED)
   a_reg_reg[22]/D              0.13           0.07 f        -0.05  (VIOLATED)
   a_reg_reg[23]/D              0.13           0.07 f        -0.05  (VIOLATED)
   a_reg_reg[1]/D               0.13           0.07 f        -0.05  (VIOLATED)
   a_reg_reg[3]/D               0.13           0.07 f        -0.05  (VIOLATED)
   a_reg_reg[28]/D              0.13           0.07 f        -0.05  (VIOLATED)
   u_core/sreg_reg[21]/D        0.13           0.07 f        -0.05  (VIOLATED)
   u_core/sreg_reg[23]/D        0.13           0.07 f        -0.05  (VIOLATED)
   u_core/sreg_reg[4]/D         0.13           0.07 f        -0.05  (VIOLATED)
   u_core/sreg_reg[5]/D         0.13           0.07 f        -0.05  (VIOLATED)
   u_core/sreg_reg[6]/D         0.13           0.07 f        -0.05  (VIOLATED)
   u_core/sreg_reg[7]/D         0.13           0.07 f        -0.05  (VIOLATED)
   u_core/sreg_reg[8]/D         0.13           0.07 f        -0.05  (VIOLATED)
   u_core/sreg_reg[9]/D         0.13           0.07 f        -0.05  (VIOLATED)
   u_core/sreg_reg[10]/D        0.13           0.07 f        -0.05  (VIOLATED)
   u_core/sreg_reg[11]/D        0.13           0.07 f        -0.05  (VIOLATED)
   u_core/sreg_reg[12]/D        0.13           0.07 f        -0.05  (VIOLATED)
   u_core/sreg_reg[13]/D        0.13           0.07 f        -0.05  (VIOLATED)
   u_core/sreg_reg[14]/D        0.13           0.07 f        -0.05  (VIOLATED)
   u_core/sreg_reg[15]/D        0.13           0.07 f        -0.05  (VIOLATED)
   u_core/sreg_reg[18]/D        0.13           0.07 f        -0.05  (VIOLATED)
   u_core/sreg_reg[19]/D        0.13           0.07 f        -0.05  (VIOLATED)
   u_core/sreg_reg[20]/D        0.13           0.07 f        -0.05  (VIOLATED)
   u_core/sreg_reg[22]/D        0.13           0.07 f        -0.05  (VIOLATED)
   u_core/rx_reg_reg[1]/D       0.13           0.07 f        -0.05  (VIOLATED)
   u_core/rx_reg_reg[2]/D       0.13           0.07 f        -0.05  (VIOLATED)
   u_core/rx_reg_reg[3]/D       0.13           0.07 f        -0.05  (VIOLATED)
   a_reg_reg[25]/D              0.13           0.07 f        -0.05  (VIOLATED)
   a_reg_reg[29]/D              0.13           0.07 f        -0.05  (VIOLATED)
   ahb_wdata_reg_reg[30]/D      0.13           0.07 f        -0.05  (VIOLATED)
   ahb_wdata_reg_reg[29]/D      0.13           0.07 f        -0.05  (VIOLATED)
   a_reg_reg[24]/D              0.13           0.07 f        -0.05  (VIOLATED)
   a_reg_reg[27]/D              0.13           0.07 f        -0.05  (VIOLATED)
   a_reg_reg[30]/D              0.13           0.07 f        -0.05  (VIOLATED)
   a_reg_reg[31]/D              0.13           0.07 f        -0.05  (VIOLATED)
   a_reg_reg[0]/D               0.13           0.07 f        -0.05  (VIOLATED)
   ahb_wdata_reg_reg[31]/D      0.13           0.07 f        -0.05  (VIOLATED)
   ahb_wdata_reg_reg[4]/D       0.13           0.07 f        -0.05  (VIOLATED)
   ahb_wdata_reg_reg[8]/D       0.13           0.07 f        -0.05  (VIOLATED)
   ahb_wdata_reg_reg[12]/D      0.13           0.07 f        -0.05  (VIOLATED)
   ahb_wdata_reg_reg[16]/D      0.13           0.07 f        -0.05  (VIOLATED)
   ahb_wdata_reg_reg[20]/D      0.13           0.07 f        -0.05  (VIOLATED)
   ahb_wdata_reg_reg[28]/D      0.13           0.07 f        -0.05  (VIOLATED)
   ahb_wdata_reg_reg[3]/D       0.13           0.07 f        -0.05  (VIOLATED)
   ahb_wdata_reg_reg[7]/D       0.13           0.07 f        -0.05  (VIOLATED)
   ahb_wdata_reg_reg[15]/D      0.13           0.07 f        -0.05  (VIOLATED)
   ahb_wdata_reg_reg[19]/D      0.13           0.07 f        -0.05  (VIOLATED)
   ahb_wdata_reg_reg[23]/D      0.13           0.07 f        -0.05  (VIOLATED)
   ahb_wdata_reg_reg[1]/D       0.13           0.07 f        -0.05  (VIOLATED)
   ahb_wdata_reg_reg[5]/D       0.13           0.07 f        -0.05  (VIOLATED)
   ahb_wdata_reg_reg[9]/D       0.13           0.07 f        -0.05  (VIOLATED)
   ahb_wdata_reg_reg[13]/D      0.13           0.07 f        -0.05  (VIOLATED)
   ahb_wdata_reg_reg[17]/D      0.13           0.07 f        -0.05  (VIOLATED)
   ahb_wdata_reg_reg[21]/D      0.13           0.07 f        -0.05  (VIOLATED)
   ahb_wdata_reg_reg[27]/D      0.13           0.08 f        -0.05  (VIOLATED)
   ahb_wdata_reg_reg[2]/D       0.13           0.08 f        -0.05  (VIOLATED)
   ahb_wdata_reg_reg[6]/D       0.13           0.08 f        -0.05  (VIOLATED)
   ahb_wdata_reg_reg[10]/D      0.13           0.08 f        -0.05  (VIOLATED)
   ahb_wdata_reg_reg[14]/D      0.13           0.08 f        -0.05  (VIOLATED)
   ahb_wdata_reg_reg[18]/D      0.13           0.08 f        -0.05  (VIOLATED)
   ahb_wdata_reg_reg[22]/D      0.13           0.08 f        -0.05  (VIOLATED)
   ahb_wdata_reg_reg[25]/D      0.13           0.08 f        -0.05  (VIOLATED)
   u_core/rx_reg_reg[28]/D      0.13           0.08 f        -0.05  (VIOLATED)
   u_core/rx_reg_reg[29]/D      0.13           0.08 f        -0.05  (VIOLATED)
   u_core/rx_reg_reg[30]/D      0.13           0.08 f        -0.05  (VIOLATED)
   u_core/rx_reg_reg[31]/D      0.13           0.08 f        -0.05  (VIOLATED)
   ahb_wdata_reg_reg[24]/D      0.13           0.08 f        -0.05  (VIOLATED)
   u_core/rx_reg_reg[10]/D      0.13           0.08 f        -0.05  (VIOLATED)
   u_core/rx_reg_reg[12]/D      0.13           0.08 f        -0.05  (VIOLATED)
   ahb_wdata_reg_reg[0]/D       0.13           0.08 f        -0.05  (VIOLATED)
   u_core/rx_reg_reg[0]/D       0.13           0.08 f        -0.05  (VIOLATED)
   u_core/cmd_latched_reg[1]/D
                                0.13           0.08 f        -0.05  (VIOLATED)
   u_core/cmd_latched_reg[0]/D
                                0.13           0.08 f        -0.05  (VIOLATED)
   u_core/rx_reg_reg[4]/D       0.13           0.08 f        -0.05  (VIOLATED)
   u_core/rx_reg_reg[5]/D       0.13           0.08 f        -0.05  (VIOLATED)
   u_core/rx_reg_reg[6]/D       0.13           0.08 f        -0.05  (VIOLATED)
   u_core/rx_reg_reg[7]/D       0.13           0.08 f        -0.05  (VIOLATED)
   u_core/rx_reg_reg[8]/D       0.13           0.08 f        -0.05  (VIOLATED)
   u_core/rx_reg_reg[9]/D       0.13           0.08 f        -0.05  (VIOLATED)
   u_core/rx_reg_reg[11]/D      0.13           0.08 f        -0.05  (VIOLATED)
   u_core/rx_reg_reg[13]/D      0.13           0.08 f        -0.05  (VIOLATED)
   u_core/rx_reg_reg[14]/D      0.13           0.08 f        -0.05  (VIOLATED)
   u_core/rx_reg_reg[15]/D      0.13           0.08 f        -0.05  (VIOLATED)
   u_core/rx_reg_reg[16]/D      0.13           0.08 f        -0.05  (VIOLATED)
   u_core/rx_reg_reg[17]/D      0.13           0.08 f        -0.05  (VIOLATED)
   u_core/rx_reg_reg[18]/D      0.13           0.08 f        -0.05  (VIOLATED)
   u_core/rx_reg_reg[19]/D      0.13           0.08 f        -0.05  (VIOLATED)
   u_core/rx_reg_reg[20]/D      0.13           0.08 f        -0.05  (VIOLATED)
   u_core/rx_reg_reg[21]/D      0.13           0.08 f        -0.05  (VIOLATED)
   u_core/rx_reg_reg[22]/D      0.13           0.08 f        -0.05  (VIOLATED)
   u_core/rx_reg_reg[23]/D      0.13           0.08 f        -0.05  (VIOLATED)
   u_core/rx_reg_reg[24]/D      0.13           0.08 f        -0.05  (VIOLATED)
   u_core/rx_reg_reg[25]/D      0.13           0.08 f        -0.05  (VIOLATED)
   u_core/rx_reg_reg[26]/D      0.13           0.08 f        -0.05  (VIOLATED)
   u_core/rx_reg_reg[27]/D      0.13           0.08 f        -0.05  (VIOLATED)
   u_core/cnt_reg[5]/D          0.13           0.08 f        -0.05  (VIOLATED)
   u_core/cmd_latched_reg[4]/D
                                0.13           0.08 f        -0.05  (VIOLATED)
   u_core/cmd_latched_reg[3]/D
                                0.13           0.08 f        -0.05  (VIOLATED)
   u_core/cnt_reg[4]/D          0.13           0.08 f        -0.05  (VIOLATED)
   u_core/cnt_reg[1]/D          0.13           0.08 f        -0.05  (VIOLATED)
   u_core/sreg_reg[2]/D         0.13           0.08 f        -0.05  (VIOLATED)
   u_core/cmd_latched_reg[2]/D
                                0.13           0.08 f        -0.05  (VIOLATED)
   u_core/sreg_reg[26]/D        0.13           0.08 f        -0.05  (VIOLATED)
   u_core/sreg_reg[24]/D        0.13           0.08 f        -0.05  (VIOLATED)
   u_core/sreg_reg[27]/D        0.13           0.08 f        -0.05  (VIOLATED)
   u_core/sreg_reg[30]/D        0.13           0.08 f        -0.05  (VIOLATED)
   fsm_done_q_reg/D             0.13           0.08 f        -0.05  (VIOLATED)
   u_core/sreg_reg[17]/D        0.13           0.08 f        -0.05  (VIOLATED)
   w_reg_reg/D                  0.13           0.09 f        -0.04  (VIOLATED)
   u_core/sreg_reg[25]/D        0.13           0.09 f        -0.04  (VIOLATED)
   u_core/cnt_reg[2]/D          0.14           0.10 f        -0.04  (VIOLATED)
   u_core/cnt_reg[3]/D          0.13           0.09 f        -0.04  (VIOLATED)
   u_core/cmd_latched_reg[5]/D
                                0.13           0.09 f        -0.04  (VIOLATED)
   u_core/xip_active_reg/D      0.13           0.09 f        -0.04  (VIOLATED)
   u_core/state_reg[3]/D        0.13           0.09 f        -0.04  (VIOLATED)
   u_core/qspi_cs_n_reg/D       0.13           0.09 f        -0.04  (VIOLATED)
   u_core/sreg_reg[29]/D        0.13           0.10 f        -0.03  (VIOLATED)
   u_core/state_reg[1]/D        0.13           0.10 f        -0.03  (VIOLATED)
   pending_reg/D                0.13           0.10 f        -0.03  (VIOLATED)
   u_core/state_reg[0]/D        0.13           0.11 f        -0.02  (VIOLATED)
   u_core/state_reg[2]/D        0.13           0.12 f        -0.01  (VIOLATED)


   max_fanout

                             Required        Actual
   Net                        Fanout         Fanout          Slack
   -----------------------------------------------------------------
   HRESETn (dont_touch)        32.00         182.00        -150.00  (VIOLATED)

   -----------------------------------------------------------------
   Total                      1                -150.00  

   max_area

                             Required        Actual
   Design                      Area           Area           Slack
   -----------------------------------------------------------------
   ahb_wrapper                  0.00        1051.78       -1051.78  (VIOLATED)


1
