 
****************************************
Report : timing
        -path full
        -delay min
        -max_paths 20
Design : ahb_wrapper
Version: V-2023.12-SP2
Date   : Thu May 28 16:59:46 2026
****************************************

Operating Conditions: tt0p8v25c   Library: saed14rvt_tt0p8v25c
Wire Load Model Mode: top

  Startpoint: a_reg_reg[1]
              (rising edge-triggered flip-flop clocked by HCLK)
  Endpoint: u_core/sreg_reg[1]
            (rising edge-triggered flip-flop clocked by HCLK)
  Path Group: HCLK
  Path Type: min

  Des/Clust/Port     Wire Load Model       Library
  ------------------------------------------------
  ahb_wrapper        8000                  saed14rvt_tt0p8v25c

  Point                                                   Incr       Path
  --------------------------------------------------------------------------
  clock HCLK (rise edge)                                  0.00       0.00
  clock network delay (ideal)                             0.00       0.00
  a_reg_reg[1]/CK (SAEDRVT14_FDPRBQ_V2_0P5)               0.00       0.00 r
  a_reg_reg[1]/Q (SAEDRVT14_FDPRBQ_V2_0P5)                0.05       0.05 f
  u_core/addr_in[1] (qspi_fsm)                            0.00       0.05 f
  u_core/U390/X (SAEDRVT14_AO21B_0P5)                     0.02       0.07 f
  u_core/sreg_reg[1]/D (SAEDRVT14_FDPRBQ_V2LP_0P5)        0.01       0.07 f
  data arrival time                                                  0.07

  clock HCLK (rise edge)                                  0.00       0.00
  clock network delay (ideal)                             0.00       0.00
  clock uncertainty                                       0.10       0.10
  u_core/sreg_reg[1]/CK (SAEDRVT14_FDPRBQ_V2LP_0P5)       0.00       0.10 r
  library hold time                                       0.04       0.14
  data required time                                                 0.14
  --------------------------------------------------------------------------
  data required time                                                 0.14
  data arrival time                                                 -0.07
  --------------------------------------------------------------------------
  slack (VIOLATED)                                                  -0.07


  Startpoint: a_reg_reg[16]
              (rising edge-triggered flip-flop clocked by HCLK)
  Endpoint: u_core/sreg_reg[16]
            (rising edge-triggered flip-flop clocked by HCLK)
  Path Group: HCLK
  Path Type: min

  Des/Clust/Port     Wire Load Model       Library
  ------------------------------------------------
  ahb_wrapper        8000                  saed14rvt_tt0p8v25c

  Point                                                   Incr       Path
  --------------------------------------------------------------------------
  clock HCLK (rise edge)                                  0.00       0.00
  clock network delay (ideal)                             0.00       0.00
  a_reg_reg[16]/CK (SAEDRVT14_FDPRBQ_V2_0P5)              0.00       0.00 r
  a_reg_reg[16]/Q (SAEDRVT14_FDPRBQ_V2_0P5)               0.05       0.05 f
  u_core/addr_in[16] (qspi_fsm)                           0.00       0.05 f
  u_core/U298/X (SAEDRVT14_AO21_U_0P5)                    0.02       0.07 f
  u_core/sreg_reg[16]/D (SAEDRVT14_FDPRBQ_V2LP_0P5)       0.01       0.07 f
  data arrival time                                                  0.07

  clock HCLK (rise edge)                                  0.00       0.00
  clock network delay (ideal)                             0.00       0.00
  clock uncertainty                                       0.10       0.10
  u_core/sreg_reg[16]/CK (SAEDRVT14_FDPRBQ_V2LP_0P5)      0.00       0.10 r
  library hold time                                       0.04       0.14
  data required time                                                 0.14
  --------------------------------------------------------------------------
  data required time                                                 0.14
  data arrival time                                                 -0.07
  --------------------------------------------------------------------------
  slack (VIOLATED)                                                  -0.07


  Startpoint: u_core/rx_reg_reg[23]
              (rising edge-triggered flip-flop clocked by HCLK)
  Endpoint: ahb_rdata_reg_reg[23]
            (rising edge-triggered flip-flop clocked by HCLK)
  Path Group: HCLK
  Path Type: min

  Des/Clust/Port     Wire Load Model       Library
  ------------------------------------------------
  ahb_wrapper        8000                  saed14rvt_tt0p8v25c

  Point                                                   Incr       Path
  --------------------------------------------------------------------------
  clock HCLK (rise edge)                                  0.00       0.00
  clock network delay (ideal)                             0.00       0.00
  u_core/rx_reg_reg[23]/CK (SAEDRVT14_FDPRBQ_V2_0P5)      0.00       0.00 r
  u_core/rx_reg_reg[23]/Q (SAEDRVT14_FDPRBQ_V2_0P5)       0.05       0.05 f
  u_core/rx_data[23] (qspi_fsm)                           0.00       0.05 f
  U221/X (SAEDRVT14_MUX2_U_0P5)                           0.02       0.07 f
  ahb_rdata_reg_reg[23]/D (SAEDRVT14_FDPRBQ_V2LP_0P5)     0.01       0.07 f
  data arrival time                                                  0.07

  clock HCLK (rise edge)                                  0.00       0.00
  clock network delay (ideal)                             0.00       0.00
  clock uncertainty                                       0.10       0.10
  ahb_rdata_reg_reg[23]/CK (SAEDRVT14_FDPRBQ_V2LP_0P5)
                                                          0.00       0.10 r
  library hold time                                       0.04       0.14
  data required time                                                 0.14
  --------------------------------------------------------------------------
  data required time                                                 0.14
  data arrival time                                                 -0.07
  --------------------------------------------------------------------------
  slack (VIOLATED)                                                  -0.07


  Startpoint: u_core/rx_reg_reg[8]
              (rising edge-triggered flip-flop clocked by HCLK)
  Endpoint: ahb_rdata_reg_reg[8]
            (rising edge-triggered flip-flop clocked by HCLK)
  Path Group: HCLK
  Path Type: min

  Des/Clust/Port     Wire Load Model       Library
  ------------------------------------------------
  ahb_wrapper        8000                  saed14rvt_tt0p8v25c

  Point                                                   Incr       Path
  --------------------------------------------------------------------------
  clock HCLK (rise edge)                                  0.00       0.00
  clock network delay (ideal)                             0.00       0.00
  u_core/rx_reg_reg[8]/CK (SAEDRVT14_FDPRBQ_V2_0P5)       0.00       0.00 r
  u_core/rx_reg_reg[8]/Q (SAEDRVT14_FDPRBQ_V2_0P5)        0.05       0.05 f
  u_core/rx_data[8] (qspi_fsm)                            0.00       0.05 f
  U236/X (SAEDRVT14_MUX2_U_0P5)                           0.02       0.07 f
  ahb_rdata_reg_reg[8]/D (SAEDRVT14_FDPRBQ_V2LP_0P5)      0.01       0.07 f
  data arrival time                                                  0.07

  clock HCLK (rise edge)                                  0.00       0.00
  clock network delay (ideal)                             0.00       0.00
  clock uncertainty                                       0.10       0.10
  ahb_rdata_reg_reg[8]/CK (SAEDRVT14_FDPRBQ_V2LP_0P5)     0.00       0.10 r
  library hold time                                       0.04       0.14
  data required time                                                 0.14
  --------------------------------------------------------------------------
  data required time                                                 0.14
  data arrival time                                                 -0.07
  --------------------------------------------------------------------------
  slack (VIOLATED)                                                  -0.07


  Startpoint: a_reg_reg[31]
              (rising edge-triggered flip-flop clocked by HCLK)
  Endpoint: u_core/sreg_reg[31]
            (rising edge-triggered flip-flop clocked by HCLK)
  Path Group: HCLK
  Path Type: min

  Des/Clust/Port     Wire Load Model       Library
  ------------------------------------------------
  ahb_wrapper        8000                  saed14rvt_tt0p8v25c

  Point                                                   Incr       Path
  --------------------------------------------------------------------------
  clock HCLK (rise edge)                                  0.00       0.00
  clock network delay (ideal)                             0.00       0.00
  a_reg_reg[31]/CK (SAEDRVT14_FDPRBQ_V2_0P5)              0.00       0.00 r
  a_reg_reg[31]/Q (SAEDRVT14_FDPRBQ_V2_0P5)               0.05       0.05 f
  u_core/addr_in[31] (qspi_fsm)                           0.00       0.05 f
  u_core/U348/X (SAEDRVT14_AOI21_0P75)                    0.02       0.07 r
  u_core/U349/X (SAEDRVT14_OAI21_0P5)                     0.01       0.08 f
  u_core/sreg_reg[31]/D (SAEDRVT14_FDPRBQ_V2LP_0P5)       0.01       0.08 f
  data arrival time                                                  0.08

  clock HCLK (rise edge)                                  0.00       0.00
  clock network delay (ideal)                             0.00       0.00
  clock uncertainty                                       0.10       0.10
  u_core/sreg_reg[31]/CK (SAEDRVT14_FDPRBQ_V2LP_0P5)      0.00       0.10 r
  library hold time                                       0.04       0.14
  data required time                                                 0.14
  --------------------------------------------------------------------------
  data required time                                                 0.14
  data arrival time                                                 -0.08
  --------------------------------------------------------------------------
  slack (VIOLATED)                                                  -0.06


  Startpoint: a_reg_reg[17]
              (rising edge-triggered flip-flop clocked by HCLK)
  Endpoint: a_reg_reg[17]
            (rising edge-triggered flip-flop clocked by HCLK)
  Path Group: HCLK
  Path Type: min

  Des/Clust/Port     Wire Load Model       Library
  ------------------------------------------------
  ahb_wrapper        8000                  saed14rvt_tt0p8v25c

  Point                                                   Incr       Path
  --------------------------------------------------------------------------
  clock HCLK (rise edge)                                  0.00       0.00
  clock network delay (ideal)                             0.00       0.00
  a_reg_reg[17]/CK (SAEDRVT14_FDPRBQ_V2LP_0P5)            0.00       0.00 r
  a_reg_reg[17]/Q (SAEDRVT14_FDPRBQ_V2LP_0P5)             0.06       0.06 f
  U194/X (SAEDRVT14_MUX2_U_0P5)                           0.02       0.08 f
  a_reg_reg[17]/D (SAEDRVT14_FDPRBQ_V2LP_0P5)             0.01       0.08 f
  data arrival time                                                  0.08

  clock HCLK (rise edge)                                  0.00       0.00
  clock network delay (ideal)                             0.00       0.00
  clock uncertainty                                       0.10       0.10
  a_reg_reg[17]/CK (SAEDRVT14_FDPRBQ_V2LP_0P5)            0.00       0.10 r
  library hold time                                       0.04       0.14
  data required time                                                 0.14
  --------------------------------------------------------------------------
  data required time                                                 0.14
  data arrival time                                                 -0.08
  --------------------------------------------------------------------------
  slack (VIOLATED)                                                  -0.06


  Startpoint: u_core/cnt_reg[0]
              (rising edge-triggered flip-flop clocked by HCLK)
  Endpoint: u_core/cnt_reg[0]
            (rising edge-triggered flip-flop clocked by HCLK)
  Path Group: HCLK
  Path Type: min

  Des/Clust/Port     Wire Load Model       Library
  ------------------------------------------------
  ahb_wrapper        8000                  saed14rvt_tt0p8v25c

  Point                                                   Incr       Path
  --------------------------------------------------------------------------
  clock HCLK (rise edge)                                  0.00       0.00
  clock network delay (ideal)                             0.00       0.00
  u_core/cnt_reg[0]/CK (SAEDRVT14_FDPRBQ_V2_0P5)          0.00       0.00 r
  u_core/cnt_reg[0]/Q (SAEDRVT14_FDPRBQ_V2_0P5)           0.05       0.05 r
  u_core/U169/X (SAEDRVT14_NR2_1)                         0.01       0.06 f
  u_core/cnt_reg[0]/D (SAEDRVT14_FDPRBQ_V2_0P5)           0.01       0.07 f
  data arrival time                                                  0.07

  clock HCLK (rise edge)                                  0.00       0.00
  clock network delay (ideal)                             0.00       0.00
  clock uncertainty                                       0.10       0.10
  u_core/cnt_reg[0]/CK (SAEDRVT14_FDPRBQ_V2_0P5)          0.00       0.10 r
  library hold time                                       0.03       0.13
  data required time                                                 0.13
  --------------------------------------------------------------------------
  data required time                                                 0.13
  data arrival time                                                 -0.07
  --------------------------------------------------------------------------
  slack (VIOLATED)                                                  -0.06


  Startpoint: a_reg_reg[2]
              (rising edge-triggered flip-flop clocked by HCLK)
  Endpoint: a_reg_reg[2]
            (rising edge-triggered flip-flop clocked by HCLK)
  Path Group: HCLK
  Path Type: min

  Des/Clust/Port     Wire Load Model       Library
  ------------------------------------------------
  ahb_wrapper        8000                  saed14rvt_tt0p8v25c

  Point                                                   Incr       Path
  --------------------------------------------------------------------------
  clock HCLK (rise edge)                                  0.00       0.00
  clock network delay (ideal)                             0.00       0.00
  a_reg_reg[2]/CK (SAEDRVT14_FDPRBQ_V2LP_0P5)             0.00       0.00 r
  a_reg_reg[2]/Q (SAEDRVT14_FDPRBQ_V2LP_0P5)              0.06       0.06 f
  U209/X (SAEDRVT14_MUX2_U_0P5)                           0.02       0.08 f
  a_reg_reg[2]/D (SAEDRVT14_FDPRBQ_V2LP_0P5)              0.01       0.08 f
  data arrival time                                                  0.08

  clock HCLK (rise edge)                                  0.00       0.00
  clock network delay (ideal)                             0.00       0.00
  clock uncertainty                                       0.10       0.10
  a_reg_reg[2]/CK (SAEDRVT14_FDPRBQ_V2LP_0P5)             0.00       0.10 r
  library hold time                                       0.04       0.14
  data required time                                                 0.14
  --------------------------------------------------------------------------
  data required time                                                 0.14
  data arrival time                                                 -0.08
  --------------------------------------------------------------------------
  slack (VIOLATED)                                                  -0.06


  Startpoint: ahb_wdata_reg_reg[11]
              (rising edge-triggered flip-flop clocked by HCLK)
  Endpoint: ahb_wdata_reg_reg[11]
            (rising edge-triggered flip-flop clocked by HCLK)
  Path Group: HCLK
  Path Type: min

  Des/Clust/Port     Wire Load Model       Library
  ------------------------------------------------
  ahb_wrapper        8000                  saed14rvt_tt0p8v25c

  Point                                                   Incr       Path
  --------------------------------------------------------------------------
  clock HCLK (rise edge)                                  0.00       0.00
  clock network delay (ideal)                             0.00       0.00
  ahb_wdata_reg_reg[11]/CK (SAEDRVT14_FDPRBQ_V2LP_0P5)
                                                          0.00       0.00 r
  ahb_wdata_reg_reg[11]/Q (SAEDRVT14_FDPRBQ_V2LP_0P5)     0.06       0.06 f
  U266/X (SAEDRVT14_MUX2_U_0P5)                           0.02       0.08 f
  ahb_wdata_reg_reg[11]/D (SAEDRVT14_FDPRBQ_V2LP_0P5)     0.01       0.08 f
  data arrival time                                                  0.08

  clock HCLK (rise edge)                                  0.00       0.00
  clock network delay (ideal)                             0.00       0.00
  clock uncertainty                                       0.10       0.10
  ahb_wdata_reg_reg[11]/CK (SAEDRVT14_FDPRBQ_V2LP_0P5)
                                                          0.00       0.10 r
  library hold time                                       0.04       0.14
  data required time                                                 0.14
  --------------------------------------------------------------------------
  data required time                                                 0.14
  data arrival time                                                 -0.08
  --------------------------------------------------------------------------
  slack (VIOLATED)                                                  -0.06


  Startpoint: ahb_rdata_reg_reg[0]
              (rising edge-triggered flip-flop clocked by HCLK)
  Endpoint: ahb_rdata_reg_reg[0]
            (rising edge-triggered flip-flop clocked by HCLK)
  Path Group: HCLK
  Path Type: min

  Des/Clust/Port     Wire Load Model       Library
  ------------------------------------------------
  ahb_wrapper        8000                  saed14rvt_tt0p8v25c

  Point                                                   Incr       Path
  --------------------------------------------------------------------------
  clock HCLK (rise edge)                                  0.00       0.00
  clock network delay (ideal)                             0.00       0.00
  ahb_rdata_reg_reg[0]/CK (SAEDRVT14_FDPRBQ_V2_0P5)       0.00       0.00 r
  ahb_rdata_reg_reg[0]/Q (SAEDRVT14_FDPRBQ_V2_0P5)        0.05       0.05 f
  U244/X (SAEDRVT14_MUX2_U_0P5)                           0.02       0.07 f
  ahb_rdata_reg_reg[0]/D (SAEDRVT14_FDPRBQ_V2_0P5)        0.01       0.07 f
  data arrival time                                                  0.07

  clock HCLK (rise edge)                                  0.00       0.00
  clock network delay (ideal)                             0.00       0.00
  clock uncertainty                                       0.10       0.10
  ahb_rdata_reg_reg[0]/CK (SAEDRVT14_FDPRBQ_V2_0P5)       0.00       0.10 r
  library hold time                                       0.03       0.13
  data required time                                                 0.13
  --------------------------------------------------------------------------
  data required time                                                 0.13
  data arrival time                                                 -0.07
  --------------------------------------------------------------------------
  slack (VIOLATED)                                                  -0.06


  Startpoint: ahb_rdata_reg_reg[3]
              (rising edge-triggered flip-flop clocked by HCLK)
  Endpoint: ahb_rdata_reg_reg[3]
            (rising edge-triggered flip-flop clocked by HCLK)
  Path Group: HCLK
  Path Type: min

  Des/Clust/Port     Wire Load Model       Library
  ------------------------------------------------
  ahb_wrapper        8000                  saed14rvt_tt0p8v25c

  Point                                                   Incr       Path
  --------------------------------------------------------------------------
  clock HCLK (rise edge)                                  0.00       0.00
  clock network delay (ideal)                             0.00       0.00
  ahb_rdata_reg_reg[3]/CK (SAEDRVT14_FDPRBQ_V2_0P5)       0.00       0.00 r
  ahb_rdata_reg_reg[3]/Q (SAEDRVT14_FDPRBQ_V2_0P5)        0.05       0.05 f
  U241/X (SAEDRVT14_MUX2_U_0P5)                           0.02       0.07 f
  ahb_rdata_reg_reg[3]/D (SAEDRVT14_FDPRBQ_V2_0P5)        0.01       0.07 f
  data arrival time                                                  0.07

  clock HCLK (rise edge)                                  0.00       0.00
  clock network delay (ideal)                             0.00       0.00
  clock uncertainty                                       0.10       0.10
  ahb_rdata_reg_reg[3]/CK (SAEDRVT14_FDPRBQ_V2_0P5)       0.00       0.10 r
  library hold time                                       0.03       0.13
  data required time                                                 0.13
  --------------------------------------------------------------------------
  data required time                                                 0.13
  data arrival time                                                 -0.07
  --------------------------------------------------------------------------
  slack (VIOLATED)                                                  -0.06


  Startpoint: ahb_rdata_reg_reg[2]
              (rising edge-triggered flip-flop clocked by HCLK)
  Endpoint: ahb_rdata_reg_reg[2]
            (rising edge-triggered flip-flop clocked by HCLK)
  Path Group: HCLK
  Path Type: min

  Des/Clust/Port     Wire Load Model       Library
  ------------------------------------------------
  ahb_wrapper        8000                  saed14rvt_tt0p8v25c

  Point                                                   Incr       Path
  --------------------------------------------------------------------------
  clock HCLK (rise edge)                                  0.00       0.00
  clock network delay (ideal)                             0.00       0.00
  ahb_rdata_reg_reg[2]/CK (SAEDRVT14_FDPRBQ_V2_0P5)       0.00       0.00 r
  ahb_rdata_reg_reg[2]/Q (SAEDRVT14_FDPRBQ_V2_0P5)        0.05       0.05 f
  U242/X (SAEDRVT14_MUX2_U_0P5)                           0.02       0.07 f
  ahb_rdata_reg_reg[2]/D (SAEDRVT14_FDPRBQ_V2_0P5)        0.01       0.07 f
  data arrival time                                                  0.07

  clock HCLK (rise edge)                                  0.00       0.00
  clock network delay (ideal)                             0.00       0.00
  clock uncertainty                                       0.10       0.10
  ahb_rdata_reg_reg[2]/CK (SAEDRVT14_FDPRBQ_V2_0P5)       0.00       0.10 r
  library hold time                                       0.03       0.13
  data required time                                                 0.13
  --------------------------------------------------------------------------
  data required time                                                 0.13
  data arrival time                                                 -0.07
  --------------------------------------------------------------------------
  slack (VIOLATED)                                                  -0.06


  Startpoint: ahb_rdata_reg_reg[1]
              (rising edge-triggered flip-flop clocked by HCLK)
  Endpoint: ahb_rdata_reg_reg[1]
            (rising edge-triggered flip-flop clocked by HCLK)
  Path Group: HCLK
  Path Type: min

  Des/Clust/Port     Wire Load Model       Library
  ------------------------------------------------
  ahb_wrapper        8000                  saed14rvt_tt0p8v25c

  Point                                                   Incr       Path
  --------------------------------------------------------------------------
  clock HCLK (rise edge)                                  0.00       0.00
  clock network delay (ideal)                             0.00       0.00
  ahb_rdata_reg_reg[1]/CK (SAEDRVT14_FDPRBQ_V2_0P5)       0.00       0.00 r
  ahb_rdata_reg_reg[1]/Q (SAEDRVT14_FDPRBQ_V2_0P5)        0.05       0.05 f
  U243/X (SAEDRVT14_MUX2_U_0P5)                           0.02       0.07 f
  ahb_rdata_reg_reg[1]/D (SAEDRVT14_FDPRBQ_V2_0P5)        0.01       0.07 f
  data arrival time                                                  0.07

  clock HCLK (rise edge)                                  0.00       0.00
  clock network delay (ideal)                             0.00       0.00
  clock uncertainty                                       0.10       0.10
  ahb_rdata_reg_reg[1]/CK (SAEDRVT14_FDPRBQ_V2_0P5)       0.00       0.10 r
  library hold time                                       0.03       0.13
  data required time                                                 0.13
  --------------------------------------------------------------------------
  data required time                                                 0.13
  data arrival time                                                 -0.07
  --------------------------------------------------------------------------
  slack (VIOLATED)                                                  -0.06


  Startpoint: ahb_rdata_reg_reg[11]
              (rising edge-triggered flip-flop clocked by HCLK)
  Endpoint: ahb_rdata_reg_reg[11]
            (rising edge-triggered flip-flop clocked by HCLK)
  Path Group: HCLK
  Path Type: min

  Des/Clust/Port     Wire Load Model       Library
  ------------------------------------------------
  ahb_wrapper        8000                  saed14rvt_tt0p8v25c

  Point                                                   Incr       Path
  --------------------------------------------------------------------------
  clock HCLK (rise edge)                                  0.00       0.00
  clock network delay (ideal)                             0.00       0.00
  ahb_rdata_reg_reg[11]/CK (SAEDRVT14_FDPRBQ_V2_0P5)      0.00       0.00 r
  ahb_rdata_reg_reg[11]/Q (SAEDRVT14_FDPRBQ_V2_0P5)       0.05       0.05 f
  U233/X (SAEDRVT14_MUX2_U_0P5)                           0.02       0.07 f
  ahb_rdata_reg_reg[11]/D (SAEDRVT14_FDPRBQ_V2_0P5)       0.01       0.07 f
  data arrival time                                                  0.07

  clock HCLK (rise edge)                                  0.00       0.00
  clock network delay (ideal)                             0.00       0.00
  clock uncertainty                                       0.10       0.10
  ahb_rdata_reg_reg[11]/CK (SAEDRVT14_FDPRBQ_V2_0P5)      0.00       0.10 r
  library hold time                                       0.03       0.13
  data required time                                                 0.13
  --------------------------------------------------------------------------
  data required time                                                 0.13
  data arrival time                                                 -0.07
  --------------------------------------------------------------------------
  slack (VIOLATED)                                                  -0.06


  Startpoint: ahb_rdata_reg_reg[10]
              (rising edge-triggered flip-flop clocked by HCLK)
  Endpoint: ahb_rdata_reg_reg[10]
            (rising edge-triggered flip-flop clocked by HCLK)
  Path Group: HCLK
  Path Type: min

  Des/Clust/Port     Wire Load Model       Library
  ------------------------------------------------
  ahb_wrapper        8000                  saed14rvt_tt0p8v25c

  Point                                                   Incr       Path
  --------------------------------------------------------------------------
  clock HCLK (rise edge)                                  0.00       0.00
  clock network delay (ideal)                             0.00       0.00
  ahb_rdata_reg_reg[10]/CK (SAEDRVT14_FDPRBQ_V2_0P5)      0.00       0.00 r
  ahb_rdata_reg_reg[10]/Q (SAEDRVT14_FDPRBQ_V2_0P5)       0.05       0.05 f
  U234/X (SAEDRVT14_MUX2_U_0P5)                           0.02       0.07 f
  ahb_rdata_reg_reg[10]/D (SAEDRVT14_FDPRBQ_V2_0P5)       0.01       0.07 f
  data arrival time                                                  0.07

  clock HCLK (rise edge)                                  0.00       0.00
  clock network delay (ideal)                             0.00       0.00
  clock uncertainty                                       0.10       0.10
  ahb_rdata_reg_reg[10]/CK (SAEDRVT14_FDPRBQ_V2_0P5)      0.00       0.10 r
  library hold time                                       0.03       0.13
  data required time                                                 0.13
  --------------------------------------------------------------------------
  data required time                                                 0.13
  data arrival time                                                 -0.07
  --------------------------------------------------------------------------
  slack (VIOLATED)                                                  -0.06


  Startpoint: ahb_rdata_reg_reg[9]
              (rising edge-triggered flip-flop clocked by HCLK)
  Endpoint: ahb_rdata_reg_reg[9]
            (rising edge-triggered flip-flop clocked by HCLK)
  Path Group: HCLK
  Path Type: min

  Des/Clust/Port     Wire Load Model       Library
  ------------------------------------------------
  ahb_wrapper        8000                  saed14rvt_tt0p8v25c

  Point                                                   Incr       Path
  --------------------------------------------------------------------------
  clock HCLK (rise edge)                                  0.00       0.00
  clock network delay (ideal)                             0.00       0.00
  ahb_rdata_reg_reg[9]/CK (SAEDRVT14_FDPRBQ_V2_0P5)       0.00       0.00 r
  ahb_rdata_reg_reg[9]/Q (SAEDRVT14_FDPRBQ_V2_0P5)        0.05       0.05 f
  U235/X (SAEDRVT14_MUX2_U_0P5)                           0.02       0.07 f
  ahb_rdata_reg_reg[9]/D (SAEDRVT14_FDPRBQ_V2_0P5)        0.01       0.07 f
  data arrival time                                                  0.07

  clock HCLK (rise edge)                                  0.00       0.00
  clock network delay (ideal)                             0.00       0.00
  clock uncertainty                                       0.10       0.10
  ahb_rdata_reg_reg[9]/CK (SAEDRVT14_FDPRBQ_V2_0P5)       0.00       0.10 r
  library hold time                                       0.03       0.13
  data required time                                                 0.13
  --------------------------------------------------------------------------
  data required time                                                 0.13
  data arrival time                                                 -0.07
  --------------------------------------------------------------------------
  slack (VIOLATED)                                                  -0.06


  Startpoint: ahb_rdata_reg_reg[7]
              (rising edge-triggered flip-flop clocked by HCLK)
  Endpoint: ahb_rdata_reg_reg[7]
            (rising edge-triggered flip-flop clocked by HCLK)
  Path Group: HCLK
  Path Type: min

  Des/Clust/Port     Wire Load Model       Library
  ------------------------------------------------
  ahb_wrapper        8000                  saed14rvt_tt0p8v25c

  Point                                                   Incr       Path
  --------------------------------------------------------------------------
  clock HCLK (rise edge)                                  0.00       0.00
  clock network delay (ideal)                             0.00       0.00
  ahb_rdata_reg_reg[7]/CK (SAEDRVT14_FDPRBQ_V2_0P5)       0.00       0.00 r
  ahb_rdata_reg_reg[7]/Q (SAEDRVT14_FDPRBQ_V2_0P5)        0.05       0.05 f
  U237/X (SAEDRVT14_MUX2_U_0P5)                           0.02       0.07 f
  ahb_rdata_reg_reg[7]/D (SAEDRVT14_FDPRBQ_V2_0P5)        0.01       0.07 f
  data arrival time                                                  0.07

  clock HCLK (rise edge)                                  0.00       0.00
  clock network delay (ideal)                             0.00       0.00
  clock uncertainty                                       0.10       0.10
  ahb_rdata_reg_reg[7]/CK (SAEDRVT14_FDPRBQ_V2_0P5)       0.00       0.10 r
  library hold time                                       0.03       0.13
  data required time                                                 0.13
  --------------------------------------------------------------------------
  data required time                                                 0.13
  data arrival time                                                 -0.07
  --------------------------------------------------------------------------
  slack (VIOLATED)                                                  -0.06


  Startpoint: ahb_rdata_reg_reg[6]
              (rising edge-triggered flip-flop clocked by HCLK)
  Endpoint: ahb_rdata_reg_reg[6]
            (rising edge-triggered flip-flop clocked by HCLK)
  Path Group: HCLK
  Path Type: min

  Des/Clust/Port     Wire Load Model       Library
  ------------------------------------------------
  ahb_wrapper        8000                  saed14rvt_tt0p8v25c

  Point                                                   Incr       Path
  --------------------------------------------------------------------------
  clock HCLK (rise edge)                                  0.00       0.00
  clock network delay (ideal)                             0.00       0.00
  ahb_rdata_reg_reg[6]/CK (SAEDRVT14_FDPRBQ_V2_0P5)       0.00       0.00 r
  ahb_rdata_reg_reg[6]/Q (SAEDRVT14_FDPRBQ_V2_0P5)        0.05       0.05 f
  U238/X (SAEDRVT14_MUX2_U_0P5)                           0.02       0.07 f
  ahb_rdata_reg_reg[6]/D (SAEDRVT14_FDPRBQ_V2_0P5)        0.01       0.07 f
  data arrival time                                                  0.07

  clock HCLK (rise edge)                                  0.00       0.00
  clock network delay (ideal)                             0.00       0.00
  clock uncertainty                                       0.10       0.10
  ahb_rdata_reg_reg[6]/CK (SAEDRVT14_FDPRBQ_V2_0P5)       0.00       0.10 r
  library hold time                                       0.03       0.13
  data required time                                                 0.13
  --------------------------------------------------------------------------
  data required time                                                 0.13
  data arrival time                                                 -0.07
  --------------------------------------------------------------------------
  slack (VIOLATED)                                                  -0.06


  Startpoint: ahb_rdata_reg_reg[5]
              (rising edge-triggered flip-flop clocked by HCLK)
  Endpoint: ahb_rdata_reg_reg[5]
            (rising edge-triggered flip-flop clocked by HCLK)
  Path Group: HCLK
  Path Type: min

  Des/Clust/Port     Wire Load Model       Library
  ------------------------------------------------
  ahb_wrapper        8000                  saed14rvt_tt0p8v25c

  Point                                                   Incr       Path
  --------------------------------------------------------------------------
  clock HCLK (rise edge)                                  0.00       0.00
  clock network delay (ideal)                             0.00       0.00
  ahb_rdata_reg_reg[5]/CK (SAEDRVT14_FDPRBQ_V2_0P5)       0.00       0.00 r
  ahb_rdata_reg_reg[5]/Q (SAEDRVT14_FDPRBQ_V2_0P5)        0.05       0.05 f
  U239/X (SAEDRVT14_MUX2_U_0P5)                           0.02       0.07 f
  ahb_rdata_reg_reg[5]/D (SAEDRVT14_FDPRBQ_V2_0P5)        0.01       0.07 f
  data arrival time                                                  0.07

  clock HCLK (rise edge)                                  0.00       0.00
  clock network delay (ideal)                             0.00       0.00
  clock uncertainty                                       0.10       0.10
  ahb_rdata_reg_reg[5]/CK (SAEDRVT14_FDPRBQ_V2_0P5)       0.00       0.10 r
  library hold time                                       0.03       0.13
  data required time                                                 0.13
  --------------------------------------------------------------------------
  data required time                                                 0.13
  data arrival time                                                 -0.07
  --------------------------------------------------------------------------
  slack (VIOLATED)                                                  -0.06


  Startpoint: ahb_rdata_reg_reg[4]
              (rising edge-triggered flip-flop clocked by HCLK)
  Endpoint: ahb_rdata_reg_reg[4]
            (rising edge-triggered flip-flop clocked by HCLK)
  Path Group: HCLK
  Path Type: min

  Des/Clust/Port     Wire Load Model       Library
  ------------------------------------------------
  ahb_wrapper        8000                  saed14rvt_tt0p8v25c

  Point                                                   Incr       Path
  --------------------------------------------------------------------------
  clock HCLK (rise edge)                                  0.00       0.00
  clock network delay (ideal)                             0.00       0.00
  ahb_rdata_reg_reg[4]/CK (SAEDRVT14_FDPRBQ_V2_0P5)       0.00       0.00 r
  ahb_rdata_reg_reg[4]/Q (SAEDRVT14_FDPRBQ_V2_0P5)        0.05       0.05 f
  U240/X (SAEDRVT14_MUX2_U_0P5)                           0.02       0.07 f
  ahb_rdata_reg_reg[4]/D (SAEDRVT14_FDPRBQ_V2_0P5)        0.01       0.07 f
  data arrival time                                                  0.07

  clock HCLK (rise edge)                                  0.00       0.00
  clock network delay (ideal)                             0.00       0.00
  clock uncertainty                                       0.10       0.10
  ahb_rdata_reg_reg[4]/CK (SAEDRVT14_FDPRBQ_V2_0P5)       0.00       0.10 r
  library hold time                                       0.03       0.13
  data required time                                                 0.13
  --------------------------------------------------------------------------
  data required time                                                 0.13
  data arrival time                                                 -0.07
  --------------------------------------------------------------------------
  slack (VIOLATED)                                                  -0.06


1
