Information: Propagating switching activity (medium effort zero delay simulation). (PWR-6)
Warning: Design has unannotated primary inputs. (PWR-414)
Warning: Design has unannotated sequential cell outputs. (PWR-415)
 
****************************************
Report : power
        -analysis_effort medium
Design : ahb_wrapper
Version: V-2023.12-SP2
Date   : Thu May 28 16:59:46 2026
****************************************


Library(s) Used:

    saed14rvt_tt0p8v25c (File: /data/synopsys/lib/saed14nm/lib/stdcell_rvt/db_nldm/saed14rvt_tt0p8v25c.db)


Operating Conditions: tt0p8v25c   Library: saed14rvt_tt0p8v25c
Wire Load Model Mode: top

Design        Wire Load Model            Library
------------------------------------------------
ahb_wrapper            8000              saed14rvt_tt0p8v25c


Global Operating Voltage = 0.8  
Power-specific unit information :
    Voltage Units = 1V
    Capacitance Units = 1.000000ff
    Time Units = 1ns
    Dynamic Power Units = 1uW    (derived from V,C,T units)
    Leakage Power Units = 1pW


Attributes
----------
i - Including register clock pin internal power


  Cell Internal Power  =  12.3727 uW   (97%)
  Net Switching Power  = 323.7410 nW    (3%)
                         ---------
Total Dynamic Power    =  12.6965 uW  (100%)

Cell Leakage Power     = 109.6823 nW


                 Internal         Switching           Leakage            Total
Power Group      Power            Power               Power              Power   (   %    )  Attrs
--------------------------------------------------------------------------------------------------
io_pad             0.0000            0.0000            0.0000            0.0000  (   0.00%)
memory             0.0000            0.0000            0.0000            0.0000  (   0.00%)
black_box          0.0000            0.0000            0.0000            0.0000  (   0.00%)
clock_network     12.1625            0.1601           38.0386           12.3227  (  96.22%)  i
register           0.1528        3.4807e-02        6.3758e+04            0.2514  (   1.96%)
sequential         0.0000            0.0000            0.0000            0.0000  (   0.00%)
combinational  5.7408e-02            0.1288        4.5886e+04            0.2321  (   1.81%)
--------------------------------------------------------------------------------------------------
Total             12.3727 uW         0.3237 uW     1.0968e+05 pW        12.8062 uW
1
