 
****************************************
Report : reference
Design : ahb_wrapper
Version: V-2023.12-SP2
Date   : Thu May 28 17:59:18 2026
****************************************

Attributes:
    b - black box (unknown)
   bo - allows boundary optimization
    d - dont_touch
   mo - map_only
    h - hierarchical
    n - noncombinational
    r - removable
    s - synthetic operator
    u - contains unmapped logic

Reference          Library       Unit Area   Count    Total Area   Attributes
-----------------------------------------------------------------------------
SAEDRVT14_AN2_MM_0P5
                   saed14rvt_tt0p8v25c
                                  0.310800      32      9.945600  
SAEDRVT14_AN3_0P5  saed14rvt_tt0p8v25c
                                  0.355200       1      0.355200  
SAEDRVT14_BUF_U_0P5
                   saed14rvt_tt0p8v25c
                                  0.266400       2      0.532800  
SAEDRVT14_FDPRBQ_V2LP_0P5
                   saed14rvt_tt0p8v25c
                                  1.065600       6      6.393600  n
SAEDRVT14_FDPRBQ_V2_0P5
                   saed14rvt_tt0p8v25c
                                  1.065600      94    100.166404  n
SAEDRVT14_INV_0P5  saed14rvt_tt0p8v25c
                                  0.177600       1      0.177600  
SAEDRVT14_MUX2_U_0P5
                   saed14rvt_tt0p8v25c
                                  0.444000      97     43.068001  
SAEDRVT14_ND2B_U_0P5
                   saed14rvt_tt0p8v25c
                                  0.310800       2      0.621600  
SAEDRVT14_ND2_CDC_1
                   saed14rvt_tt0p8v25c
                                  0.222000       2      0.444000  
SAEDRVT14_TIE0_V1_2
                   saed14rvt_tt0p8v25c
                                  0.488400       1      0.488400  
qspi_fsm                        191.852403       1    191.852403  h, n
-----------------------------------------------------------------------------
Total 11 references                                   354.045606

****************************************
Design: qspi_fsm 
****************************************
Reference          Library       Unit Area   Count    Total Area   Attributes
-----------------------------------------------------------------------------
SAEDRVT14_AN2B_MM_1
                   saed14rvt_tt0p8v25c
                                  0.399600       1      0.399600  
SAEDRVT14_AN2_MM_0P5
                   saed14rvt_tt0p8v25c
                                  0.310800       3      0.932400  
SAEDRVT14_AN3_0P5  saed14rvt_tt0p8v25c
                                  0.355200       7      2.486400  
SAEDRVT14_AN4_0P5  saed14rvt_tt0p8v25c
                                  0.399600      15      5.994000  
SAEDRVT14_AO21B_0P5
                   saed14rvt_tt0p8v25c
                                  0.355200       6      2.131200  
SAEDRVT14_AO21_U_0P5
                   saed14rvt_tt0p8v25c
                                  0.355200      22      7.814400  
SAEDRVT14_AO32_U_0P5
                   saed14rvt_tt0p8v25c
                                  0.444000       3      1.332000  
SAEDRVT14_AO222_1  saed14rvt_tt0p8v25c
                                  0.754800       1      0.754800  
SAEDRVT14_AOI21_0P75
                   saed14rvt_tt0p8v25c
                                  0.266400      50     13.320000  
SAEDRVT14_FDPRBQ_V2LP_0P5
                   saed14rvt_tt0p8v25c
                                  1.065600       7      7.459200  n
SAEDRVT14_FDPRBQ_V2_0P5
                   saed14rvt_tt0p8v25c
                                  1.065600      74     78.854403  n
SAEDRVT14_FDPSBQ_0P5
                   saed14rvt_tt0p8v25c
                                  1.110000       1      1.110000  n
SAEDRVT14_INV_0P5  saed14rvt_tt0p8v25c
                                  0.177600      99     17.582400  
SAEDRVT14_INV_S_0P75
                   saed14rvt_tt0p8v25c
                                  0.177600       1      0.177600  
SAEDRVT14_MUX2_U_0P5
                   saed14rvt_tt0p8v25c
                                  0.444000       5      2.220000  
SAEDRVT14_MUXI2_U_0P5
                   saed14rvt_tt0p8v25c
                                  0.399600       1      0.399600  
SAEDRVT14_ND2B_U_0P5
                   saed14rvt_tt0p8v25c
                                  0.310800       1      0.310800  
SAEDRVT14_ND2_CDC_1
                   saed14rvt_tt0p8v25c
                                  0.222000      27      5.994000  
SAEDRVT14_NR2_1    saed14rvt_tt0p8v25c
                                  0.222000      21      4.662000  
SAEDRVT14_NR4_0P75 saed14rvt_tt0p8v25c
                                  0.488400       1      0.488400  
SAEDRVT14_OA21B_1  saed14rvt_tt0p8v25c
                                  0.355200       1      0.355200  
SAEDRVT14_OA31_1   saed14rvt_tt0p8v25c
                                  0.399600       1      0.399600  
SAEDRVT14_OA221_U_0P5
                   saed14rvt_tt0p8v25c
                                  0.488400       1      0.488400  
SAEDRVT14_OAI21_0P5
                   saed14rvt_tt0p8v25c
                                  0.266400      49     13.053600  
SAEDRVT14_OAI22_0P5
                   saed14rvt_tt0p8v25c
                                  0.310800      66     20.512799  
SAEDRVT14_OR3_0P5  saed14rvt_tt0p8v25c
                                  0.355200       4      1.420800  
SAEDRVT14_OR4_1    saed14rvt_tt0p8v25c
                                  0.399600       3      1.198800  
-----------------------------------------------------------------------------
Total 27 references                                   191.852403
1
