****************************************
Report : constraint
        -all_violators
Design : ahb_wrapper
Version: W-2024.09-SP3
Date   : Sun May 31 01:12:18 2026
****************************************

   late_timing
   -----------

Warning: Scenario func_ff is not configured for setup analysis: skipping. (UIC-058)
Endpoint                         Path Delay     Path Required       CRP    Slack Group    Scenario
----------------------------------------------------------------------------------------------------------
No paths.

   early_timing
   -----------

Warning: Scenario func_ss is not configured for hold analysis: skipping. (UIC-058)
Endpoint                         Path Delay     Path Required       CRP    Slack Group    Scenario
----------------------------------------------------------------------------------------------------------
u_core/sreg_reg_28_/D (SAEDRVT14_FDPRBQ_V2LP_0P5)
                                   0.53 f         0.54           0.00    -0.01   HCLK     func_ff
a_reg_reg_21_/D (SAEDRVT14_FDPRBQ_V2LP_0P5)
                                   0.54 f         0.54           0.00    -0.00   HCLK     func_ff
ahb_rdata_reg_reg_18_/D (SAEDRVT14_FDPRBQ_V2LP_0P5)
                                   0.54 f         0.54           0.00    -0.00   HCLK     func_ff
u_core/sreg_reg_16_/D (SAEDRVT14_FDPRBQ_V2LP_0P5)
                                   0.54 f         0.54           0.00    -0.00   HCLK     func_ff
a_reg_reg_29_/D (SAEDRVT14_FDPRBQ_V2LP_0P5)
                                   0.54 f         0.54           0.00    -0.00   HCLK     func_ff
ahb_rdata_reg_reg_14_/D (SAEDRVT14_FDPRBQ_V2LP_0P5)
                                   0.54 f         0.54           0.00    -0.00   HCLK     func_ff
u_core/xip_active_reg/D (SAEDRVT14_FDPRBQ_V2LP_0P5)
                                   0.54 f         0.54           0.00    -0.00   HCLK     func_ff
a_reg_reg_28_/D (SAEDRVT14_FDPRBQ_V2LP_0P5)
                                   0.54 f         0.54           0.00    -0.00   HCLK     func_ff
ahb_rdata_reg_reg_0_/D (SAEDRVT14_FDPRBQ_V2LP_0P5)
                                   0.54 f         0.54           0.00    -0.00   HCLK     func_ff
a_reg_reg_22_/D (SAEDRVT14_FDPRBQ_V2LP_0P5)
                                   0.54 f         0.54           0.00    -0.00   HCLK     func_ff
a_reg_reg_25_/D (SAEDRVT14_FDPRBQ_V2LP_0P5)
                                   0.54 f         0.54           0.00    -0.00   HCLK     func_ff

   Mode: func_mode Corner: ff_corner
   Scenario: func_ff
  ---------------------------------------------------------------------------
   Number of max_transition violation(s): 0

   Mode: func_mode Corner: ss_corner
   Scenario: func_ss
  ---------------------------------------------------------------------------
   Number of max_transition violation(s): 0

   Mode: func_mode Corner: ff_corner
   Scenario: func_ff
  ---------------------------------------------------------------------------
   Number of max_capacitance violation(s): 0

   Mode: func_mode Corner: ss_corner
   Scenario: func_ss
  ---------------------------------------------------------------------------
   Number of max_capacitance violation(s): 0


   Mode: func_mode Corner: ff_corner
   Scenario: func_ff
  ---------------------------------------------------------------------------
   Number of min_capacitance violation(s): 0

  Mode: func_mode
  Corner: ff_corner
  Scenario: func_ff

  ---------------------------------------------------------------------------
   Number of min_pulse_width violation(s): 0
  Mode: func_mode
  Corner: ss_corner
  Scenario: func_ss

  ---------------------------------------------------------------------------
   Number of min_pulse_width violation(s): 0
   Total number of violation(s): 0
1
