****************************************
Report : timing
        -path_type full
        -delay_type min
        -max_paths 20
        -report_by design
Design : ahb_wrapper
Version: W-2024.09-SP3
Date   : Thu May 28 16:41:31 2026
****************************************

  Startpoint: u_core/state_reg_2_ (rising edge-triggered flip-flop clocked by HCLK)
  Endpoint: u_core/U11 (rising clock gating-check end-point clocked by HCLK)
  Mode: func_mode
  Corner: ff_corner
  Scenario: func_ff
  Path Group: HCLK
  Path Type: min

  Point                                            Incr      Path  
  ------------------------------------------------------------------------
  clock HCLK (rise edge)                           0.00      0.00
  clock network delay (propagated)                 0.47      0.47

  u_core/state_reg_2_/CK (SAEDRVT14_FDPRBQ_V2_0P5)
                                                   0.00      0.47 r
  u_core/state_reg_2_/Q (SAEDRVT14_FDPRBQ_V2_0P5)
                                                   0.03      0.50 f
  u_core/U4/X (SAEDRVT14_AOI21_0P75)               0.01      0.51 r
  u_core/U11/A2 (SAEDRVT14_OA21B_1)                0.00      0.51 r
  data arrival time                                          0.51

  clock HCLK (rise edge)                           0.00      0.00
  clock network delay (propagated)                 0.47      0.47
  u_core/U11/B (SAEDRVT14_OA21B_1)                 0.00      0.47 r
  clock uncertainty                                0.10      0.57
  library hold time                                0.00      0.57
  data required time                                         0.57
  ------------------------------------------------------------------------
  data required time                                         0.57
  data arrival time                                         -0.51
  ------------------------------------------------------------------------
  slack (VIOLATED)                                          -0.06



  Startpoint: u_core/state_reg_2_ (rising edge-triggered flip-flop clocked by HCLK)
  Endpoint: u_core/U11 (rising clock gating-check end-point clocked by HCLK)
  Mode: func_mode
  Corner: ff_corner
  Scenario: func_ff
  Path Group: HCLK
  Path Type: min

  Point                                            Incr      Path  
  ------------------------------------------------------------------------
  clock HCLK (rise edge)                           0.00      0.00
  clock network delay (propagated)                 0.47      0.47

  u_core/state_reg_2_/CK (SAEDRVT14_FDPRBQ_V2_0P5)
                                                   0.00      0.47 r
  u_core/state_reg_2_/Q (SAEDRVT14_FDPRBQ_V2_0P5)
                                                   0.03      0.50 f
  u_core/U9/X (SAEDRVT14_ND2_CDC_1)                0.01      0.51 r
  u_core/U10/X (SAEDRVT14_INV_0P5)                 0.01      0.52 f
  u_core/U11/A1 (SAEDRVT14_OA21B_1)                0.00      0.52 f
  data arrival time                                          0.52

  clock HCLK (rise edge)                           0.00      0.00
  clock network delay (propagated)                 0.47      0.47
  u_core/U11/B (SAEDRVT14_OA21B_1)                 0.00      0.47 r
  clock uncertainty                                0.10      0.57
  library hold time                                0.00      0.57
  data required time                                         0.57
  ------------------------------------------------------------------------
  data required time                                         0.57
  data arrival time                                         -0.52
  ------------------------------------------------------------------------
  slack (VIOLATED)                                          -0.06



  Startpoint: a_reg_reg_24_ (rising edge-triggered flip-flop clocked by HCLK)
  Endpoint: u_core/sreg_reg_24_ (rising edge-triggered flip-flop clocked by HCLK)
  Mode: func_mode
  Corner: ff_corner
  Scenario: func_ff
  Path Group: HCLK
  Path Type: min

  Point                                            Incr      Path  
  ------------------------------------------------------------------------
  clock HCLK (rise edge)                           0.00      0.00
  clock network delay (propagated)                 0.42      0.42

  a_reg_reg_24_/CK (SAEDRVT14_FDPRBQ_V2LP_0P5)     0.00      0.42 r
  a_reg_reg_24_/Q (SAEDRVT14_FDPRBQ_V2LP_0P5)      0.04      0.46 f
  copt_h_inst_3458/X (SAEDRVT14_DEL_R2V2_1)        0.02      0.48 f
  copt_gre_h_inst_3904/X (SAEDRVT14_DEL_R2V3_1)    0.03      0.51 f
  u_core/copt_h_inst_3456/X (SAEDRVT14_DEL_R2V2_1)
                                                   0.02      0.54 f
  u_core/U247/X (SAEDRVT14_AOI21_0P75)             0.01      0.55 r
  u_core/U249/X (SAEDRVT14_ND2_CDC_1)              0.01      0.56 f
  u_core/sreg_reg_24_/D (SAEDRVT14_FDPRBQ_V2LP_0P5)
                                                   0.00      0.56 f
  data arrival time                                          0.56

  clock HCLK (rise edge)                           0.00      0.00
  clock network delay (propagated)                 0.45      0.45
  u_core/sreg_reg_24_/CK (SAEDRVT14_FDPRBQ_V2LP_0P5)
                                                   0.00      0.45 r
  clock uncertainty                                0.10      0.55
  library hold time                                0.01      0.56
  data required time                                         0.56
  ------------------------------------------------------------------------
  data required time                                         0.56
  data arrival time                                         -0.56
  ------------------------------------------------------------------------
  slack (VIOLATED)                                          -0.01



  Startpoint: u_core/sreg_reg_24_ (rising edge-triggered flip-flop clocked by HCLK)
  Endpoint: u_core/sreg_reg_25_ (rising edge-triggered flip-flop clocked by HCLK)
  Mode: func_mode
  Corner: ff_corner
  Scenario: func_ff
  Path Group: HCLK
  Path Type: min

  Point                                            Incr      Path  
  ------------------------------------------------------------------------
  clock HCLK (rise edge)                           0.00      0.00
  clock network delay (propagated)                 0.45      0.45

  u_core/sreg_reg_24_/CK (SAEDRVT14_FDPRBQ_V2LP_0P5)
                                                   0.00      0.45 r
  u_core/sreg_reg_24_/Q (SAEDRVT14_FDPRBQ_V2LP_0P5)
                                                   0.03      0.48 f
  u_core/U215/X (SAEDRVT14_INV_S_0P5)              0.01      0.49 r
  u_core/copt_gre_h_inst_3934/X (SAEDRVT14_DEL_R2V2_1)
                                                   0.02      0.51 r
  u_core/U216/X (SAEDRVT14_OAI22_0P5)              0.01      0.53 f
  u_core/U217/X (SAEDRVT14_AOI21_0P5)              0.01      0.53 r
  u_core/U218/X (SAEDRVT14_OAI21_0P5)              0.01      0.54 f
  u_core/copt_gre_h_inst_3963/X (SAEDRVT14_DEL_R2V2_1)
                                                   0.02      0.56 f
  u_core/sreg_reg_25_/D (SAEDRVT14_FDPRBQ_V2LP_0P5)
                                                   0.00      0.56 f
  data arrival time                                          0.56

  clock HCLK (rise edge)                           0.00      0.00
  clock network delay (propagated)                 0.45      0.45
  u_core/sreg_reg_25_/CK (SAEDRVT14_FDPRBQ_V2LP_0P5)
                                                   0.00      0.45 r
  clock uncertainty                                0.10      0.55
  library hold time                                0.01      0.56
  data required time                                         0.56
  ------------------------------------------------------------------------
  data required time                                         0.56
  data arrival time                                         -0.56
  ------------------------------------------------------------------------
  slack (VIOLATED)                                          -0.00



  Startpoint: u_core/sreg_reg_11_ (rising edge-triggered flip-flop clocked by HCLK)
  Endpoint: u_core/sreg_reg_15_ (rising edge-triggered flip-flop clocked by HCLK)
  Mode: func_mode
  Corner: ff_corner
  Scenario: func_ff
  Path Group: HCLK
  Path Type: min

  Point                                            Incr      Path  
  ------------------------------------------------------------------------
  clock HCLK (rise edge)                           0.00      0.00
  clock network delay (propagated)                 0.45      0.45

  u_core/sreg_reg_11_/CK (SAEDRVT14_FDPRBQ_V2LP_0P5)
                                                   0.00      0.45 r
  u_core/sreg_reg_11_/Q (SAEDRVT14_FDPRBQ_V2LP_0P5)
                                                   0.03      0.48 f
  u_core/U152/X (SAEDRVT14_INV_S_0P5)              0.01      0.49 r
  u_core/copt_h_inst_3731/X (SAEDRVT14_DEL_R2V2_1)
                                                   0.02      0.51 r
  u_core/copt_h_inst_3793/X (SAEDRVT14_DEL_R2V2_1)
                                                   0.03      0.53 r
  u_core/U214/X (SAEDRVT14_OAI21_0P5)              0.01      0.55 f
  u_core/ropt_h_inst_4022/X (SAEDRVT14_DEL_R2V1_1)
                                                   0.01      0.56 f
  u_core/sreg_reg_15_/D (SAEDRVT14_FDPRBQ_V2LP_0P5)
                                                   0.00      0.56 f
  data arrival time                                          0.56

  clock HCLK (rise edge)                           0.00      0.00
  clock network delay (propagated)                 0.45      0.45
  u_core/sreg_reg_15_/CK (SAEDRVT14_FDPRBQ_V2LP_0P5)
                                                   0.00      0.45 r
  clock uncertainty                                0.10      0.55
  library hold time                                0.01      0.56
  data required time                                         0.56
  ------------------------------------------------------------------------
  data required time                                         0.56
  data arrival time                                         -0.56
  ------------------------------------------------------------------------
  slack (VIOLATED)                                          -0.00



  Startpoint: u_core/cnt_reg_1_ (rising edge-triggered flip-flop clocked by HCLK)
  Endpoint: u_core/state_reg_0_ (rising edge-triggered flip-flop clocked by HCLK)
  Mode: func_mode
  Corner: ff_corner
  Scenario: func_ff
  Path Group: HCLK
  Path Type: min

  Point                                            Incr      Path  
  ------------------------------------------------------------------------
  clock HCLK (rise edge)                           0.00      0.00
  clock network delay (propagated)                 0.42      0.42

  u_core/cnt_reg_1_/CK (SAEDRVT14_FDPRBQ_V2LP_0P5)
                                                   0.00      0.42 r
  u_core/cnt_reg_1_/Q (SAEDRVT14_FDPRBQ_V2LP_0P5)
                                                   0.05      0.46 f
  u_core/U15/X (SAEDRVT14_OR3_0P5)                 0.02      0.48 f
  u_core/U29/X (SAEDRVT14_AN3_0P5)                 0.01      0.50 f
  u_core/U40/X (SAEDRVT14_OR3_0P5)                 0.02      0.52 f
  u_core/copt_h_inst_3868/X (SAEDRVT14_DEL_R2V2_1)
                                                   0.03      0.54 f
  u_core/copt_gre_h_inst_3906/X (SAEDRVT14_DEL_R2V2_1)
                                                   0.02      0.57 f
  u_core/ropt_h_inst_3983/X (SAEDRVT14_BUF_U_0P5)
                                                   0.01      0.57 f
  u_core/state_reg_0_/D (SAEDRVT14_FDPRBQ_V2_0P5)
                                                   0.00      0.57 f
  data arrival time                                          0.57

  clock HCLK (rise edge)                           0.00      0.00
  clock network delay (propagated)                 0.47      0.47
  u_core/state_reg_0_/CK (SAEDRVT14_FDPRBQ_V2_0P5)
                                                   0.00      0.47 r
  clock uncertainty                                0.10      0.57
  library hold time                                0.00      0.58
  data required time                                         0.58
  ------------------------------------------------------------------------
  data required time                                         0.58
  data arrival time                                         -0.57
  ------------------------------------------------------------------------
  slack (VIOLATED)                                          -0.00



  Startpoint: u_core/cnt_reg_0_ (rising edge-triggered flip-flop clocked by HCLK)
  Endpoint: u_core/cnt_reg_1_ (rising edge-triggered flip-flop clocked by HCLK)
  Mode: func_mode
  Corner: ff_corner
  Scenario: func_ff
  Path Group: HCLK
  Path Type: min

  Point                                            Incr      Path  
  ------------------------------------------------------------------------
  clock HCLK (rise edge)                           0.00      0.00
  clock network delay (propagated)                 0.42      0.42

  u_core/cnt_reg_0_/CK (SAEDRVT14_FDPRBQ_V2LP_0P5)
                                                   0.00      0.42 r
  u_core/cnt_reg_0_/Q (SAEDRVT14_FDPRBQ_V2LP_0P5)
                                                   0.04      0.46 f
  u_core/U142/X (SAEDRVT14_OAI21_0P5)              0.01      0.47 r
  u_core/U143/X (SAEDRVT14_NR2_ISO_1)              0.01      0.48 f
  u_core/copt_h_inst_3761/X (SAEDRVT14_DEL_R2V2_1)
                                                   0.02      0.50 f
  u_core/copt_h_inst_3762/X (SAEDRVT14_DEL_R2V2_1)
                                                   0.02      0.52 f
  u_core/copt_gre_h_inst_3925/X (SAEDRVT14_DEL_R2V1_1)
                                                   0.01      0.53 f
  u_core/cnt_reg_1_/D (SAEDRVT14_FDPRBQ_V2LP_0P5)
                                                   0.00      0.53 f
  data arrival time                                          0.53

  clock HCLK (rise edge)                           0.00      0.00
  clock network delay (propagated)                 0.42      0.42
  u_core/cnt_reg_1_/CK (SAEDRVT14_FDPRBQ_V2LP_0P5)
                                                   0.00      0.42 r
  clock uncertainty                                0.10      0.52
  library hold time                                0.02      0.54
  data required time                                         0.54
  ------------------------------------------------------------------------
  data required time                                         0.54
  data arrival time                                         -0.53
  ------------------------------------------------------------------------
  slack (VIOLATED)                                          -0.00



  Startpoint: u_core/cnt_reg_1_ (rising edge-triggered flip-flop clocked by HCLK)
  Endpoint: u_core/state_reg_1_ (rising edge-triggered flip-flop clocked by HCLK)
  Mode: func_mode
  Corner: ff_corner
  Scenario: func_ff
  Path Group: HCLK
  Path Type: min

  Point                                            Incr      Path  
  ------------------------------------------------------------------------
  clock HCLK (rise edge)                           0.00      0.00
  clock network delay (propagated)                 0.42      0.42

  u_core/cnt_reg_1_/CK (SAEDRVT14_FDPRBQ_V2LP_0P5)
                                                   0.00      0.42 r
  u_core/cnt_reg_1_/Q (SAEDRVT14_FDPRBQ_V2LP_0P5)
                                                   0.05      0.46 f
  u_core/U15/X (SAEDRVT14_OR3_0P5)                 0.02      0.48 f
  u_core/U29/X (SAEDRVT14_AN3_0P5)                 0.01      0.50 f
  u_core/U30/X (SAEDRVT14_INV_S_0P5)               0.01      0.50 r
  u_core/U31/X (SAEDRVT14_OAI21_0P5)               0.01      0.51 f
  u_core/U32/X (SAEDRVT14_AOI21_0P75)              0.01      0.52 r
  u_core/U33/X (SAEDRVT14_OAI21_0P5)               0.01      0.53 f
  u_core/copt_h_inst_3889/X (SAEDRVT14_DEL_R2V2_1)
                                                   0.02      0.55 f
  u_core/copt_h_inst_3890/X (SAEDRVT14_DEL_R2V2_1)
                                                   0.02      0.57 f
  u_core/state_reg_1_/D (SAEDRVT14_FDPRBQ_V2_0P5)
                                                   0.00      0.57 f
  data arrival time                                          0.57

  clock HCLK (rise edge)                           0.00      0.00
  clock network delay (propagated)                 0.47      0.47
  u_core/state_reg_1_/CK (SAEDRVT14_FDPRBQ_V2_0P5)
                                                   0.00      0.47 r
  clock uncertainty                                0.10      0.57
  library hold time                                0.00      0.58
  data required time                                         0.58
  ------------------------------------------------------------------------
  data required time                                         0.58
  data arrival time                                         -0.57
  ------------------------------------------------------------------------
  slack (VIOLATED)                                          -0.00



  Startpoint: a_reg_reg_26_ (rising edge-triggered flip-flop clocked by HCLK)
  Endpoint: u_core/sreg_reg_26_ (rising edge-triggered flip-flop clocked by HCLK)
  Mode: func_mode
  Corner: ff_corner
  Scenario: func_ff
  Path Group: HCLK
  Path Type: min

  Point                                            Incr      Path  
  ------------------------------------------------------------------------
  clock HCLK (rise edge)                           0.00      0.00
  clock network delay (propagated)                 0.46      0.46

  a_reg_reg_26_/CK (SAEDRVT14_FDPRBQ_V2LP_0P5)     0.00      0.46 r
  a_reg_reg_26_/Q (SAEDRVT14_FDPRBQ_V2LP_0P5)      0.04      0.50 f
  u_core/copt_h_inst_3878/X (SAEDRVT14_DEL_R2V1_2)
                                                   0.02      0.52 f
  u_core/U70/X (SAEDRVT14_AOI21_0P75)              0.01      0.53 r
  u_core/U72/X (SAEDRVT14_OAI22_0P5)               0.01      0.54 f
  u_core/copt_gre_h_inst_3903/X (SAEDRVT14_DEL_R2V2_1)
                                                   0.02      0.56 f
  u_core/sreg_reg_26_/D (SAEDRVT14_FDPRBQ_V2LP_0P5)
                                                   0.00      0.56 f
  data arrival time                                          0.56

  clock HCLK (rise edge)                           0.00      0.00
  clock network delay (propagated)                 0.45      0.45
  u_core/sreg_reg_26_/CK (SAEDRVT14_FDPRBQ_V2LP_0P5)
                                                   0.00      0.45 r
  clock uncertainty                                0.10      0.55
  library hold time                                0.01      0.56
  data required time                                         0.56
  ------------------------------------------------------------------------
  data required time                                         0.56
  data arrival time                                         -0.56
  ------------------------------------------------------------------------
  slack (VIOLATED)                                          -0.00



  Startpoint: a_reg_reg_12_ (rising edge-triggered flip-flop clocked by HCLK)
  Endpoint: u_core/sreg_reg_12_ (rising edge-triggered flip-flop clocked by HCLK)
  Mode: func_mode
  Corner: ff_corner
  Scenario: func_ff
  Path Group: HCLK
  Path Type: min

  Point                                            Incr      Path  
  ------------------------------------------------------------------------
  clock HCLK (rise edge)                           0.00      0.00
  clock network delay (propagated)                 0.42      0.42

  a_reg_reg_12_/CK (SAEDRVT14_FDPRBQ_V2LP_0P5)     0.00      0.42 r
  a_reg_reg_12_/Q (SAEDRVT14_FDPRBQ_V2LP_0P5)      0.05      0.47 f
  u_core/copt_h_inst_3541/X (SAEDRVT14_DEL_R2V2_1)
                                                   0.03      0.50 f
  u_core/copt_h_inst_3811/X (SAEDRVT14_DEL_R2V2_1)
                                                   0.02      0.52 f
  u_core/copt_h_inst_3812/X (SAEDRVT14_DEL_R2V2_1)
                                                   0.02      0.54 f
  u_core/U154/X (SAEDRVT14_AOI21_0P5)              0.01      0.55 r
  u_core/U155/X (SAEDRVT14_OAI21_0P5)              0.01      0.56 f
  u_core/sreg_reg_12_/D (SAEDRVT14_FDPRBQ_V2LP_0P5)
                                                   0.00      0.56 f
  data arrival time                                          0.56

  clock HCLK (rise edge)                           0.00      0.00
  clock network delay (propagated)                 0.45      0.45
  u_core/sreg_reg_12_/CK (SAEDRVT14_FDPRBQ_V2LP_0P5)
                                                   0.00      0.45 r
  clock uncertainty                                0.10      0.55
  library hold time                                0.01      0.56
  data required time                                         0.56
  ------------------------------------------------------------------------
  data required time                                         0.56
  data arrival time                                         -0.56
  ------------------------------------------------------------------------
  slack (VIOLATED)                                          -0.00



  Startpoint: a_reg_reg_19_ (rising edge-triggered flip-flop clocked by HCLK)
  Endpoint: a_reg_reg_19_ (rising edge-triggered flip-flop clocked by HCLK)
  Mode: func_mode
  Corner: ff_corner
  Scenario: func_ff
  Path Group: HCLK
  Path Type: min

  Point                                            Incr      Path  
  ------------------------------------------------------------------------
  clock HCLK (rise edge)                           0.00      0.00
  clock network delay (propagated)                 0.42      0.42

  a_reg_reg_19_/CK (SAEDRVT14_FDPRBQ_V2LP_0P5)     0.00      0.42 r
  a_reg_reg_19_/Q (SAEDRVT14_FDPRBQ_V2LP_0P5)      0.04      0.46 f
  copt_h_inst_3500/X (SAEDRVT14_DEL_R2V2_1)        0.02      0.48 f
  copt_gre_h_inst_3912/X (SAEDRVT14_DEL_R2V2_1)    0.03      0.51 f
  U88/X (SAEDRVT14_MUX2_U_0P5)                     0.02      0.53 f
  ropt_h_inst_3989/X (SAEDRVT14_BUF_S_0P5)         0.01      0.54 f
  a_reg_reg_19_/D (SAEDRVT14_FDPRBQ_V2LP_0P5)      0.00      0.54 f
  data arrival time                                          0.54

  clock HCLK (rise edge)                           0.00      0.00
  clock network delay (propagated)                 0.42      0.42
  a_reg_reg_19_/CK (SAEDRVT14_FDPRBQ_V2LP_0P5)     0.00      0.42 r
  clock uncertainty                                0.10      0.52
  library hold time                                0.02      0.54
  data required time                                         0.54
  ------------------------------------------------------------------------
  data required time                                         0.54
  data arrival time                                         -0.54
  ------------------------------------------------------------------------
  slack (VIOLATED)                                          -0.00



  Startpoint: a_reg_reg_22_ (rising edge-triggered flip-flop clocked by HCLK)
  Endpoint: u_core/sreg_reg_22_ (rising edge-triggered flip-flop clocked by HCLK)
  Mode: func_mode
  Corner: ff_corner
  Scenario: func_ff
  Path Group: HCLK
  Path Type: min

  Point                                            Incr      Path  
  ------------------------------------------------------------------------
  clock HCLK (rise edge)                           0.00      0.00
  clock network delay (propagated)                 0.42      0.42

  a_reg_reg_22_/CK (SAEDRVT14_FDPRBQ_V2LP_0P5)     0.00      0.42 r
  a_reg_reg_22_/Q (SAEDRVT14_FDPRBQ_V2LP_0P5)      0.04      0.46 f
  copt_h_inst_3460/X (SAEDRVT14_DEL_R2V2_1)        0.02      0.48 f
  copt_h_inst_3459/X (SAEDRVT14_DEL_R2V2_1)        0.02      0.50 f
  copt_gre_h_inst_3918/X (SAEDRVT14_DEL_R2V2_1)    0.03      0.53 f
  u_core/U233/X (SAEDRVT14_AOI21_0P75)             0.01      0.54 r
  u_core/copt_gre_h_inst_3971/X (SAEDRVT14_BUF_UCDC_0P5)
                                                   0.01      0.55 r
  u_core/U234/X (SAEDRVT14_OAI21_0P5)              0.01      0.56 f
  u_core/sreg_reg_22_/D (SAEDRVT14_FDPRBQ_V2LP_0P5)
                                                   0.00      0.56 f
  data arrival time                                          0.56

  clock HCLK (rise edge)                           0.00      0.00
  clock network delay (propagated)                 0.45      0.45
  u_core/sreg_reg_22_/CK (SAEDRVT14_FDPRBQ_V2LP_0P5)
                                                   0.00      0.45 r
  clock uncertainty                                0.10      0.55
  library hold time                                0.01      0.56
  data required time                                         0.56
  ------------------------------------------------------------------------
  data required time                                         0.56
  data arrival time                                         -0.56
  ------------------------------------------------------------------------
  slack (VIOLATED)                                          -0.00



  Startpoint: ahb_rdata_reg_reg_0_ (rising edge-triggered flip-flop clocked by HCLK)
  Endpoint: ahb_rdata_reg_reg_0_ (rising edge-triggered flip-flop clocked by HCLK)
  Mode: func_mode
  Corner: ff_corner
  Scenario: func_ff
  Path Group: HCLK
  Path Type: min

  Point                                            Incr      Path  
  ------------------------------------------------------------------------
  clock HCLK (rise edge)                           0.00      0.00
  clock network delay (propagated)                 0.42      0.42

  ahb_rdata_reg_reg_0_/CK (SAEDRVT14_FDPRBQ_V2LP_0P5)
                                                   0.00      0.42 r
  ahb_rdata_reg_reg_0_/Q (SAEDRVT14_FDPRBQ_V2LP_0P5)
                                                   0.06      0.48 f
  copt_h_inst_3659/X (SAEDRVT14_DEL_R2V2_1)        0.03      0.51 f
  ropt_h_inst_3993/X (SAEDRVT14_BUF_U_0P5)         0.01      0.52 f
  U108/X (SAEDRVT14_MUX2_U_0P5)                    0.01      0.54 f
  ahb_rdata_reg_reg_0_/D (SAEDRVT14_FDPRBQ_V2LP_0P5)
                                                   0.00      0.54 f
  data arrival time                                          0.54

  clock HCLK (rise edge)                           0.00      0.00
  clock network delay (propagated)                 0.42      0.42
  ahb_rdata_reg_reg_0_/CK (SAEDRVT14_FDPRBQ_V2LP_0P5)
                                                   0.00      0.42 r
  clock uncertainty                                0.10      0.52
  library hold time                                0.02      0.54
  data required time                                         0.54
  ------------------------------------------------------------------------
  data required time                                         0.54
  data arrival time                                         -0.54
  ------------------------------------------------------------------------
  slack (VIOLATED)                                          -0.00



  Startpoint: u_core/sreg_reg_16_ (rising edge-triggered flip-flop clocked by HCLK)
  Endpoint: u_core/sreg_reg_20_ (rising edge-triggered flip-flop clocked by HCLK)
  Mode: func_mode
  Corner: ff_corner
  Scenario: func_ff
  Path Group: HCLK
  Path Type: min

  Point                                            Incr      Path  
  ------------------------------------------------------------------------
  clock HCLK (rise edge)                           0.00      0.00
  clock network delay (propagated)                 0.45      0.45

  u_core/sreg_reg_16_/CK (SAEDRVT14_FDPRBQ_V2LP_0P5)
                                                   0.00      0.45 r
  u_core/sreg_reg_16_/Q (SAEDRVT14_FDPRBQ_V2LP_0P5)
                                                   0.03      0.48 f
  u_core/U163/X (SAEDRVT14_INV_S_0P5)              0.00      0.48 r
  u_core/copt_h_inst_3733/X (SAEDRVT14_BUF_UCDC_0P5)
                                                   0.01      0.49 r
  u_core/copt_h_inst_3838/X (SAEDRVT14_DEL_R2V2_1)
                                                   0.03      0.52 r
  u_core/copt_gre_h_inst_3962/X (SAEDRVT14_DEL_R2V2_1)
                                                   0.03      0.55 r
  u_core/U203/X (SAEDRVT14_OAI21_0P5)              0.01      0.56 f
  u_core/sreg_reg_20_/D (SAEDRVT14_FDPRBQ_V2LP_0P5)
                                                   0.00      0.56 f
  data arrival time                                          0.56

  clock HCLK (rise edge)                           0.00      0.00
  clock network delay (propagated)                 0.45      0.45
  u_core/sreg_reg_20_/CK (SAEDRVT14_FDPRBQ_V2LP_0P5)
                                                   0.00      0.45 r
  clock uncertainty                                0.10      0.55
  library hold time                                0.01      0.56
  data required time                                         0.56
  ------------------------------------------------------------------------
  data required time                                         0.56
  data arrival time                                         -0.56
  ------------------------------------------------------------------------
  slack (VIOLATED)                                          -0.00



  Startpoint: u_core/cnt_reg_5_ (rising edge-triggered flip-flop clocked by HCLK)
  Endpoint: u_core/xip_active_reg (rising edge-triggered flip-flop clocked by HCLK)
  Mode: func_mode
  Corner: ff_corner
  Scenario: func_ff
  Path Group: HCLK
  Path Type: min

  Point                                            Incr      Path  
  ------------------------------------------------------------------------
  clock HCLK (rise edge)                           0.00      0.00
  clock network delay (propagated)                 0.42      0.42

  u_core/cnt_reg_5_/CK (SAEDRVT14_FDPRBQ_V2LP_0P5)
                                                   0.00      0.42 r
  u_core/cnt_reg_5_/Q (SAEDRVT14_FDPRBQ_V2LP_0P5)
                                                   0.05      0.47 r
  u_core/U23/X (SAEDRVT14_OR4_1)                   0.02      0.49 r
  u_core/copt_h_inst_3638/X (SAEDRVT14_BUF_S_0P5)
                                                   0.03      0.52 r
  u_core/U144/X (SAEDRVT14_OAI21_0P5)              0.02      0.54 f
  u_core/xip_active_reg/D (SAEDRVT14_FDPRBQ_V2LP_0P5)
                                                   0.00      0.54 f
  data arrival time                                          0.54

  clock HCLK (rise edge)                           0.00      0.00
  clock network delay (propagated)                 0.42      0.42
  u_core/xip_active_reg/CK (SAEDRVT14_FDPRBQ_V2LP_0P5)
                                                   0.00      0.42 r
  clock uncertainty                                0.10      0.52
  library hold time                                0.02      0.54
  data required time                                         0.54
  ------------------------------------------------------------------------
  data required time                                         0.54
  data arrival time                                         -0.54
  ------------------------------------------------------------------------
  slack (VIOLATED)                                          -0.00



  Startpoint: u_core/rx_reg_reg_13_ (rising edge-triggered flip-flop clocked by HCLK)
  Endpoint: ahb_rdata_reg_reg_13_ (rising edge-triggered flip-flop clocked by HCLK)
  Mode: func_mode
  Corner: ff_corner
  Scenario: func_ff
  Path Group: HCLK
  Path Type: min

  Point                                            Incr      Path  
  ------------------------------------------------------------------------
  clock HCLK (rise edge)                           0.00      0.00
  clock network delay (propagated)                 0.45      0.45

  u_core/rx_reg_reg_13_/CK (SAEDRVT14_FDPRBQ_V2LP_0P5)
                                                   0.00      0.45 r
  u_core/rx_reg_reg_13_/Q (SAEDRVT14_FDPRBQ_V2LP_0P5)
                                                   0.03      0.48 f
  u_core/copt_h_inst_3601/X (SAEDRVT14_DEL_R2V3_1)
                                                   0.03      0.52 f
  u_core/copt_h_inst_3602/X (SAEDRVT14_DEL_R2V3_1)
                                                   0.03      0.55 f
  U128/X (SAEDRVT14_MUX2_U_0P5)                    0.01      0.56 f
  ahb_rdata_reg_reg_13_/D (SAEDRVT14_FDPRBQ_V2LP_0P5)
                                                   0.00      0.56 f
  data arrival time                                          0.56

  clock HCLK (rise edge)                           0.00      0.00
  clock network delay (propagated)                 0.45      0.45
  ahb_rdata_reg_reg_13_/CK (SAEDRVT14_FDPRBQ_V2LP_0P5)
                                                   0.00      0.45 r
  clock uncertainty                                0.10      0.55
  library hold time                                0.01      0.56
  data required time                                         0.56
  ------------------------------------------------------------------------
  data required time                                         0.56
  data arrival time                                         -0.56
  ------------------------------------------------------------------------
  slack (VIOLATED)                                          -0.00



  Startpoint: a_reg_reg_28_ (rising edge-triggered flip-flop clocked by HCLK)
  Endpoint: a_reg_reg_28_ (rising edge-triggered flip-flop clocked by HCLK)
  Mode: func_mode
  Corner: ff_corner
  Scenario: func_ff
  Path Group: HCLK
  Path Type: min

  Point                                            Incr      Path  
  ------------------------------------------------------------------------
  clock HCLK (rise edge)                           0.00      0.00
  clock network delay (propagated)                 0.45      0.45

  a_reg_reg_28_/CK (SAEDRVT14_FDPRBQ_V2LP_0P5)     0.00      0.45 r
  a_reg_reg_28_/Q (SAEDRVT14_FDPRBQ_V2LP_0P5)      0.03      0.48 f
  copt_h_inst_3529/X (SAEDRVT14_DEL_R2V2_1)        0.02      0.51 f
  copt_h_inst_3528/X (SAEDRVT14_DEL_R2V2_1)        0.02      0.53 f
  copt_gre_h_inst_3930/X (SAEDRVT14_DEL_R2V1_1)    0.02      0.54 f
  U78/X (SAEDRVT14_MUX2_U_0P5)                     0.02      0.56 f
  a_reg_reg_28_/D (SAEDRVT14_FDPRBQ_V2LP_0P5)      0.00      0.56 f
  data arrival time                                          0.56

  clock HCLK (rise edge)                           0.00      0.00
  clock network delay (propagated)                 0.45      0.45
  a_reg_reg_28_/CK (SAEDRVT14_FDPRBQ_V2LP_0P5)     0.00      0.45 r
  clock uncertainty                                0.10      0.55
  library hold time                                0.01      0.56
  data required time                                         0.56
  ------------------------------------------------------------------------
  data required time                                         0.56
  data arrival time                                         -0.56
  ------------------------------------------------------------------------
  slack (VIOLATED)                                          -0.00



  Startpoint: u_core/cnt_reg_0_ (rising edge-triggered flip-flop clocked by HCLK)
  Endpoint: u_core/cnt_reg_0_ (rising edge-triggered flip-flop clocked by HCLK)
  Mode: func_mode
  Corner: ff_corner
  Scenario: func_ff
  Path Group: HCLK
  Path Type: min

  Point                                            Incr      Path  
  ------------------------------------------------------------------------
  clock HCLK (rise edge)                           0.00      0.00
  clock network delay (propagated)                 0.42      0.42

  u_core/cnt_reg_0_/CK (SAEDRVT14_FDPRBQ_V2LP_0P5)
                                                   0.00      0.42 r
  u_core/cnt_reg_0_/Q (SAEDRVT14_FDPRBQ_V2LP_0P5)
                                                   0.05      0.46 r
  u_core/U75/X (SAEDRVT14_NR2_MM_0P5)              0.01      0.47 f
  u_core/copt_h_inst_3666/X (SAEDRVT14_DEL_R2V2_1)
                                                   0.02      0.49 f
  u_core/copt_h_inst_3667/X (SAEDRVT14_DEL_R2V2_1)
                                                   0.02      0.52 f
  u_core/copt_h_inst_3668/X (SAEDRVT14_DEL_R2V2_1)
                                                   0.02      0.54 f
  u_core/cnt_reg_0_/D (SAEDRVT14_FDPRBQ_V2LP_0P5)
                                                   0.00      0.54 f
  data arrival time                                          0.54

  clock HCLK (rise edge)                           0.00      0.00
  clock network delay (propagated)                 0.42      0.42
  u_core/cnt_reg_0_/CK (SAEDRVT14_FDPRBQ_V2LP_0P5)
                                                   0.00      0.42 r
  clock uncertainty                                0.10      0.52
  library hold time                                0.02      0.54
  data required time                                         0.54
  ------------------------------------------------------------------------
  data required time                                         0.54
  data arrival time                                         -0.54
  ------------------------------------------------------------------------
  slack (VIOLATED)                                          -0.00



  Startpoint: u_core/sreg_reg_30_ (rising edge-triggered flip-flop clocked by HCLK)
  Endpoint: u_core/sreg_reg_30_ (rising edge-triggered flip-flop clocked by HCLK)
  Mode: func_mode
  Corner: ff_corner
  Scenario: func_ff
  Path Group: HCLK
  Path Type: min

  Point                                            Incr      Path  
  ------------------------------------------------------------------------
  clock HCLK (rise edge)                           0.00      0.00
  clock network delay (propagated)                 0.42      0.42

  u_core/sreg_reg_30_/CK (SAEDRVT14_FDPRBQ_V2LP_0P5)
                                                   0.00      0.42 r
  u_core/sreg_reg_30_/Q (SAEDRVT14_FDPRBQ_V2LP_0P5)
                                                   0.04      0.46 f
  u_core/U62/X (SAEDRVT14_INV_S_0P5)               0.01      0.47 r
  u_core/copt_h_inst_3751/X (SAEDRVT14_DEL_R2V1_1)
                                                   0.02      0.48 r
  u_core/copt_h_inst_3750/X (SAEDRVT14_DEL_R2V2_1)
                                                   0.02      0.51 r
  u_core/U269/X (SAEDRVT14_AOI21_0P75)             0.01      0.52 f
  u_core/U270/X (SAEDRVT14_AOI21_0P75)             0.01      0.53 r
  u_core/U271/X (SAEDRVT14_OAI21_0P5)              0.01      0.54 f
  u_core/sreg_reg_30_/D (SAEDRVT14_FDPRBQ_V2LP_0P5)
                                                   0.00      0.54 f
  data arrival time                                          0.54

  clock HCLK (rise edge)                           0.00      0.00
  clock network delay (propagated)                 0.42      0.42
  u_core/sreg_reg_30_/CK (SAEDRVT14_FDPRBQ_V2LP_0P5)
                                                   0.00      0.42 r
  clock uncertainty                                0.10      0.52
  library hold time                                0.02      0.54
  data required time                                         0.54
  ------------------------------------------------------------------------
  data required time                                         0.54
  data arrival time                                         -0.54
  ------------------------------------------------------------------------
  slack (VIOLATED)                                          -0.00



  Startpoint: ahb_rdata_reg_reg_2_ (rising edge-triggered flip-flop clocked by HCLK)
  Endpoint: ahb_rdata_reg_reg_2_ (rising edge-triggered flip-flop clocked by HCLK)
  Mode: func_mode
  Corner: ff_corner
  Scenario: func_ff
  Path Group: HCLK
  Path Type: min

  Point                                            Incr      Path  
  ------------------------------------------------------------------------
  clock HCLK (rise edge)                           0.00      0.00
  clock network delay (propagated)                 0.42      0.42

  ahb_rdata_reg_reg_2_/CK (SAEDRVT14_FDPRBQ_V2LP_0P5)
                                                   0.00      0.42 r
  ahb_rdata_reg_reg_2_/Q (SAEDRVT14_FDPRBQ_V2LP_0P5)
                                                   0.06      0.48 f
  copt_h_inst_3675/X (SAEDRVT14_DEL_R2V3_1)        0.04      0.52 f
  U139/X (SAEDRVT14_MUX2_U_0P5)                    0.01      0.54 f
  ahb_rdata_reg_reg_2_/D (SAEDRVT14_FDPRBQ_V2LP_0P5)
                                                   0.00      0.54 f
  data arrival time                                          0.54

  clock HCLK (rise edge)                           0.00      0.00
  clock network delay (propagated)                 0.42      0.42
  ahb_rdata_reg_reg_2_/CK (SAEDRVT14_FDPRBQ_V2LP_0P5)
                                                   0.00      0.42 r
  clock uncertainty                                0.10      0.52
  library hold time                                0.02      0.54
  data required time                                         0.54
  ------------------------------------------------------------------------
  data required time                                         0.54
  data arrival time                                         -0.54
  ------------------------------------------------------------------------
  slack (VIOLATED)                                          -0.00


1
