 
****************************************
check_design summary:
Version:     V-2023.12-SP2
Date:        Thu May 28 17:58:48 2026
****************************************

                   Name                                            Total
--------------------------------------------------------------------------------
Inputs/Outputs                                                     75
    Unconnected ports (LINT-28)                                    39
    Shorted outputs (LINT-31)                                      17
    Constant outputs (LINT-52)                                     19

Cells                                                               3
    Cells do not drive (LINT-1)                                     3
--------------------------------------------------------------------------------

Warning: In design 'spi_serializer_fsm', cell 'C815' does not drive any nets. (LINT-1)
Warning: In design 'spi_serializer_fsm', cell 'C819' does not drive any nets. (LINT-1)
Warning: In design 'spi_serializer_fsm', cell 'C822' does not drive any nets. (LINT-1)
Warning: In design 'ahb_spi_legacy', port 'HADDR[31]' is not connected to any nets. (LINT-28)
Warning: In design 'ahb_spi_legacy', port 'HADDR[30]' is not connected to any nets. (LINT-28)
Warning: In design 'ahb_spi_legacy', port 'HADDR[29]' is not connected to any nets. (LINT-28)
Warning: In design 'ahb_spi_legacy', port 'HADDR[28]' is not connected to any nets. (LINT-28)
Warning: In design 'ahb_spi_legacy', port 'HADDR[27]' is not connected to any nets. (LINT-28)
Warning: In design 'ahb_spi_legacy', port 'HADDR[26]' is not connected to any nets. (LINT-28)
Warning: In design 'ahb_spi_legacy', port 'HADDR[25]' is not connected to any nets. (LINT-28)
Warning: In design 'ahb_spi_legacy', port 'HADDR[24]' is not connected to any nets. (LINT-28)
Warning: In design 'ahb_spi_legacy', port 'HADDR[23]' is not connected to any nets. (LINT-28)
Warning: In design 'ahb_spi_legacy', port 'HADDR[22]' is not connected to any nets. (LINT-28)
Warning: In design 'ahb_spi_legacy', port 'HADDR[21]' is not connected to any nets. (LINT-28)
Warning: In design 'ahb_spi_legacy', port 'HADDR[20]' is not connected to any nets. (LINT-28)
Warning: In design 'ahb_spi_legacy', port 'HADDR[19]' is not connected to any nets. (LINT-28)
Warning: In design 'ahb_spi_legacy', port 'HADDR[18]' is not connected to any nets. (LINT-28)
Warning: In design 'ahb_spi_legacy', port 'HADDR[17]' is not connected to any nets. (LINT-28)
Warning: In design 'ahb_spi_legacy', port 'HADDR[16]' is not connected to any nets. (LINT-28)
Warning: In design 'ahb_spi_legacy', port 'HADDR[15]' is not connected to any nets. (LINT-28)
Warning: In design 'ahb_spi_legacy', port 'HADDR[14]' is not connected to any nets. (LINT-28)
Warning: In design 'ahb_spi_legacy', port 'HADDR[13]' is not connected to any nets. (LINT-28)
Warning: In design 'ahb_spi_legacy', port 'HADDR[12]' is not connected to any nets. (LINT-28)
Warning: In design 'ahb_spi_legacy', port 'HADDR[11]' is not connected to any nets. (LINT-28)
Warning: In design 'ahb_spi_legacy', port 'HADDR[10]' is not connected to any nets. (LINT-28)
Warning: In design 'ahb_spi_legacy', port 'HADDR[9]' is not connected to any nets. (LINT-28)
Warning: In design 'ahb_spi_legacy', port 'HADDR[8]' is not connected to any nets. (LINT-28)
Warning: In design 'ahb_spi_legacy', port 'HSIZE[2]' is not connected to any nets. (LINT-28)
Warning: In design 'ahb_spi_legacy', port 'HSIZE[1]' is not connected to any nets. (LINT-28)
Warning: In design 'ahb_spi_legacy', port 'HSIZE[0]' is not connected to any nets. (LINT-28)
Warning: In design 'ahb_spi_legacy', port 'HBURST[2]' is not connected to any nets. (LINT-28)
Warning: In design 'ahb_spi_legacy', port 'HBURST[1]' is not connected to any nets. (LINT-28)
Warning: In design 'ahb_spi_legacy', port 'HBURST[0]' is not connected to any nets. (LINT-28)
Warning: In design 'ahb_spi_legacy', port 'HPROT[3]' is not connected to any nets. (LINT-28)
Warning: In design 'ahb_spi_legacy', port 'HPROT[2]' is not connected to any nets. (LINT-28)
Warning: In design 'ahb_spi_legacy', port 'HPROT[1]' is not connected to any nets. (LINT-28)
Warning: In design 'ahb_spi_legacy', port 'HPROT[0]' is not connected to any nets. (LINT-28)
Warning: In design 'ahb_spi_legacy', port 'HMASTER[3]' is not connected to any nets. (LINT-28)
Warning: In design 'ahb_spi_legacy', port 'HMASTER[2]' is not connected to any nets. (LINT-28)
Warning: In design 'ahb_spi_legacy', port 'HMASTER[1]' is not connected to any nets. (LINT-28)
Warning: In design 'ahb_spi_legacy', port 'HMASTER[0]' is not connected to any nets. (LINT-28)
Warning: In design 'ahb_spi_legacy', port 'HMASTLOCK' is not connected to any nets. (LINT-28)
Warning: In design 'ahb_spi_legacy', output port 'HRESP[1]' is connected directly to output port 'HSPLIT[0]'. (LINT-31)
Warning: In design 'ahb_spi_legacy', output port 'HRESP[1]' is connected directly to output port 'HSPLIT[1]'. (LINT-31)
Warning: In design 'ahb_spi_legacy', output port 'HRESP[1]' is connected directly to output port 'HSPLIT[2]'. (LINT-31)
Warning: In design 'ahb_spi_legacy', output port 'HRESP[1]' is connected directly to output port 'HSPLIT[3]'. (LINT-31)
Warning: In design 'ahb_spi_legacy', output port 'HRESP[1]' is connected directly to output port 'HSPLIT[4]'. (LINT-31)
Warning: In design 'ahb_spi_legacy', output port 'HRESP[1]' is connected directly to output port 'HSPLIT[5]'. (LINT-31)
Warning: In design 'ahb_spi_legacy', output port 'HRESP[1]' is connected directly to output port 'HSPLIT[6]'. (LINT-31)
Warning: In design 'ahb_spi_legacy', output port 'HRESP[1]' is connected directly to output port 'HSPLIT[7]'. (LINT-31)
Warning: In design 'ahb_spi_legacy', output port 'HRESP[1]' is connected directly to output port 'HSPLIT[8]'. (LINT-31)
Warning: In design 'ahb_spi_legacy', output port 'HRESP[1]' is connected directly to output port 'HSPLIT[9]'. (LINT-31)
Warning: In design 'ahb_spi_legacy', output port 'HRESP[1]' is connected directly to output port 'HSPLIT[10]'. (LINT-31)
Warning: In design 'ahb_spi_legacy', output port 'HRESP[1]' is connected directly to output port 'HSPLIT[11]'. (LINT-31)
Warning: In design 'ahb_spi_legacy', output port 'HRESP[1]' is connected directly to output port 'HSPLIT[12]'. (LINT-31)
Warning: In design 'ahb_spi_legacy', output port 'HRESP[1]' is connected directly to output port 'HSPLIT[13]'. (LINT-31)
Warning: In design 'ahb_spi_legacy', output port 'HRESP[1]' is connected directly to output port 'HSPLIT[14]'. (LINT-31)
Warning: In design 'ahb_spi_legacy', output port 'HRESP[1]' is connected directly to output port 'HSPLIT[15]'. (LINT-31)
Warning: In design 'ahb_spi_legacy', output port 'HRESP[1]' is connected directly to output port 'HRESP[0]'. (LINT-31)
Warning: In design 'ahb_spi_legacy', output port 'HREADYOUT' is connected directly to 'logic 1'. (LINT-52)
Warning: In design 'ahb_spi_legacy', output port 'HRESP[1]' is connected directly to 'logic 0'. (LINT-52)
Warning: In design 'ahb_spi_legacy', output port 'HRESP[0]' is connected directly to 'logic 0'. (LINT-52)
Warning: In design 'ahb_spi_legacy', output port 'HSPLIT[15]' is connected directly to 'logic 0'. (LINT-52)
Warning: In design 'ahb_spi_legacy', output port 'HSPLIT[14]' is connected directly to 'logic 0'. (LINT-52)
Warning: In design 'ahb_spi_legacy', output port 'HSPLIT[13]' is connected directly to 'logic 0'. (LINT-52)
Warning: In design 'ahb_spi_legacy', output port 'HSPLIT[12]' is connected directly to 'logic 0'. (LINT-52)
Warning: In design 'ahb_spi_legacy', output port 'HSPLIT[11]' is connected directly to 'logic 0'. (LINT-52)
Warning: In design 'ahb_spi_legacy', output port 'HSPLIT[10]' is connected directly to 'logic 0'. (LINT-52)
Warning: In design 'ahb_spi_legacy', output port 'HSPLIT[9]' is connected directly to 'logic 0'. (LINT-52)
Warning: In design 'ahb_spi_legacy', output port 'HSPLIT[8]' is connected directly to 'logic 0'. (LINT-52)
Warning: In design 'ahb_spi_legacy', output port 'HSPLIT[7]' is connected directly to 'logic 0'. (LINT-52)
Warning: In design 'ahb_spi_legacy', output port 'HSPLIT[6]' is connected directly to 'logic 0'. (LINT-52)
Warning: In design 'ahb_spi_legacy', output port 'HSPLIT[5]' is connected directly to 'logic 0'. (LINT-52)
Warning: In design 'ahb_spi_legacy', output port 'HSPLIT[4]' is connected directly to 'logic 0'. (LINT-52)
Warning: In design 'ahb_spi_legacy', output port 'HSPLIT[3]' is connected directly to 'logic 0'. (LINT-52)
Warning: In design 'ahb_spi_legacy', output port 'HSPLIT[2]' is connected directly to 'logic 0'. (LINT-52)
Warning: In design 'ahb_spi_legacy', output port 'HSPLIT[1]' is connected directly to 'logic 0'. (LINT-52)
Warning: In design 'ahb_spi_legacy', output port 'HSPLIT[0]' is connected directly to 'logic 0'. (LINT-52)
1
