Information: Updating design information... (UID-85)
 
****************************************
Report : qor
Design : ahb_spi_legacy
Version: V-2023.12-SP2
Date   : Thu May 28 14:34:08 2026
****************************************


  Timing Path Group 'HCLK'
  -----------------------------------
  Levels of Logic:               8.00
  Critical Path Length:          0.39
  Critical Path Slack:          11.11
  Critical Path Clk Period:     20.00
  Total Negative Slack:          0.00
  No. of Violating Paths:        0.00
  Worst Hold Violation:         -0.07
  Total Hold Violation:         -4.33
  No. of Hold Violations:       80.00
  -----------------------------------


  Cell Count
  -----------------------------------
  Hierarchical Cell Count:          7
  Hierarchical Port Count:        136
  Leaf Cell Count:                362
  Buf/Inv Cell Count:              25
  Buf Cell Count:                   3
  Inv Cell Count:                  22
  CT Buf/Inv Cell Count:            0
  Combinational Cell Count:       199
  Sequential Cell Count:          163
  Macro Count:                      0
  -----------------------------------


  Area
  -----------------------------------
  Combinational Area:       79.786801
  Noncombinational Area:   172.094406
  Buf/Inv Area:              4.706400
  Total Buffer Area:             0.80
  Total Inverter Area:           3.91
  Macro/Black Box Area:      0.000000
  Net Area:                434.843487
  -----------------------------------
  Cell Area:               251.881207
  Design Area:             686.724694


  Design Rules
  -----------------------------------
  Total Number of Nets:           409
  Nets With Violations:             1
  Max Trans Violations:             0
  Max Cap Violations:               0
  Max Fanout Violations:            1
  -----------------------------------


  Hostname: vecad-svr1

  Compile CPU Statistics
  -----------------------------------------
  Resource Sharing:                    0.18
  Logic Optimization:                  0.21
  Mapping Optimization:                1.20
  -----------------------------------------
  Overall Compile Time:               11.66
  Overall Compile Wall Clock Time:    12.25

  --------------------------------------------------------------------

  Design  WNS: 0.00  TNS: 0.00  Number of Violating Paths: 0


  Design (Hold)  WNS: 0.07  TNS: 4.33  Number of Violating Paths: 80

  --------------------------------------------------------------------


1
