 
****************************************
Report : timing
        -path full
        -delay max
        -max_paths 20
Design : ahb_spi_legacy
Version: V-2023.12-SP2
Date   : Thu May 28 14:34:08 2026
****************************************

Operating Conditions: tt0p8v25c   Library: saed14rvt_tt0p8v25c
Wire Load Model Mode: top

  Startpoint: addr_reg_reg[5]
              (rising edge-triggered flip-flop clocked by HCLK)
  Endpoint: HRDATA[1] (output port clocked by HCLK)
  Path Group: HCLK
  Path Type: max

  Des/Clust/Port     Wire Load Model       Library
  ------------------------------------------------
  ahb_spi_legacy     8000                  saed14rvt_tt0p8v25c

  Point                                                   Incr       Path
  --------------------------------------------------------------------------
  clock HCLK (rise edge)                                  0.00       0.00
  clock network delay (ideal)                             0.00       0.00
  addr_reg_reg[5]/CK (SAEDRVT14_FDPRBQ_V2_0P5)            0.00       0.00 r
  addr_reg_reg[5]/Q (SAEDRVT14_FDPRBQ_V2_0P5)             0.05       0.05 f
  U125/X (SAEDRVT14_OR3_0P5)                              0.02       0.07 f
  U127/X (SAEDRVT14_NR2_1)                                0.01       0.08 r
  U128/X (SAEDRVT14_ND2_CDC_1)                            0.01       0.09 f
  U112/X (SAEDRVT14_NR2_1)                                0.02       0.11 r
  U109/X (SAEDRVT14_INV_0P5)                              0.01       0.12 f
  U102/X (SAEDRVT14_NR2_1)                                0.07       0.19 r
  U68/X (SAEDRVT14_AOI21_0P75)                            0.05       0.24 f
  U131/X (SAEDRVT14_AO21B_0P5)                            0.04       0.28 r
  HRDATA[1] (out)                                         0.11       0.39 r
  data arrival time                                                  0.39

  clock HCLK (rise edge)                                 20.00      20.00
  clock network delay (ideal)                             0.00      20.00
  clock uncertainty                                      -0.50      19.50
  output external delay                                  -8.00      11.50
  data required time                                                11.50
  --------------------------------------------------------------------------
  data required time                                                11.50
  data arrival time                                                 -0.39
  --------------------------------------------------------------------------
  slack (MET)                                                       11.11


  Startpoint: addr_reg_reg[5]
              (rising edge-triggered flip-flop clocked by HCLK)
  Endpoint: HRDATA[26] (output port clocked by HCLK)
  Path Group: HCLK
  Path Type: max

  Des/Clust/Port     Wire Load Model       Library
  ------------------------------------------------
  ahb_spi_legacy     8000                  saed14rvt_tt0p8v25c

  Point                                                   Incr       Path
  --------------------------------------------------------------------------
  clock HCLK (rise edge)                                  0.00       0.00
  clock network delay (ideal)                             0.00       0.00
  addr_reg_reg[5]/CK (SAEDRVT14_FDPRBQ_V2_0P5)            0.00       0.00 r
  addr_reg_reg[5]/Q (SAEDRVT14_FDPRBQ_V2_0P5)             0.05       0.05 f
  U125/X (SAEDRVT14_OR3_0P5)                              0.02       0.07 f
  U127/X (SAEDRVT14_NR2_1)                                0.01       0.08 r
  U128/X (SAEDRVT14_ND2_CDC_1)                            0.01       0.09 f
  U112/X (SAEDRVT14_NR2_1)                                0.02       0.11 r
  U109/X (SAEDRVT14_INV_0P5)                              0.01       0.12 f
  U102/X (SAEDRVT14_NR2_1)                                0.07       0.19 r
  U95/X (SAEDRVT14_AO22_0P5)                              0.09       0.28 r
  HRDATA[26] (out)                                        0.11       0.39 r
  data arrival time                                                  0.39

  clock HCLK (rise edge)                                 20.00      20.00
  clock network delay (ideal)                             0.00      20.00
  clock uncertainty                                      -0.50      19.50
  output external delay                                  -8.00      11.50
  data required time                                                11.50
  --------------------------------------------------------------------------
  data required time                                                11.50
  data arrival time                                                 -0.39
  --------------------------------------------------------------------------
  slack (MET)                                                       11.11


  Startpoint: addr_reg_reg[5]
              (rising edge-triggered flip-flop clocked by HCLK)
  Endpoint: HRDATA[25] (output port clocked by HCLK)
  Path Group: HCLK
  Path Type: max

  Des/Clust/Port     Wire Load Model       Library
  ------------------------------------------------
  ahb_spi_legacy     8000                  saed14rvt_tt0p8v25c

  Point                                                   Incr       Path
  --------------------------------------------------------------------------
  clock HCLK (rise edge)                                  0.00       0.00
  clock network delay (ideal)                             0.00       0.00
  addr_reg_reg[5]/CK (SAEDRVT14_FDPRBQ_V2_0P5)            0.00       0.00 r
  addr_reg_reg[5]/Q (SAEDRVT14_FDPRBQ_V2_0P5)             0.05       0.05 f
  U125/X (SAEDRVT14_OR3_0P5)                              0.02       0.07 f
  U127/X (SAEDRVT14_NR2_1)                                0.01       0.08 r
  U128/X (SAEDRVT14_ND2_CDC_1)                            0.01       0.09 f
  U112/X (SAEDRVT14_NR2_1)                                0.02       0.11 r
  U109/X (SAEDRVT14_INV_0P5)                              0.01       0.12 f
  U102/X (SAEDRVT14_NR2_1)                                0.07       0.19 r
  U83/X (SAEDRVT14_AO22_0P5)                              0.09       0.28 r
  HRDATA[25] (out)                                        0.11       0.39 r
  data arrival time                                                  0.39

  clock HCLK (rise edge)                                 20.00      20.00
  clock network delay (ideal)                             0.00      20.00
  clock uncertainty                                      -0.50      19.50
  output external delay                                  -8.00      11.50
  data required time                                                11.50
  --------------------------------------------------------------------------
  data required time                                                11.50
  data arrival time                                                 -0.39
  --------------------------------------------------------------------------
  slack (MET)                                                       11.11


  Startpoint: addr_reg_reg[5]
              (rising edge-triggered flip-flop clocked by HCLK)
  Endpoint: HRDATA[24] (output port clocked by HCLK)
  Path Group: HCLK
  Path Type: max

  Des/Clust/Port     Wire Load Model       Library
  ------------------------------------------------
  ahb_spi_legacy     8000                  saed14rvt_tt0p8v25c

  Point                                                   Incr       Path
  --------------------------------------------------------------------------
  clock HCLK (rise edge)                                  0.00       0.00
  clock network delay (ideal)                             0.00       0.00
  addr_reg_reg[5]/CK (SAEDRVT14_FDPRBQ_V2_0P5)            0.00       0.00 r
  addr_reg_reg[5]/Q (SAEDRVT14_FDPRBQ_V2_0P5)             0.05       0.05 f
  U125/X (SAEDRVT14_OR3_0P5)                              0.02       0.07 f
  U127/X (SAEDRVT14_NR2_1)                                0.01       0.08 r
  U128/X (SAEDRVT14_ND2_CDC_1)                            0.01       0.09 f
  U112/X (SAEDRVT14_NR2_1)                                0.02       0.11 r
  U109/X (SAEDRVT14_INV_0P5)                              0.01       0.12 f
  U102/X (SAEDRVT14_NR2_1)                                0.07       0.19 r
  U90/X (SAEDRVT14_AO22_0P5)                              0.09       0.28 r
  HRDATA[24] (out)                                        0.11       0.39 r
  data arrival time                                                  0.39

  clock HCLK (rise edge)                                 20.00      20.00
  clock network delay (ideal)                             0.00      20.00
  clock uncertainty                                      -0.50      19.50
  output external delay                                  -8.00      11.50
  data required time                                                11.50
  --------------------------------------------------------------------------
  data required time                                                11.50
  data arrival time                                                 -0.39
  --------------------------------------------------------------------------
  slack (MET)                                                       11.11


  Startpoint: addr_reg_reg[5]
              (rising edge-triggered flip-flop clocked by HCLK)
  Endpoint: HRDATA[23] (output port clocked by HCLK)
  Path Group: HCLK
  Path Type: max

  Des/Clust/Port     Wire Load Model       Library
  ------------------------------------------------
  ahb_spi_legacy     8000                  saed14rvt_tt0p8v25c

  Point                                                   Incr       Path
  --------------------------------------------------------------------------
  clock HCLK (rise edge)                                  0.00       0.00
  clock network delay (ideal)                             0.00       0.00
  addr_reg_reg[5]/CK (SAEDRVT14_FDPRBQ_V2_0P5)            0.00       0.00 r
  addr_reg_reg[5]/Q (SAEDRVT14_FDPRBQ_V2_0P5)             0.05       0.05 f
  U125/X (SAEDRVT14_OR3_0P5)                              0.02       0.07 f
  U127/X (SAEDRVT14_NR2_1)                                0.01       0.08 r
  U128/X (SAEDRVT14_ND2_CDC_1)                            0.01       0.09 f
  U112/X (SAEDRVT14_NR2_1)                                0.02       0.11 r
  U109/X (SAEDRVT14_INV_0P5)                              0.01       0.12 f
  U102/X (SAEDRVT14_NR2_1)                                0.07       0.19 r
  U101/X (SAEDRVT14_AO22_0P5)                             0.09       0.28 r
  HRDATA[23] (out)                                        0.11       0.39 r
  data arrival time                                                  0.39

  clock HCLK (rise edge)                                 20.00      20.00
  clock network delay (ideal)                             0.00      20.00
  clock uncertainty                                      -0.50      19.50
  output external delay                                  -8.00      11.50
  data required time                                                11.50
  --------------------------------------------------------------------------
  data required time                                                11.50
  data arrival time                                                 -0.39
  --------------------------------------------------------------------------
  slack (MET)                                                       11.11


  Startpoint: addr_reg_reg[5]
              (rising edge-triggered flip-flop clocked by HCLK)
  Endpoint: HRDATA[22] (output port clocked by HCLK)
  Path Group: HCLK
  Path Type: max

  Des/Clust/Port     Wire Load Model       Library
  ------------------------------------------------
  ahb_spi_legacy     8000                  saed14rvt_tt0p8v25c

  Point                                                   Incr       Path
  --------------------------------------------------------------------------
  clock HCLK (rise edge)                                  0.00       0.00
  clock network delay (ideal)                             0.00       0.00
  addr_reg_reg[5]/CK (SAEDRVT14_FDPRBQ_V2_0P5)            0.00       0.00 r
  addr_reg_reg[5]/Q (SAEDRVT14_FDPRBQ_V2_0P5)             0.05       0.05 f
  U125/X (SAEDRVT14_OR3_0P5)                              0.02       0.07 f
  U127/X (SAEDRVT14_NR2_1)                                0.01       0.08 r
  U128/X (SAEDRVT14_ND2_CDC_1)                            0.01       0.09 f
  U112/X (SAEDRVT14_NR2_1)                                0.02       0.11 r
  U109/X (SAEDRVT14_INV_0P5)                              0.01       0.12 f
  U102/X (SAEDRVT14_NR2_1)                                0.07       0.19 r
  U75/X (SAEDRVT14_AO22_0P5)                              0.09       0.28 r
  HRDATA[22] (out)                                        0.11       0.39 r
  data arrival time                                                  0.39

  clock HCLK (rise edge)                                 20.00      20.00
  clock network delay (ideal)                             0.00      20.00
  clock uncertainty                                      -0.50      19.50
  output external delay                                  -8.00      11.50
  data required time                                                11.50
  --------------------------------------------------------------------------
  data required time                                                11.50
  data arrival time                                                 -0.39
  --------------------------------------------------------------------------
  slack (MET)                                                       11.11


  Startpoint: addr_reg_reg[5]
              (rising edge-triggered flip-flop clocked by HCLK)
  Endpoint: HRDATA[21] (output port clocked by HCLK)
  Path Group: HCLK
  Path Type: max

  Des/Clust/Port     Wire Load Model       Library
  ------------------------------------------------
  ahb_spi_legacy     8000                  saed14rvt_tt0p8v25c

  Point                                                   Incr       Path
  --------------------------------------------------------------------------
  clock HCLK (rise edge)                                  0.00       0.00
  clock network delay (ideal)                             0.00       0.00
  addr_reg_reg[5]/CK (SAEDRVT14_FDPRBQ_V2_0P5)            0.00       0.00 r
  addr_reg_reg[5]/Q (SAEDRVT14_FDPRBQ_V2_0P5)             0.05       0.05 f
  U125/X (SAEDRVT14_OR3_0P5)                              0.02       0.07 f
  U127/X (SAEDRVT14_NR2_1)                                0.01       0.08 r
  U128/X (SAEDRVT14_ND2_CDC_1)                            0.01       0.09 f
  U112/X (SAEDRVT14_NR2_1)                                0.02       0.11 r
  U109/X (SAEDRVT14_INV_0P5)                              0.01       0.12 f
  U102/X (SAEDRVT14_NR2_1)                                0.07       0.19 r
  U100/X (SAEDRVT14_AO22_0P5)                             0.09       0.28 r
  HRDATA[21] (out)                                        0.11       0.39 r
  data arrival time                                                  0.39

  clock HCLK (rise edge)                                 20.00      20.00
  clock network delay (ideal)                             0.00      20.00
  clock uncertainty                                      -0.50      19.50
  output external delay                                  -8.00      11.50
  data required time                                                11.50
  --------------------------------------------------------------------------
  data required time                                                11.50
  data arrival time                                                 -0.39
  --------------------------------------------------------------------------
  slack (MET)                                                       11.11


  Startpoint: addr_reg_reg[5]
              (rising edge-triggered flip-flop clocked by HCLK)
  Endpoint: HRDATA[20] (output port clocked by HCLK)
  Path Group: HCLK
  Path Type: max

  Des/Clust/Port     Wire Load Model       Library
  ------------------------------------------------
  ahb_spi_legacy     8000                  saed14rvt_tt0p8v25c

  Point                                                   Incr       Path
  --------------------------------------------------------------------------
  clock HCLK (rise edge)                                  0.00       0.00
  clock network delay (ideal)                             0.00       0.00
  addr_reg_reg[5]/CK (SAEDRVT14_FDPRBQ_V2_0P5)            0.00       0.00 r
  addr_reg_reg[5]/Q (SAEDRVT14_FDPRBQ_V2_0P5)             0.05       0.05 f
  U125/X (SAEDRVT14_OR3_0P5)                              0.02       0.07 f
  U127/X (SAEDRVT14_NR2_1)                                0.01       0.08 r
  U128/X (SAEDRVT14_ND2_CDC_1)                            0.01       0.09 f
  U112/X (SAEDRVT14_NR2_1)                                0.02       0.11 r
  U109/X (SAEDRVT14_INV_0P5)                              0.01       0.12 f
  U102/X (SAEDRVT14_NR2_1)                                0.07       0.19 r
  U87/X (SAEDRVT14_AO22_0P5)                              0.09       0.28 r
  HRDATA[20] (out)                                        0.11       0.39 r
  data arrival time                                                  0.39

  clock HCLK (rise edge)                                 20.00      20.00
  clock network delay (ideal)                             0.00      20.00
  clock uncertainty                                      -0.50      19.50
  output external delay                                  -8.00      11.50
  data required time                                                11.50
  --------------------------------------------------------------------------
  data required time                                                11.50
  data arrival time                                                 -0.39
  --------------------------------------------------------------------------
  slack (MET)                                                       11.11


  Startpoint: addr_reg_reg[5]
              (rising edge-triggered flip-flop clocked by HCLK)
  Endpoint: HRDATA[19] (output port clocked by HCLK)
  Path Group: HCLK
  Path Type: max

  Des/Clust/Port     Wire Load Model       Library
  ------------------------------------------------
  ahb_spi_legacy     8000                  saed14rvt_tt0p8v25c

  Point                                                   Incr       Path
  --------------------------------------------------------------------------
  clock HCLK (rise edge)                                  0.00       0.00
  clock network delay (ideal)                             0.00       0.00
  addr_reg_reg[5]/CK (SAEDRVT14_FDPRBQ_V2_0P5)            0.00       0.00 r
  addr_reg_reg[5]/Q (SAEDRVT14_FDPRBQ_V2_0P5)             0.05       0.05 f
  U125/X (SAEDRVT14_OR3_0P5)                              0.02       0.07 f
  U127/X (SAEDRVT14_NR2_1)                                0.01       0.08 r
  U128/X (SAEDRVT14_ND2_CDC_1)                            0.01       0.09 f
  U112/X (SAEDRVT14_NR2_1)                                0.02       0.11 r
  U109/X (SAEDRVT14_INV_0P5)                              0.01       0.12 f
  U102/X (SAEDRVT14_NR2_1)                                0.07       0.19 r
  U98/X (SAEDRVT14_AO22_0P5)                              0.09       0.28 r
  HRDATA[19] (out)                                        0.11       0.39 r
  data arrival time                                                  0.39

  clock HCLK (rise edge)                                 20.00      20.00
  clock network delay (ideal)                             0.00      20.00
  clock uncertainty                                      -0.50      19.50
  output external delay                                  -8.00      11.50
  data required time                                                11.50
  --------------------------------------------------------------------------
  data required time                                                11.50
  data arrival time                                                 -0.39
  --------------------------------------------------------------------------
  slack (MET)                                                       11.11


  Startpoint: addr_reg_reg[5]
              (rising edge-triggered flip-flop clocked by HCLK)
  Endpoint: HRDATA[18] (output port clocked by HCLK)
  Path Group: HCLK
  Path Type: max

  Des/Clust/Port     Wire Load Model       Library
  ------------------------------------------------
  ahb_spi_legacy     8000                  saed14rvt_tt0p8v25c

  Point                                                   Incr       Path
  --------------------------------------------------------------------------
  clock HCLK (rise edge)                                  0.00       0.00
  clock network delay (ideal)                             0.00       0.00
  addr_reg_reg[5]/CK (SAEDRVT14_FDPRBQ_V2_0P5)            0.00       0.00 r
  addr_reg_reg[5]/Q (SAEDRVT14_FDPRBQ_V2_0P5)             0.05       0.05 f
  U125/X (SAEDRVT14_OR3_0P5)                              0.02       0.07 f
  U127/X (SAEDRVT14_NR2_1)                                0.01       0.08 r
  U128/X (SAEDRVT14_ND2_CDC_1)                            0.01       0.09 f
  U112/X (SAEDRVT14_NR2_1)                                0.02       0.11 r
  U109/X (SAEDRVT14_INV_0P5)                              0.01       0.12 f
  U102/X (SAEDRVT14_NR2_1)                                0.07       0.19 r
  U85/X (SAEDRVT14_AO22_0P5)                              0.09       0.28 r
  HRDATA[18] (out)                                        0.11       0.39 r
  data arrival time                                                  0.39

  clock HCLK (rise edge)                                 20.00      20.00
  clock network delay (ideal)                             0.00      20.00
  clock uncertainty                                      -0.50      19.50
  output external delay                                  -8.00      11.50
  data required time                                                11.50
  --------------------------------------------------------------------------
  data required time                                                11.50
  data arrival time                                                 -0.39
  --------------------------------------------------------------------------
  slack (MET)                                                       11.11


  Startpoint: addr_reg_reg[5]
              (rising edge-triggered flip-flop clocked by HCLK)
  Endpoint: HRDATA[17] (output port clocked by HCLK)
  Path Group: HCLK
  Path Type: max

  Des/Clust/Port     Wire Load Model       Library
  ------------------------------------------------
  ahb_spi_legacy     8000                  saed14rvt_tt0p8v25c

  Point                                                   Incr       Path
  --------------------------------------------------------------------------
  clock HCLK (rise edge)                                  0.00       0.00
  clock network delay (ideal)                             0.00       0.00
  addr_reg_reg[5]/CK (SAEDRVT14_FDPRBQ_V2_0P5)            0.00       0.00 r
  addr_reg_reg[5]/Q (SAEDRVT14_FDPRBQ_V2_0P5)             0.05       0.05 f
  U125/X (SAEDRVT14_OR3_0P5)                              0.02       0.07 f
  U127/X (SAEDRVT14_NR2_1)                                0.01       0.08 r
  U128/X (SAEDRVT14_ND2_CDC_1)                            0.01       0.09 f
  U112/X (SAEDRVT14_NR2_1)                                0.02       0.11 r
  U109/X (SAEDRVT14_INV_0P5)                              0.01       0.12 f
  U102/X (SAEDRVT14_NR2_1)                                0.07       0.19 r
  U76/X (SAEDRVT14_AO22_0P5)                              0.09       0.28 r
  HRDATA[17] (out)                                        0.11       0.39 r
  data arrival time                                                  0.39

  clock HCLK (rise edge)                                 20.00      20.00
  clock network delay (ideal)                             0.00      20.00
  clock uncertainty                                      -0.50      19.50
  output external delay                                  -8.00      11.50
  data required time                                                11.50
  --------------------------------------------------------------------------
  data required time                                                11.50
  data arrival time                                                 -0.39
  --------------------------------------------------------------------------
  slack (MET)                                                       11.11


  Startpoint: addr_reg_reg[5]
              (rising edge-triggered flip-flop clocked by HCLK)
  Endpoint: HRDATA[16] (output port clocked by HCLK)
  Path Group: HCLK
  Path Type: max

  Des/Clust/Port     Wire Load Model       Library
  ------------------------------------------------
  ahb_spi_legacy     8000                  saed14rvt_tt0p8v25c

  Point                                                   Incr       Path
  --------------------------------------------------------------------------
  clock HCLK (rise edge)                                  0.00       0.00
  clock network delay (ideal)                             0.00       0.00
  addr_reg_reg[5]/CK (SAEDRVT14_FDPRBQ_V2_0P5)            0.00       0.00 r
  addr_reg_reg[5]/Q (SAEDRVT14_FDPRBQ_V2_0P5)             0.05       0.05 f
  U125/X (SAEDRVT14_OR3_0P5)                              0.02       0.07 f
  U127/X (SAEDRVT14_NR2_1)                                0.01       0.08 r
  U128/X (SAEDRVT14_ND2_CDC_1)                            0.01       0.09 f
  U112/X (SAEDRVT14_NR2_1)                                0.02       0.11 r
  U109/X (SAEDRVT14_INV_0P5)                              0.01       0.12 f
  U102/X (SAEDRVT14_NR2_1)                                0.07       0.19 r
  U71/X (SAEDRVT14_AO22_0P5)                              0.09       0.28 r
  HRDATA[16] (out)                                        0.11       0.39 r
  data arrival time                                                  0.39

  clock HCLK (rise edge)                                 20.00      20.00
  clock network delay (ideal)                             0.00      20.00
  clock uncertainty                                      -0.50      19.50
  output external delay                                  -8.00      11.50
  data required time                                                11.50
  --------------------------------------------------------------------------
  data required time                                                11.50
  data arrival time                                                 -0.39
  --------------------------------------------------------------------------
  slack (MET)                                                       11.11


  Startpoint: addr_reg_reg[5]
              (rising edge-triggered flip-flop clocked by HCLK)
  Endpoint: HRDATA[15] (output port clocked by HCLK)
  Path Group: HCLK
  Path Type: max

  Des/Clust/Port     Wire Load Model       Library
  ------------------------------------------------
  ahb_spi_legacy     8000                  saed14rvt_tt0p8v25c

  Point                                                   Incr       Path
  --------------------------------------------------------------------------
  clock HCLK (rise edge)                                  0.00       0.00
  clock network delay (ideal)                             0.00       0.00
  addr_reg_reg[5]/CK (SAEDRVT14_FDPRBQ_V2_0P5)            0.00       0.00 r
  addr_reg_reg[5]/Q (SAEDRVT14_FDPRBQ_V2_0P5)             0.05       0.05 f
  U125/X (SAEDRVT14_OR3_0P5)                              0.02       0.07 f
  U127/X (SAEDRVT14_NR2_1)                                0.01       0.08 r
  U128/X (SAEDRVT14_ND2_CDC_1)                            0.01       0.09 f
  U112/X (SAEDRVT14_NR2_1)                                0.02       0.11 r
  U109/X (SAEDRVT14_INV_0P5)                              0.01       0.12 f
  U102/X (SAEDRVT14_NR2_1)                                0.07       0.19 r
  U73/X (SAEDRVT14_AO22_0P5)                              0.09       0.28 r
  HRDATA[15] (out)                                        0.11       0.39 r
  data arrival time                                                  0.39

  clock HCLK (rise edge)                                 20.00      20.00
  clock network delay (ideal)                             0.00      20.00
  clock uncertainty                                      -0.50      19.50
  output external delay                                  -8.00      11.50
  data required time                                                11.50
  --------------------------------------------------------------------------
  data required time                                                11.50
  data arrival time                                                 -0.39
  --------------------------------------------------------------------------
  slack (MET)                                                       11.11


  Startpoint: addr_reg_reg[5]
              (rising edge-triggered flip-flop clocked by HCLK)
  Endpoint: HRDATA[14] (output port clocked by HCLK)
  Path Group: HCLK
  Path Type: max

  Des/Clust/Port     Wire Load Model       Library
  ------------------------------------------------
  ahb_spi_legacy     8000                  saed14rvt_tt0p8v25c

  Point                                                   Incr       Path
  --------------------------------------------------------------------------
  clock HCLK (rise edge)                                  0.00       0.00
  clock network delay (ideal)                             0.00       0.00
  addr_reg_reg[5]/CK (SAEDRVT14_FDPRBQ_V2_0P5)            0.00       0.00 r
  addr_reg_reg[5]/Q (SAEDRVT14_FDPRBQ_V2_0P5)             0.05       0.05 f
  U125/X (SAEDRVT14_OR3_0P5)                              0.02       0.07 f
  U127/X (SAEDRVT14_NR2_1)                                0.01       0.08 r
  U128/X (SAEDRVT14_ND2_CDC_1)                            0.01       0.09 f
  U112/X (SAEDRVT14_NR2_1)                                0.02       0.11 r
  U109/X (SAEDRVT14_INV_0P5)                              0.01       0.12 f
  U102/X (SAEDRVT14_NR2_1)                                0.07       0.19 r
  U82/X (SAEDRVT14_AO22_0P5)                              0.09       0.28 r
  HRDATA[14] (out)                                        0.11       0.39 r
  data arrival time                                                  0.39

  clock HCLK (rise edge)                                 20.00      20.00
  clock network delay (ideal)                             0.00      20.00
  clock uncertainty                                      -0.50      19.50
  output external delay                                  -8.00      11.50
  data required time                                                11.50
  --------------------------------------------------------------------------
  data required time                                                11.50
  data arrival time                                                 -0.39
  --------------------------------------------------------------------------
  slack (MET)                                                       11.11


  Startpoint: addr_reg_reg[5]
              (rising edge-triggered flip-flop clocked by HCLK)
  Endpoint: HRDATA[13] (output port clocked by HCLK)
  Path Group: HCLK
  Path Type: max

  Des/Clust/Port     Wire Load Model       Library
  ------------------------------------------------
  ahb_spi_legacy     8000                  saed14rvt_tt0p8v25c

  Point                                                   Incr       Path
  --------------------------------------------------------------------------
  clock HCLK (rise edge)                                  0.00       0.00
  clock network delay (ideal)                             0.00       0.00
  addr_reg_reg[5]/CK (SAEDRVT14_FDPRBQ_V2_0P5)            0.00       0.00 r
  addr_reg_reg[5]/Q (SAEDRVT14_FDPRBQ_V2_0P5)             0.05       0.05 f
  U125/X (SAEDRVT14_OR3_0P5)                              0.02       0.07 f
  U127/X (SAEDRVT14_NR2_1)                                0.01       0.08 r
  U128/X (SAEDRVT14_ND2_CDC_1)                            0.01       0.09 f
  U112/X (SAEDRVT14_NR2_1)                                0.02       0.11 r
  U109/X (SAEDRVT14_INV_0P5)                              0.01       0.12 f
  U102/X (SAEDRVT14_NR2_1)                                0.07       0.19 r
  U74/X (SAEDRVT14_AO22_0P5)                              0.09       0.28 r
  HRDATA[13] (out)                                        0.11       0.39 r
  data arrival time                                                  0.39

  clock HCLK (rise edge)                                 20.00      20.00
  clock network delay (ideal)                             0.00      20.00
  clock uncertainty                                      -0.50      19.50
  output external delay                                  -8.00      11.50
  data required time                                                11.50
  --------------------------------------------------------------------------
  data required time                                                11.50
  data arrival time                                                 -0.39
  --------------------------------------------------------------------------
  slack (MET)                                                       11.11


  Startpoint: addr_reg_reg[5]
              (rising edge-triggered flip-flop clocked by HCLK)
  Endpoint: HRDATA[12] (output port clocked by HCLK)
  Path Group: HCLK
  Path Type: max

  Des/Clust/Port     Wire Load Model       Library
  ------------------------------------------------
  ahb_spi_legacy     8000                  saed14rvt_tt0p8v25c

  Point                                                   Incr       Path
  --------------------------------------------------------------------------
  clock HCLK (rise edge)                                  0.00       0.00
  clock network delay (ideal)                             0.00       0.00
  addr_reg_reg[5]/CK (SAEDRVT14_FDPRBQ_V2_0P5)            0.00       0.00 r
  addr_reg_reg[5]/Q (SAEDRVT14_FDPRBQ_V2_0P5)             0.05       0.05 f
  U125/X (SAEDRVT14_OR3_0P5)                              0.02       0.07 f
  U127/X (SAEDRVT14_NR2_1)                                0.01       0.08 r
  U128/X (SAEDRVT14_ND2_CDC_1)                            0.01       0.09 f
  U112/X (SAEDRVT14_NR2_1)                                0.02       0.11 r
  U109/X (SAEDRVT14_INV_0P5)                              0.01       0.12 f
  U102/X (SAEDRVT14_NR2_1)                                0.07       0.19 r
  U72/X (SAEDRVT14_AO22_0P5)                              0.09       0.28 r
  HRDATA[12] (out)                                        0.11       0.39 r
  data arrival time                                                  0.39

  clock HCLK (rise edge)                                 20.00      20.00
  clock network delay (ideal)                             0.00      20.00
  clock uncertainty                                      -0.50      19.50
  output external delay                                  -8.00      11.50
  data required time                                                11.50
  --------------------------------------------------------------------------
  data required time                                                11.50
  data arrival time                                                 -0.39
  --------------------------------------------------------------------------
  slack (MET)                                                       11.11


  Startpoint: addr_reg_reg[5]
              (rising edge-triggered flip-flop clocked by HCLK)
  Endpoint: HRDATA[11] (output port clocked by HCLK)
  Path Group: HCLK
  Path Type: max

  Des/Clust/Port     Wire Load Model       Library
  ------------------------------------------------
  ahb_spi_legacy     8000                  saed14rvt_tt0p8v25c

  Point                                                   Incr       Path
  --------------------------------------------------------------------------
  clock HCLK (rise edge)                                  0.00       0.00
  clock network delay (ideal)                             0.00       0.00
  addr_reg_reg[5]/CK (SAEDRVT14_FDPRBQ_V2_0P5)            0.00       0.00 r
  addr_reg_reg[5]/Q (SAEDRVT14_FDPRBQ_V2_0P5)             0.05       0.05 f
  U125/X (SAEDRVT14_OR3_0P5)                              0.02       0.07 f
  U127/X (SAEDRVT14_NR2_1)                                0.01       0.08 r
  U128/X (SAEDRVT14_ND2_CDC_1)                            0.01       0.09 f
  U112/X (SAEDRVT14_NR2_1)                                0.02       0.11 r
  U109/X (SAEDRVT14_INV_0P5)                              0.01       0.12 f
  U102/X (SAEDRVT14_NR2_1)                                0.07       0.19 r
  U78/X (SAEDRVT14_AO22_0P5)                              0.09       0.28 r
  HRDATA[11] (out)                                        0.11       0.39 r
  data arrival time                                                  0.39

  clock HCLK (rise edge)                                 20.00      20.00
  clock network delay (ideal)                             0.00      20.00
  clock uncertainty                                      -0.50      19.50
  output external delay                                  -8.00      11.50
  data required time                                                11.50
  --------------------------------------------------------------------------
  data required time                                                11.50
  data arrival time                                                 -0.39
  --------------------------------------------------------------------------
  slack (MET)                                                       11.11


  Startpoint: addr_reg_reg[5]
              (rising edge-triggered flip-flop clocked by HCLK)
  Endpoint: HRDATA[10] (output port clocked by HCLK)
  Path Group: HCLK
  Path Type: max

  Des/Clust/Port     Wire Load Model       Library
  ------------------------------------------------
  ahb_spi_legacy     8000                  saed14rvt_tt0p8v25c

  Point                                                   Incr       Path
  --------------------------------------------------------------------------
  clock HCLK (rise edge)                                  0.00       0.00
  clock network delay (ideal)                             0.00       0.00
  addr_reg_reg[5]/CK (SAEDRVT14_FDPRBQ_V2_0P5)            0.00       0.00 r
  addr_reg_reg[5]/Q (SAEDRVT14_FDPRBQ_V2_0P5)             0.05       0.05 f
  U125/X (SAEDRVT14_OR3_0P5)                              0.02       0.07 f
  U127/X (SAEDRVT14_NR2_1)                                0.01       0.08 r
  U128/X (SAEDRVT14_ND2_CDC_1)                            0.01       0.09 f
  U112/X (SAEDRVT14_NR2_1)                                0.02       0.11 r
  U109/X (SAEDRVT14_INV_0P5)                              0.01       0.12 f
  U102/X (SAEDRVT14_NR2_1)                                0.07       0.19 r
  U86/X (SAEDRVT14_AO22_0P5)                              0.09       0.28 r
  HRDATA[10] (out)                                        0.11       0.39 r
  data arrival time                                                  0.39

  clock HCLK (rise edge)                                 20.00      20.00
  clock network delay (ideal)                             0.00      20.00
  clock uncertainty                                      -0.50      19.50
  output external delay                                  -8.00      11.50
  data required time                                                11.50
  --------------------------------------------------------------------------
  data required time                                                11.50
  data arrival time                                                 -0.39
  --------------------------------------------------------------------------
  slack (MET)                                                       11.11


  Startpoint: addr_reg_reg[5]
              (rising edge-triggered flip-flop clocked by HCLK)
  Endpoint: HRDATA[9] (output port clocked by HCLK)
  Path Group: HCLK
  Path Type: max

  Des/Clust/Port     Wire Load Model       Library
  ------------------------------------------------
  ahb_spi_legacy     8000                  saed14rvt_tt0p8v25c

  Point                                                   Incr       Path
  --------------------------------------------------------------------------
  clock HCLK (rise edge)                                  0.00       0.00
  clock network delay (ideal)                             0.00       0.00
  addr_reg_reg[5]/CK (SAEDRVT14_FDPRBQ_V2_0P5)            0.00       0.00 r
  addr_reg_reg[5]/Q (SAEDRVT14_FDPRBQ_V2_0P5)             0.05       0.05 f
  U125/X (SAEDRVT14_OR3_0P5)                              0.02       0.07 f
  U127/X (SAEDRVT14_NR2_1)                                0.01       0.08 r
  U128/X (SAEDRVT14_ND2_CDC_1)                            0.01       0.09 f
  U112/X (SAEDRVT14_NR2_1)                                0.02       0.11 r
  U109/X (SAEDRVT14_INV_0P5)                              0.01       0.12 f
  U102/X (SAEDRVT14_NR2_1)                                0.07       0.19 r
  U93/X (SAEDRVT14_AO22_0P5)                              0.09       0.28 r
  HRDATA[9] (out)                                         0.11       0.39 r
  data arrival time                                                  0.39

  clock HCLK (rise edge)                                 20.00      20.00
  clock network delay (ideal)                             0.00      20.00
  clock uncertainty                                      -0.50      19.50
  output external delay                                  -8.00      11.50
  data required time                                                11.50
  --------------------------------------------------------------------------
  data required time                                                11.50
  data arrival time                                                 -0.39
  --------------------------------------------------------------------------
  slack (MET)                                                       11.11


  Startpoint: addr_reg_reg[5]
              (rising edge-triggered flip-flop clocked by HCLK)
  Endpoint: HRDATA[8] (output port clocked by HCLK)
  Path Group: HCLK
  Path Type: max

  Des/Clust/Port     Wire Load Model       Library
  ------------------------------------------------
  ahb_spi_legacy     8000                  saed14rvt_tt0p8v25c

  Point                                                   Incr       Path
  --------------------------------------------------------------------------
  clock HCLK (rise edge)                                  0.00       0.00
  clock network delay (ideal)                             0.00       0.00
  addr_reg_reg[5]/CK (SAEDRVT14_FDPRBQ_V2_0P5)            0.00       0.00 r
  addr_reg_reg[5]/Q (SAEDRVT14_FDPRBQ_V2_0P5)             0.05       0.05 f
  U125/X (SAEDRVT14_OR3_0P5)                              0.02       0.07 f
  U127/X (SAEDRVT14_NR2_1)                                0.01       0.08 r
  U128/X (SAEDRVT14_ND2_CDC_1)                            0.01       0.09 f
  U112/X (SAEDRVT14_NR2_1)                                0.02       0.11 r
  U109/X (SAEDRVT14_INV_0P5)                              0.01       0.12 f
  U102/X (SAEDRVT14_NR2_1)                                0.07       0.19 r
  U96/X (SAEDRVT14_AO22_0P5)                              0.09       0.28 r
  HRDATA[8] (out)                                         0.11       0.39 r
  data arrival time                                                  0.39

  clock HCLK (rise edge)                                 20.00      20.00
  clock network delay (ideal)                             0.00      20.00
  clock uncertainty                                      -0.50      19.50
  output external delay                                  -8.00      11.50
  data required time                                                11.50
  --------------------------------------------------------------------------
  data required time                                                11.50
  data arrival time                                                 -0.39
  --------------------------------------------------------------------------
  slack (MET)                                                       11.11


1
