 
****************************************
Report : timing
        -path full
        -delay min
        -max_paths 20
Design : ahb_spi_legacy
Version: V-2023.12-SP2
Date   : Sun May 31 03:10:25 2026
****************************************

Operating Conditions: tt0p8v25c   Library: saed14rvt_tt0p8v25c
Wire Load Model Mode: top

  Startpoint: flash_addr_reg_reg[1]
              (rising edge-triggered flip-flop clocked by HCLK)
  Endpoint: u_spi_fsm/shift_tx_reg[1]
            (rising edge-triggered flip-flop clocked by HCLK)
  Path Group: HCLK
  Path Type: min

  Des/Clust/Port     Wire Load Model       Library
  ------------------------------------------------
  ahb_spi_legacy     8000                  saed14rvt_tt0p8v25c

  Point                                                   Incr       Path
  --------------------------------------------------------------------------
  clock HCLK (rise edge)                                  0.00       0.00
  clock network delay (ideal)                             0.00       0.00
  flash_addr_reg_reg[1]/CK (SAEDRVT14_FDPRBQ_V2_0P5)      0.00       0.00 r
  flash_addr_reg_reg[1]/Q (SAEDRVT14_FDPRBQ_V2_0P5)       0.05       0.05 f
  u_spi_fsm/flash_addr[1] (spi_serializer_fsm)            0.00       0.05 f
  u_spi_fsm/U188/X (SAEDRVT14_AO21B_0P5)                  0.02       0.07 f
  u_spi_fsm/shift_tx_reg[1]/D (SAEDRVT14_FDPRBQ_V2LP_0P5)
                                                          0.01       0.07 f
  data arrival time                                                  0.07

  clock HCLK (rise edge)                                  0.00       0.00
  clock network delay (ideal)                             0.00       0.00
  clock uncertainty                                       0.10       0.10
  u_spi_fsm/shift_tx_reg[1]/CK (SAEDRVT14_FDPRBQ_V2LP_0P5)
                                                          0.00       0.10 r
  library hold time                                       0.04       0.14
  data required time                                                 0.14
  --------------------------------------------------------------------------
  data required time                                                 0.14
  data arrival time                                                 -0.07
  --------------------------------------------------------------------------
  slack (VIOLATED)                                                  -0.07


  Startpoint: flash_addr_reg_reg[16]
              (rising edge-triggered flip-flop clocked by HCLK)
  Endpoint: u_spi_fsm/shift_tx_reg[16]
            (rising edge-triggered flip-flop clocked by HCLK)
  Path Group: HCLK
  Path Type: min

  Des/Clust/Port     Wire Load Model       Library
  ------------------------------------------------
  ahb_spi_legacy     8000                  saed14rvt_tt0p8v25c

  Point                                                   Incr       Path
  --------------------------------------------------------------------------
  clock HCLK (rise edge)                                  0.00       0.00
  clock network delay (ideal)                             0.00       0.00
  flash_addr_reg_reg[16]/CK (SAEDRVT14_FDPRBQ_V2_0P5)     0.00       0.00 r
  flash_addr_reg_reg[16]/Q (SAEDRVT14_FDPRBQ_V2_0P5)      0.05       0.05 f
  u_spi_fsm/flash_addr[16] (spi_serializer_fsm)           0.00       0.05 f
  u_spi_fsm/U218/X (SAEDRVT14_AO21B_0P5)                  0.02       0.07 f
  u_spi_fsm/shift_tx_reg[16]/D (SAEDRVT14_FDPRBQ_V2LP_0P5)
                                                          0.01       0.07 f
  data arrival time                                                  0.07

  clock HCLK (rise edge)                                  0.00       0.00
  clock network delay (ideal)                             0.00       0.00
  clock uncertainty                                       0.10       0.10
  u_spi_fsm/shift_tx_reg[16]/CK (SAEDRVT14_FDPRBQ_V2LP_0P5)
                                                          0.00       0.10 r
  library hold time                                       0.04       0.14
  data required time                                                 0.14
  --------------------------------------------------------------------------
  data required time                                                 0.14
  data arrival time                                                 -0.07
  --------------------------------------------------------------------------
  slack (VIOLATED)                                                  -0.07


  Startpoint: u_spi_fsm/shift_tx_reg[30]
              (rising edge-triggered flip-flop clocked by HCLK)
  Endpoint: u_spi_fsm/shift_tx_reg[31]
            (rising edge-triggered flip-flop clocked by HCLK)
  Path Group: HCLK
  Path Type: min

  Des/Clust/Port     Wire Load Model       Library
  ------------------------------------------------
  ahb_spi_legacy     8000                  saed14rvt_tt0p8v25c

  Point                                                   Incr       Path
  --------------------------------------------------------------------------
  clock HCLK (rise edge)                                  0.00       0.00
  clock network delay (ideal)                             0.00       0.00
  u_spi_fsm/shift_tx_reg[30]/CK (SAEDRVT14_FDPRBQ_V2_0P5)
                                                          0.00       0.00 r
  u_spi_fsm/shift_tx_reg[30]/Q (SAEDRVT14_FDPRBQ_V2_0P5)
                                                          0.05       0.05 f
  u_spi_fsm/U50/X (SAEDRVT14_AOI21_0P75)                  0.02       0.07 r
  u_spi_fsm/U249/X (SAEDRVT14_ND2_CDC_1)                  0.01       0.08 f
  u_spi_fsm/shift_tx_reg[31]/D (SAEDRVT14_FDPRBQ_V2LP_0P5)
                                                          0.01       0.08 f
  data arrival time                                                  0.08

  clock HCLK (rise edge)                                  0.00       0.00
  clock network delay (ideal)                             0.00       0.00
  clock uncertainty                                       0.10       0.10
  u_spi_fsm/shift_tx_reg[31]/CK (SAEDRVT14_FDPRBQ_V2LP_0P5)
                                                          0.00       0.10 r
  library hold time                                       0.04       0.14
  data required time                                                 0.14
  --------------------------------------------------------------------------
  data required time                                                 0.14
  data arrival time                                                 -0.08
  --------------------------------------------------------------------------
  slack (VIOLATED)                                                  -0.06


  Startpoint: u_spi_fsm/shift_rx_reg[12]
              (rising edge-triggered flip-flop clocked by HCLK)
  Endpoint: u_spi_fsm/shift_rx_reg[13]
            (rising edge-triggered flip-flop clocked by HCLK)
  Path Group: HCLK
  Path Type: min

  Des/Clust/Port     Wire Load Model       Library
  ------------------------------------------------
  ahb_spi_legacy     8000                  saed14rvt_tt0p8v25c

  Point                                                   Incr       Path
  --------------------------------------------------------------------------
  clock HCLK (rise edge)                                  0.00       0.00
  clock network delay (ideal)                             0.00       0.00
  u_spi_fsm/shift_rx_reg[12]/CK (SAEDRVT14_FDPRBQ_V2_0P5)
                                                          0.00       0.00 r
  u_spi_fsm/shift_rx_reg[12]/Q (SAEDRVT14_FDPRBQ_V2_0P5)
                                                          0.05       0.05 f
  u_spi_fsm/U157/X (SAEDRVT14_INV_0P5)                    0.01       0.06 r
  u_spi_fsm/U109/X (SAEDRVT14_OAI22_0P5)                  0.01       0.07 f
  u_spi_fsm/shift_rx_reg[13]/D (SAEDRVT14_FDPRBQ_V2LP_0P5)
                                                          0.01       0.08 f
  data arrival time                                                  0.08

  clock HCLK (rise edge)                                  0.00       0.00
  clock network delay (ideal)                             0.00       0.00
  clock uncertainty                                       0.10       0.10
  u_spi_fsm/shift_rx_reg[13]/CK (SAEDRVT14_FDPRBQ_V2LP_0P5)
                                                          0.00       0.10 r
  library hold time                                       0.04       0.14
  data required time                                                 0.14
  --------------------------------------------------------------------------
  data required time                                                 0.14
  data arrival time                                                 -0.08
  --------------------------------------------------------------------------
  slack (VIOLATED)                                                  -0.06


  Startpoint: u_spi_fsm/shift_rx_reg[27]
              (rising edge-triggered flip-flop clocked by HCLK)
  Endpoint: u_spi_fsm/shift_rx_reg[28]
            (rising edge-triggered flip-flop clocked by HCLK)
  Path Group: HCLK
  Path Type: min

  Des/Clust/Port     Wire Load Model       Library
  ------------------------------------------------
  ahb_spi_legacy     8000                  saed14rvt_tt0p8v25c

  Point                                                   Incr       Path
  --------------------------------------------------------------------------
  clock HCLK (rise edge)                                  0.00       0.00
  clock network delay (ideal)                             0.00       0.00
  u_spi_fsm/shift_rx_reg[27]/CK (SAEDRVT14_FDPRBQ_V2_0P5)
                                                          0.00       0.00 r
  u_spi_fsm/shift_rx_reg[27]/Q (SAEDRVT14_FDPRBQ_V2_0P5)
                                                          0.05       0.05 f
  u_spi_fsm/U174/X (SAEDRVT14_INV_0P5)                    0.01       0.06 r
  u_spi_fsm/U92/X (SAEDRVT14_OAI22_0P5)                   0.01       0.07 f
  u_spi_fsm/shift_rx_reg[28]/D (SAEDRVT14_FDPRBQ_V2LP_0P5)
                                                          0.01       0.08 f
  data arrival time                                                  0.08

  clock HCLK (rise edge)                                  0.00       0.00
  clock network delay (ideal)                             0.00       0.00
  clock uncertainty                                       0.10       0.10
  u_spi_fsm/shift_rx_reg[28]/CK (SAEDRVT14_FDPRBQ_V2LP_0P5)
                                                          0.00       0.10 r
  library hold time                                       0.04       0.14
  data required time                                                 0.14
  --------------------------------------------------------------------------
  data required time                                                 0.14
  data arrival time                                                 -0.08
  --------------------------------------------------------------------------
  slack (VIOLATED)                                                  -0.06


  Startpoint: tx_data_reg_reg[27]
              (rising edge-triggered flip-flop clocked by HCLK)
  Endpoint: tx_data_reg_reg[27]
            (rising edge-triggered flip-flop clocked by HCLK)
  Path Group: HCLK
  Path Type: min

  Des/Clust/Port     Wire Load Model       Library
  ------------------------------------------------
  ahb_spi_legacy     8000                  saed14rvt_tt0p8v25c

  Point                                                   Incr       Path
  --------------------------------------------------------------------------
  clock HCLK (rise edge)                                  0.00       0.00
  clock network delay (ideal)                             0.00       0.00
  tx_data_reg_reg[27]/CK (SAEDRVT14_FDPRBQ_V2LP_0P5)      0.00       0.00 r
  tx_data_reg_reg[27]/Q (SAEDRVT14_FDPRBQ_V2LP_0P5)       0.06       0.06 f
  U259/X (SAEDRVT14_MUX2_U_0P5)                           0.02       0.08 f
  tx_data_reg_reg[27]/D (SAEDRVT14_FDPRBQ_V2LP_0P5)       0.01       0.08 f
  data arrival time                                                  0.08

  clock HCLK (rise edge)                                  0.00       0.00
  clock network delay (ideal)                             0.00       0.00
  clock uncertainty                                       0.10       0.10
  tx_data_reg_reg[27]/CK (SAEDRVT14_FDPRBQ_V2LP_0P5)      0.00       0.10 r
  library hold time                                       0.04       0.14
  data required time                                                 0.14
  --------------------------------------------------------------------------
  data required time                                                 0.14
  data arrival time                                                 -0.08
  --------------------------------------------------------------------------
  slack (VIOLATED)                                                  -0.06


  Startpoint: tx_data_reg_reg[12]
              (rising edge-triggered flip-flop clocked by HCLK)
  Endpoint: tx_data_reg_reg[12]
            (rising edge-triggered flip-flop clocked by HCLK)
  Path Group: HCLK
  Path Type: min

  Des/Clust/Port     Wire Load Model       Library
  ------------------------------------------------
  ahb_spi_legacy     8000                  saed14rvt_tt0p8v25c

  Point                                                   Incr       Path
  --------------------------------------------------------------------------
  clock HCLK (rise edge)                                  0.00       0.00
  clock network delay (ideal)                             0.00       0.00
  tx_data_reg_reg[12]/CK (SAEDRVT14_FDPRBQ_V2LP_0P5)      0.00       0.00 r
  tx_data_reg_reg[12]/Q (SAEDRVT14_FDPRBQ_V2LP_0P5)       0.06       0.06 f
  U291/X (SAEDRVT14_MUX2_U_0P5)                           0.02       0.08 f
  tx_data_reg_reg[12]/D (SAEDRVT14_FDPRBQ_V2LP_0P5)       0.01       0.08 f
  data arrival time                                                  0.08

  clock HCLK (rise edge)                                  0.00       0.00
  clock network delay (ideal)                             0.00       0.00
  clock uncertainty                                       0.10       0.10
  tx_data_reg_reg[12]/CK (SAEDRVT14_FDPRBQ_V2LP_0P5)      0.00       0.10 r
  library hold time                                       0.04       0.14
  data required time                                                 0.14
  --------------------------------------------------------------------------
  data required time                                                 0.14
  data arrival time                                                 -0.08
  --------------------------------------------------------------------------
  slack (VIOLATED)                                                  -0.06


  Startpoint: addr_reg_reg[6]
              (rising edge-triggered flip-flop clocked by HCLK)
  Endpoint: addr_reg_reg[6]
            (rising edge-triggered flip-flop clocked by HCLK)
  Path Group: HCLK
  Path Type: min

  Des/Clust/Port     Wire Load Model       Library
  ------------------------------------------------
  ahb_spi_legacy     8000                  saed14rvt_tt0p8v25c

  Point                                                   Incr       Path
  --------------------------------------------------------------------------
  clock HCLK (rise edge)                                  0.00       0.00
  clock network delay (ideal)                             0.00       0.00
  addr_reg_reg[6]/CK (SAEDRVT14_FDPRBQ_V2_0P5)            0.00       0.00 r
  addr_reg_reg[6]/Q (SAEDRVT14_FDPRBQ_V2_0P5)             0.05       0.05 f
  U317/X (SAEDRVT14_MUX2_U_0P5)                           0.02       0.07 f
  addr_reg_reg[6]/D (SAEDRVT14_FDPRBQ_V2_0P5)             0.01       0.07 f
  data arrival time                                                  0.07

  clock HCLK (rise edge)                                  0.00       0.00
  clock network delay (ideal)                             0.00       0.00
  clock uncertainty                                       0.10       0.10
  addr_reg_reg[6]/CK (SAEDRVT14_FDPRBQ_V2_0P5)            0.00       0.10 r
  library hold time                                       0.03       0.13
  data required time                                                 0.13
  --------------------------------------------------------------------------
  data required time                                                 0.13
  data arrival time                                                 -0.07
  --------------------------------------------------------------------------
  slack (VIOLATED)                                                  -0.06


  Startpoint: addr_reg_reg[1]
              (rising edge-triggered flip-flop clocked by HCLK)
  Endpoint: addr_reg_reg[1]
            (rising edge-triggered flip-flop clocked by HCLK)
  Path Group: HCLK
  Path Type: min

  Des/Clust/Port     Wire Load Model       Library
  ------------------------------------------------
  ahb_spi_legacy     8000                  saed14rvt_tt0p8v25c

  Point                                                   Incr       Path
  --------------------------------------------------------------------------
  clock HCLK (rise edge)                                  0.00       0.00
  clock network delay (ideal)                             0.00       0.00
  addr_reg_reg[1]/CK (SAEDRVT14_FDPRBQ_V2_0P5)            0.00       0.00 r
  addr_reg_reg[1]/Q (SAEDRVT14_FDPRBQ_V2_0P5)             0.05       0.05 f
  U323/X (SAEDRVT14_MUX2_U_0P5)                           0.02       0.07 f
  addr_reg_reg[1]/D (SAEDRVT14_FDPRBQ_V2_0P5)             0.01       0.07 f
  data arrival time                                                  0.07

  clock HCLK (rise edge)                                  0.00       0.00
  clock network delay (ideal)                             0.00       0.00
  clock uncertainty                                       0.10       0.10
  addr_reg_reg[1]/CK (SAEDRVT14_FDPRBQ_V2_0P5)            0.00       0.10 r
  library hold time                                       0.03       0.13
  data required time                                                 0.13
  --------------------------------------------------------------------------
  data required time                                                 0.13
  data arrival time                                                 -0.07
  --------------------------------------------------------------------------
  slack (VIOLATED)                                                  -0.06


  Startpoint: addr_reg_reg[0]
              (rising edge-triggered flip-flop clocked by HCLK)
  Endpoint: addr_reg_reg[0]
            (rising edge-triggered flip-flop clocked by HCLK)
  Path Group: HCLK
  Path Type: min

  Des/Clust/Port     Wire Load Model       Library
  ------------------------------------------------
  ahb_spi_legacy     8000                  saed14rvt_tt0p8v25c

  Point                                                   Incr       Path
  --------------------------------------------------------------------------
  clock HCLK (rise edge)                                  0.00       0.00
  clock network delay (ideal)                             0.00       0.00
  addr_reg_reg[0]/CK (SAEDRVT14_FDPRBQ_V2_0P5)            0.00       0.00 r
  addr_reg_reg[0]/Q (SAEDRVT14_FDPRBQ_V2_0P5)             0.05       0.05 f
  U324/X (SAEDRVT14_MUX2_U_0P5)                           0.02       0.07 f
  addr_reg_reg[0]/D (SAEDRVT14_FDPRBQ_V2_0P5)             0.01       0.07 f
  data arrival time                                                  0.07

  clock HCLK (rise edge)                                  0.00       0.00
  clock network delay (ideal)                             0.00       0.00
  clock uncertainty                                       0.10       0.10
  addr_reg_reg[0]/CK (SAEDRVT14_FDPRBQ_V2_0P5)            0.00       0.10 r
  library hold time                                       0.03       0.13
  data required time                                                 0.13
  --------------------------------------------------------------------------
  data required time                                                 0.13
  data arrival time                                                 -0.07
  --------------------------------------------------------------------------
  slack (VIOLATED)                                                  -0.06


  Startpoint: u_spi_fsm/shift_tx_reg[0]
              (rising edge-triggered flip-flop clocked by HCLK)
  Endpoint: u_spi_fsm/shift_tx_reg[0]
            (rising edge-triggered flip-flop clocked by HCLK)
  Path Group: HCLK
  Path Type: min

  Des/Clust/Port     Wire Load Model       Library
  ------------------------------------------------
  ahb_spi_legacy     8000                  saed14rvt_tt0p8v25c

  Point                                                   Incr       Path
  --------------------------------------------------------------------------
  clock HCLK (rise edge)                                  0.00       0.00
  clock network delay (ideal)                             0.00       0.00
  u_spi_fsm/shift_tx_reg[0]/CK (SAEDRVT14_FDPRBQ_V2_0P5)
                                                          0.00       0.00 r
  u_spi_fsm/shift_tx_reg[0]/Q (SAEDRVT14_FDPRBQ_V2_0P5)
                                                          0.05       0.05 f
  u_spi_fsm/U77/X (SAEDRVT14_AO222_1)                     0.02       0.07 f
  u_spi_fsm/shift_tx_reg[0]/D (SAEDRVT14_FDPRBQ_V2_0P5)
                                                          0.01       0.07 f
  data arrival time                                                  0.07

  clock HCLK (rise edge)                                  0.00       0.00
  clock network delay (ideal)                             0.00       0.00
  clock uncertainty                                       0.10       0.10
  u_spi_fsm/shift_tx_reg[0]/CK (SAEDRVT14_FDPRBQ_V2_0P5)
                                                          0.00       0.10 r
  library hold time                                       0.03       0.13
  data required time                                                 0.13
  --------------------------------------------------------------------------
  data required time                                                 0.13
  data arrival time                                                 -0.07
  --------------------------------------------------------------------------
  slack (VIOLATED)                                                  -0.06


  Startpoint: addr_reg_reg[4]
              (rising edge-triggered flip-flop clocked by HCLK)
  Endpoint: addr_reg_reg[4]
            (rising edge-triggered flip-flop clocked by HCLK)
  Path Group: HCLK
  Path Type: min

  Des/Clust/Port     Wire Load Model       Library
  ------------------------------------------------
  ahb_spi_legacy     8000                  saed14rvt_tt0p8v25c

  Point                                                   Incr       Path
  --------------------------------------------------------------------------
  clock HCLK (rise edge)                                  0.00       0.00
  clock network delay (ideal)                             0.00       0.00
  addr_reg_reg[4]/CK (SAEDRVT14_FDPRBQ_V2_0P5)            0.00       0.00 r
  addr_reg_reg[4]/Q (SAEDRVT14_FDPRBQ_V2_0P5)             0.05       0.05 f
  U310/X (SAEDRVT14_MUX2_U_0P5)                           0.02       0.07 f
  addr_reg_reg[4]/D (SAEDRVT14_FDPRBQ_V2_0P5)             0.01       0.07 f
  data arrival time                                                  0.07

  clock HCLK (rise edge)                                  0.00       0.00
  clock network delay (ideal)                             0.00       0.00
  clock uncertainty                                       0.10       0.10
  addr_reg_reg[4]/CK (SAEDRVT14_FDPRBQ_V2_0P5)            0.00       0.10 r
  library hold time                                       0.03       0.13
  data required time                                                 0.13
  --------------------------------------------------------------------------
  data required time                                                 0.13
  data arrival time                                                 -0.07
  --------------------------------------------------------------------------
  slack (VIOLATED)                                                  -0.06


  Startpoint: flash_addr_reg_reg[23]
              (rising edge-triggered flip-flop clocked by HCLK)
  Endpoint: flash_addr_reg_reg[23]
            (rising edge-triggered flip-flop clocked by HCLK)
  Path Group: HCLK
  Path Type: min

  Des/Clust/Port     Wire Load Model       Library
  ------------------------------------------------
  ahb_spi_legacy     8000                  saed14rvt_tt0p8v25c

  Point                                                   Incr       Path
  --------------------------------------------------------------------------
  clock HCLK (rise edge)                                  0.00       0.00
  clock network delay (ideal)                             0.00       0.00
  flash_addr_reg_reg[23]/CK (SAEDRVT14_FDPRBQ_V2LP_0P5)
                                                          0.00       0.00 r
  flash_addr_reg_reg[23]/Q (SAEDRVT14_FDPRBQ_V2LP_0P5)
                                                          0.06       0.06 f
  U187/X (SAEDRVT14_MUX2_U_0P5)                           0.02       0.08 f
  flash_addr_reg_reg[23]/D (SAEDRVT14_FDPRBQ_V2LP_0P5)
                                                          0.01       0.08 f
  data arrival time                                                  0.08

  clock HCLK (rise edge)                                  0.00       0.00
  clock network delay (ideal)                             0.00       0.00
  clock uncertainty                                       0.10       0.10
  flash_addr_reg_reg[23]/CK (SAEDRVT14_FDPRBQ_V2LP_0P5)
                                                          0.00       0.10 r
  library hold time                                       0.04       0.14
  data required time                                                 0.14
  --------------------------------------------------------------------------
  data required time                                                 0.14
  data arrival time                                                 -0.08
  --------------------------------------------------------------------------
  slack (VIOLATED)                                                  -0.06


  Startpoint: flash_addr_reg_reg[8]
              (rising edge-triggered flip-flop clocked by HCLK)
  Endpoint: flash_addr_reg_reg[8]
            (rising edge-triggered flip-flop clocked by HCLK)
  Path Group: HCLK
  Path Type: min

  Des/Clust/Port     Wire Load Model       Library
  ------------------------------------------------
  ahb_spi_legacy     8000                  saed14rvt_tt0p8v25c

  Point                                                   Incr       Path
  --------------------------------------------------------------------------
  clock HCLK (rise edge)                                  0.00       0.00
  clock network delay (ideal)                             0.00       0.00
  flash_addr_reg_reg[8]/CK (SAEDRVT14_FDPRBQ_V2LP_0P5)
                                                          0.00       0.00 r
  flash_addr_reg_reg[8]/Q (SAEDRVT14_FDPRBQ_V2LP_0P5)     0.06       0.06 f
  U221/X (SAEDRVT14_MUX2_U_0P5)                           0.02       0.08 f
  flash_addr_reg_reg[8]/D (SAEDRVT14_FDPRBQ_V2LP_0P5)     0.01       0.08 f
  data arrival time                                                  0.08

  clock HCLK (rise edge)                                  0.00       0.00
  clock network delay (ideal)                             0.00       0.00
  clock uncertainty                                       0.10       0.10
  flash_addr_reg_reg[8]/CK (SAEDRVT14_FDPRBQ_V2LP_0P5)
                                                          0.00       0.10 r
  library hold time                                       0.04       0.14
  data required time                                                 0.14
  --------------------------------------------------------------------------
  data required time                                                 0.14
  data arrival time                                                 -0.08
  --------------------------------------------------------------------------
  slack (VIOLATED)                                                  -0.06


  Startpoint: addr_reg_reg[7]
              (rising edge-triggered flip-flop clocked by HCLK)
  Endpoint: addr_reg_reg[7]
            (rising edge-triggered flip-flop clocked by HCLK)
  Path Group: HCLK
  Path Type: min

  Des/Clust/Port     Wire Load Model       Library
  ------------------------------------------------
  ahb_spi_legacy     8000                  saed14rvt_tt0p8v25c

  Point                                                   Incr       Path
  --------------------------------------------------------------------------
  clock HCLK (rise edge)                                  0.00       0.00
  clock network delay (ideal)                             0.00       0.00
  addr_reg_reg[7]/CK (SAEDRVT14_FDPRBQ_V2_0P5)            0.00       0.00 r
  addr_reg_reg[7]/Q (SAEDRVT14_FDPRBQ_V2_0P5)             0.05       0.05 f
  U319/X (SAEDRVT14_MUX2_U_0P5)                           0.02       0.07 f
  addr_reg_reg[7]/D (SAEDRVT14_FDPRBQ_V2_0P5)             0.01       0.07 f
  data arrival time                                                  0.07

  clock HCLK (rise edge)                                  0.00       0.00
  clock network delay (ideal)                             0.00       0.00
  clock uncertainty                                       0.10       0.10
  addr_reg_reg[7]/CK (SAEDRVT14_FDPRBQ_V2_0P5)            0.00       0.10 r
  library hold time                                       0.03       0.13
  data required time                                                 0.13
  --------------------------------------------------------------------------
  data required time                                                 0.13
  data arrival time                                                 -0.07
  --------------------------------------------------------------------------
  slack (VIOLATED)                                                  -0.06


  Startpoint: flash_addr_reg_reg[7]
              (rising edge-triggered flip-flop clocked by HCLK)
  Endpoint: flash_addr_reg_reg[7]
            (rising edge-triggered flip-flop clocked by HCLK)
  Path Group: HCLK
  Path Type: min

  Des/Clust/Port     Wire Load Model       Library
  ------------------------------------------------
  ahb_spi_legacy     8000                  saed14rvt_tt0p8v25c

  Point                                                   Incr       Path
  --------------------------------------------------------------------------
  clock HCLK (rise edge)                                  0.00       0.00
  clock network delay (ideal)                             0.00       0.00
  flash_addr_reg_reg[7]/CK (SAEDRVT14_FDPRBQ_V2_0P5)      0.00       0.00 r
  flash_addr_reg_reg[7]/Q (SAEDRVT14_FDPRBQ_V2_0P5)       0.05       0.05 f
  U215/X (SAEDRVT14_AO22_0P5)                             0.02       0.07 f
  flash_addr_reg_reg[7]/D (SAEDRVT14_FDPRBQ_V2_0P5)       0.01       0.07 f
  data arrival time                                                  0.07

  clock HCLK (rise edge)                                  0.00       0.00
  clock network delay (ideal)                             0.00       0.00
  clock uncertainty                                       0.10       0.10
  flash_addr_reg_reg[7]/CK (SAEDRVT14_FDPRBQ_V2_0P5)      0.00       0.10 r
  library hold time                                       0.03       0.13
  data required time                                                 0.13
  --------------------------------------------------------------------------
  data required time                                                 0.13
  data arrival time                                                 -0.07
  --------------------------------------------------------------------------
  slack (VIOLATED)                                                  -0.06


  Startpoint: addr_reg_reg[5]
              (rising edge-triggered flip-flop clocked by HCLK)
  Endpoint: addr_reg_reg[5]
            (rising edge-triggered flip-flop clocked by HCLK)
  Path Group: HCLK
  Path Type: min

  Des/Clust/Port     Wire Load Model       Library
  ------------------------------------------------
  ahb_spi_legacy     8000                  saed14rvt_tt0p8v25c

  Point                                                   Incr       Path
  --------------------------------------------------------------------------
  clock HCLK (rise edge)                                  0.00       0.00
  clock network delay (ideal)                             0.00       0.00
  addr_reg_reg[5]/CK (SAEDRVT14_FDPRBQ_V2_0P5)            0.00       0.00 r
  addr_reg_reg[5]/Q (SAEDRVT14_FDPRBQ_V2_0P5)             0.05       0.05 f
  U315/X (SAEDRVT14_MUX2_U_0P5)                           0.02       0.07 f
  addr_reg_reg[5]/D (SAEDRVT14_FDPRBQ_V2_0P5)             0.01       0.07 f
  data arrival time                                                  0.07

  clock HCLK (rise edge)                                  0.00       0.00
  clock network delay (ideal)                             0.00       0.00
  clock uncertainty                                       0.10       0.10
  addr_reg_reg[5]/CK (SAEDRVT14_FDPRBQ_V2_0P5)            0.00       0.10 r
  library hold time                                       0.03       0.13
  data required time                                                 0.13
  --------------------------------------------------------------------------
  data required time                                                 0.13
  data arrival time                                                 -0.07
  --------------------------------------------------------------------------
  slack (VIOLATED)                                                  -0.06


  Startpoint: flash_addr_reg_reg[2]
              (rising edge-triggered flip-flop clocked by HCLK)
  Endpoint: u_spi_fsm/shift_tx_reg[2]
            (rising edge-triggered flip-flop clocked by HCLK)
  Path Group: HCLK
  Path Type: min

  Des/Clust/Port     Wire Load Model       Library
  ------------------------------------------------
  ahb_spi_legacy     8000                  saed14rvt_tt0p8v25c

  Point                                                   Incr       Path
  --------------------------------------------------------------------------
  clock HCLK (rise edge)                                  0.00       0.00
  clock network delay (ideal)                             0.00       0.00
  flash_addr_reg_reg[2]/CK (SAEDRVT14_FDPRBQ_V2_0P5)      0.00       0.00 r
  flash_addr_reg_reg[2]/Q (SAEDRVT14_FDPRBQ_V2_0P5)       0.05       0.05 f
  u_spi_fsm/flash_addr[2] (spi_serializer_fsm)            0.00       0.05 f
  u_spi_fsm/U190/X (SAEDRVT14_AO21B_0P5)                  0.02       0.07 f
  u_spi_fsm/shift_tx_reg[2]/D (SAEDRVT14_FDPRBQ_V2_0P5)
                                                          0.01       0.07 f
  data arrival time                                                  0.07

  clock HCLK (rise edge)                                  0.00       0.00
  clock network delay (ideal)                             0.00       0.00
  clock uncertainty                                       0.10       0.10
  u_spi_fsm/shift_tx_reg[2]/CK (SAEDRVT14_FDPRBQ_V2_0P5)
                                                          0.00       0.10 r
  library hold time                                       0.03       0.13
  data required time                                                 0.13
  --------------------------------------------------------------------------
  data required time                                                 0.13
  data arrival time                                                 -0.07
  --------------------------------------------------------------------------
  slack (VIOLATED)                                                  -0.06


  Startpoint: flash_addr_reg_reg[3]
              (rising edge-triggered flip-flop clocked by HCLK)
  Endpoint: u_spi_fsm/shift_tx_reg[3]
            (rising edge-triggered flip-flop clocked by HCLK)
  Path Group: HCLK
  Path Type: min

  Des/Clust/Port     Wire Load Model       Library
  ------------------------------------------------
  ahb_spi_legacy     8000                  saed14rvt_tt0p8v25c

  Point                                                   Incr       Path
  --------------------------------------------------------------------------
  clock HCLK (rise edge)                                  0.00       0.00
  clock network delay (ideal)                             0.00       0.00
  flash_addr_reg_reg[3]/CK (SAEDRVT14_FDPRBQ_V2_0P5)      0.00       0.00 r
  flash_addr_reg_reg[3]/Q (SAEDRVT14_FDPRBQ_V2_0P5)       0.05       0.05 f
  u_spi_fsm/flash_addr[3] (spi_serializer_fsm)            0.00       0.05 f
  u_spi_fsm/U192/X (SAEDRVT14_AO21B_0P5)                  0.02       0.07 f
  u_spi_fsm/shift_tx_reg[3]/D (SAEDRVT14_FDPRBQ_V2_0P5)
                                                          0.01       0.07 f
  data arrival time                                                  0.07

  clock HCLK (rise edge)                                  0.00       0.00
  clock network delay (ideal)                             0.00       0.00
  clock uncertainty                                       0.10       0.10
  u_spi_fsm/shift_tx_reg[3]/CK (SAEDRVT14_FDPRBQ_V2_0P5)
                                                          0.00       0.10 r
  library hold time                                       0.03       0.13
  data required time                                                 0.13
  --------------------------------------------------------------------------
  data required time                                                 0.13
  data arrival time                                                 -0.07
  --------------------------------------------------------------------------
  slack (VIOLATED)                                                  -0.06


  Startpoint: flash_addr_reg_reg[4]
              (rising edge-triggered flip-flop clocked by HCLK)
  Endpoint: u_spi_fsm/shift_tx_reg[4]
            (rising edge-triggered flip-flop clocked by HCLK)
  Path Group: HCLK
  Path Type: min

  Des/Clust/Port     Wire Load Model       Library
  ------------------------------------------------
  ahb_spi_legacy     8000                  saed14rvt_tt0p8v25c

  Point                                                   Incr       Path
  --------------------------------------------------------------------------
  clock HCLK (rise edge)                                  0.00       0.00
  clock network delay (ideal)                             0.00       0.00
  flash_addr_reg_reg[4]/CK (SAEDRVT14_FDPRBQ_V2_0P5)      0.00       0.00 r
  flash_addr_reg_reg[4]/Q (SAEDRVT14_FDPRBQ_V2_0P5)       0.05       0.05 f
  u_spi_fsm/flash_addr[4] (spi_serializer_fsm)            0.00       0.05 f
  u_spi_fsm/U194/X (SAEDRVT14_AO21B_0P5)                  0.02       0.07 f
  u_spi_fsm/shift_tx_reg[4]/D (SAEDRVT14_FDPRBQ_V2_0P5)
                                                          0.01       0.07 f
  data arrival time                                                  0.07

  clock HCLK (rise edge)                                  0.00       0.00
  clock network delay (ideal)                             0.00       0.00
  clock uncertainty                                       0.10       0.10
  u_spi_fsm/shift_tx_reg[4]/CK (SAEDRVT14_FDPRBQ_V2_0P5)
                                                          0.00       0.10 r
  library hold time                                       0.03       0.13
  data required time                                                 0.13
  --------------------------------------------------------------------------
  data required time                                                 0.13
  data arrival time                                                 -0.07
  --------------------------------------------------------------------------
  slack (VIOLATED)                                                  -0.06


1
