version: (200506)

available memory: 64M bytes
used memory: 253952 bytes [need 248K bytes if disable swap]

used block: 10 [memory(10) file(0)]
                 [ 8K(7) 64K(3) { total 248K bytes } ]
overhead: (9514) bytes for (10) blocks [Average: (951) bytes/block]

write  => 0(times) 0K(bytes) [0K bytes to file]
read   => 3(times) 50K(bytes) [10K bytes compressed data from file]
access => 130392(times) 1031M(bytes)
          [hit ratio: 99.9977%]

time: write(0) read(0)  unit: second

swap file directory: (/home/user18/Projects/Flash_controller/source/verdiLog)
used swap file number: (4)



swap file manager:
arrSize: (256)
idxCnt: (5)
closeHead: (1)
closeTail: (4)
openCnt: (4)
fid(4): fd(1073741826) fileName(/home/user18/Projects/Flash_controller/source/simv.daidir/kdb.elab++/work.lib++/ahb_wrapper_full.sv.tdc)
	size(3603) lastModTime(1778575256) curModTime(1778575256)
	mode(rb)	hot(0) cool(3) pos(0)
fid(3): fd(1073741825) fileName(/home/user18/Projects/Flash_controller/source/simv.daidir/kdb.elab++/work.lib++/flash_model_final.sv.tdc)
	size(7971) lastModTime(1778575256) curModTime(1778575256)
	mode(rb)	hot(4) cool(2) pos(0)
fid(2): fd(22) fileName(/home/user18/Projects/Flash_controller/source/verdiLog/_swap_0001#1760749068#1430974)
	size(0) lastModTime(0) curModTime(1778575567)
	mode(w+b)	hot(3) cool(1) pos(0)
fid(1): fd(1073741824) fileName(/home/user18/Projects/Flash_controller/source/simv.daidir/kdb.elab++/work.lib++/ahb_wrapper_tb_final.sv.tdc)
	size(4691) lastModTime(1778575256) curModTime(1778575256)
	mode(rb)	hot(2) cool(0) pos(0)
fid(0): fd(0) fileName(NULL)
	mode(NULL)	hot(0) cool(0) pos(0)
==================================================
mySelf(0x235f3990) pre(0x20f32640) next((nil))
version(200506)
date(Mar  1 2025 20:26:47)
