 
****************************************
Report : area
Design : ahb_wrapper
Version: V-2023.12-SP2
Date   : Thu May 28 18:00:56 2026
****************************************

Library(s) Used:

    saed14rvt_tt0p8v25c (File: /data/synopsys/lib/saed14nm/lib/stdcell_rvt/db_nldm/saed14rvt_tt0p8v25c.db)

Number of ports:                          196
Number of nets:                           608
Number of cells:                          489
Number of combinational cells:            346
Number of sequential cells:               142
Number of macros/black boxes:               0
Number of buf/inv:                         87
Number of references:                       8

Combinational area:                100.743600
Buf/Inv area:                       15.717600
Noncombinational area:             151.359605
Macro/Black Box area:                0.000000
Net Interconnect area:             499.508946

Total cell area:                   252.103205
Total area:                        751.612152

Hierarchical area distribution
------------------------------

                                  Global cell area          Local cell area
                                  ------------------  --------------------------- 
Hierarchical cell                 Absolute   Percent  Combi-    Noncombi-  Black-
                                  Total      Total    national  national   boxes   Design
--------------------------------  ---------  -------  --------  ---------  ------  -------------
ahb_wrapper                        252.1032    100.0   30.4140    71.3952  0.0000  ahb_wrapper
u_core                             150.2940     59.6   70.3296    79.9644  0.0000  qspi_pure_xip
--------------------------------  ---------  -------  --------  ---------  ------  -------------
Total                                                 100.7436   151.3596  0.0000

1
