 
****************************************
Report : reference
Design : ahb_wrapper
Version: V-2023.12-SP2
Date   : Thu May 28 16:27:51 2026
****************************************

Attributes:
    b - black box (unknown)
   bo - allows boundary optimization
    d - dont_touch
   mo - map_only
    h - hierarchical
    n - noncombinational
    r - removable
    s - synthetic operator
    u - contains unmapped logic

Reference          Library       Unit Area   Count    Total Area   Attributes
-----------------------------------------------------------------------------
SAEDRVT14_AN3_0P5  saed14rvt_tt0p8v25c
                                  0.355200       1      0.355200  
SAEDRVT14_BUF_U_0P5
                   saed14rvt_tt0p8v25c
                                  0.266400       2      0.532800  
SAEDRVT14_FDPRBQ_V2LP_0P5
                   saed14rvt_tt0p8v25c
                                  1.065600       4      4.262400  n
SAEDRVT14_FDPRBQ_V2_0P5
                   saed14rvt_tt0p8v25c
                                  1.065600      63     67.132802  n
SAEDRVT14_MUX2_U_0P5
                   saed14rvt_tt0p8v25c
                                  0.444000      64     28.416000  
SAEDRVT14_ND2B_U_0P5
                   saed14rvt_tt0p8v25c
                                  0.310800       2      0.621600  
SAEDRVT14_TIE0_V1_2
                   saed14rvt_tt0p8v25c
                                  0.488400       1      0.488400  
qspi_pure_xip                   150.116402       1    150.116402  h, n
-----------------------------------------------------------------------------
Total 8 references                                    251.925605

****************************************
Design: qspi_pure_xip 
****************************************
Reference          Library       Unit Area   Count    Total Area   Attributes
-----------------------------------------------------------------------------
SAEDRVT14_AN2_MM_0P5
                   saed14rvt_tt0p8v25c
                                  0.310800       2      0.621600  
SAEDRVT14_AN3_0P5  saed14rvt_tt0p8v25c
                                  0.355200       4      1.420800  
SAEDRVT14_AO21_U_0P5
                   saed14rvt_tt0p8v25c
                                  0.355200       4      1.420800  
SAEDRVT14_AO221_0P5
                   saed14rvt_tt0p8v25c
                                  0.488400       1      0.488400  
SAEDRVT14_AOI21_0P75
                   saed14rvt_tt0p8v25c
                                  0.266400      42     11.188800  
SAEDRVT14_BUF_U_0P5
                   saed14rvt_tt0p8v25c
                                  0.266400       1      0.266400  
SAEDRVT14_FDPRBQ_V2LP_0P5
                   saed14rvt_tt0p8v25c
                                  1.065600       6      6.393600  n
SAEDRVT14_FDPRBQ_V2_0P5
                   saed14rvt_tt0p8v25c
                                  1.065600      68     72.460803  n
SAEDRVT14_FDPSBQ_0P5
                   saed14rvt_tt0p8v25c
                                  1.110000       1      1.110000  n
SAEDRVT14_INV_0P5  saed14rvt_tt0p8v25c
                                  0.177600      81     14.385600  
SAEDRVT14_INV_1P5  saed14rvt_tt0p8v25c
                                  0.177600       1      0.177600  
SAEDRVT14_INV_S_0P75
                   saed14rvt_tt0p8v25c
                                  0.177600       1      0.177600  
SAEDRVT14_MUX2_U_0P5
                   saed14rvt_tt0p8v25c
                                  0.444000       4      1.776000  
SAEDRVT14_ND2_CDC_1
                   saed14rvt_tt0p8v25c
                                  0.222000      12      2.664000  
SAEDRVT14_NR2_1    saed14rvt_tt0p8v25c
                                  0.222000      11      2.442000  
SAEDRVT14_OA21B_1  saed14rvt_tt0p8v25c
                                  0.355200       1      0.355200  
SAEDRVT14_OA31_1   saed14rvt_tt0p8v25c
                                  0.399600       2      0.799200  
SAEDRVT14_OAI21_0P5
                   saed14rvt_tt0p8v25c
                                  0.266400      41     10.922400  
SAEDRVT14_OAI22_0P5
                   saed14rvt_tt0p8v25c
                                  0.310800      60     18.647999  
SAEDRVT14_OR2_MM_0P5
                   saed14rvt_tt0p8v25c
                                  0.310800       3      0.932400  
SAEDRVT14_OR3_0P5  saed14rvt_tt0p8v25c
                                  0.355200       3      1.065600  
SAEDRVT14_OR4_1    saed14rvt_tt0p8v25c
                                  0.399600       1      0.399600  
-----------------------------------------------------------------------------
Total 22 references                                   150.116402
1
