
                           Design Compiler Graphical 
                                 DC Ultra (TM)
                                  DFTMAX (TM)
                              Power Compiler (TM)
                                 DesignWare (R)
                                 DC Expert (TM)
                               Design Vision (TM)
                               HDL Compiler (TM)
                               VHDL Compiler (TM)
                                  DFT Compiler
                               Design Compiler(R)

               Version V-2023.12-SP2 for linux64 - Feb 27, 2024 

                    Copyright (c) 1988 - 2024 Synopsys, Inc.
   This software and the associated documentation are proprietary to Synopsys,
 Inc. This software may only be used in accordance with the terms and conditions
 of a written license agreement with Synopsys, Inc. All other use, reproduction,
   or distribution of this software is strictly prohibited.  Licensed Products
     communicate with Synopsys servers for the purpose of providing software
    updates, detecting software piracy and verifying that customers are using
    Licensed Products in conformity with the applicable License Key for such
  Licensed Products. Synopsys will use information gathered in connection with
    this process to deliver software updates and pursue software pirates and
                                   infringers.

 Inclusivity & Diversity - Visit SolvNetPlus to read the "Synopsys Statement on
            Inclusivity and Diversity" (Refer to article 000036315 at
                        https://solvnetplus.synopsys.com)
Initializing...
Initializing gui preferences from file  /home/user18/.synopsys_dc_gui/preferences.tcl
Current time:       Thu May 28 15:01:20 2026
Hostname:           vecad-svr1
CPU Model:          Intel(R) Xeon(R) Silver 4310 CPU @ 2.10GHz
CPU Details:        Cores = 1 : Sockets = 1 : Cache Size = 18432 KB : Freq = 3.30 GHz
OS:                 Linux 4.18.0-553.8.1.el8_10.x86_64
RAM:                124 GB (Free   2 GB)
Swap:                31 GB (Free   0 GB)
Work Filesystem:    / mounted to /dev/sdb5
Tmp Filesystem:     / mounted to /dev/sdb5
Work Disk:          854 GB (Free  85 GB)
Tmp Disk:           854 GB (Free  85 GB)

CPU Load: 21%, Ram Free: 2 GB, Swap Free: 0 GB, Work Disk Free: 85 GB, Tmp Disk Free: 85 GB
Error: could not open script file "/home/user18/Projects/Flash_controller/FYP_latest/source/run_dc.tcl" (CMD-015)
dc_shell> cd [K[Kexit

Memory usage for this session 68 Mbytes.
Memory usage for this session including child processes 68 Mbytes.
CPU usage for this session 2 seconds ( 0.00 hours ).
Elapsed time for this session 34 seconds ( 0.01 hours ).

Thank you...
