Command: vcs -sverilog -debug_access+all -kdb -lca ahb_wrapper_tb_final.sv ahb_wrapper_full.sv \
qspi_core_full.sv flash_model_final.sv sync_fifo_full.sv -l compile.log
                         Chronologic VCS (TM)
       Version W-2024.09-SP2_Full64 -- Tue May 12 17:27:53 2026

                    Copyright (c) 1991 - 2025 Synopsys, Inc.
   This software and the associated documentation are proprietary to Synopsys,
 Inc. This software may only be used in accordance with the terms and conditions
 of a written license agreement with Synopsys, Inc. All other use, reproduction,
   or distribution of this software is strictly prohibited.  Licensed Products
     communicate with Synopsys servers for the purpose of providing software
    updates, detecting software piracy and verifying that customers are using
    Licensed Products in conformity with the applicable License Key for such
  Licensed Products. Synopsys will use information gathered in connection with
    this process to deliver software updates and pursue software pirates and
                                   infringers.

 Inclusivity & Diversity - Visit SolvNetPlus to read the "Synopsys Statement on
            Inclusivity and Diversity" (Refer to article 000036315 at
                        https://solvnetplus.synopsys.com)


Warning-[LCA_FEATURES_ENABLED] Usage warning
  LCA features enabled by '-lca' argument on the command line.  For more 
  information regarding list of LCA features please refer to Chapter "LCA 
  features" in the VCS Release Notes

Parsing design file 'ahb_wrapper_tb_final.sv'
Parsing design file 'ahb_wrapper_full.sv'
Parsing design file 'qspi_core_full.sv'
Parsing design file 'flash_model_final.sv'
Parsing design file 'sync_fifo_full.sv'
Top Level Modules:
       tb_ahb_wrapper
       sync_fifo
TimeScale is 1 ns / 1 ps
Starting vcs inline pass...
2 modules and 0 UDP read.
recompiling module tb_ahb_wrapper
	However, due to incremental compilation, only 1 module needs to be compiled. 
rm -f _cuarc*.so _csrc*.so pre_vcsobj_*.so share_vcsobj_*.so
if [ -x ../simv ]; then chmod a-x ../simv; fi
g++  -o ../simv      -rdynamic  -Wl,-rpath='$ORIGIN'/simv.daidir -Wl,-rpath=./simv.daidir \
-Wl,-rpath=/data/synopsys/vcs/W-2024.09-SP2/linux64/lib -L/data/synopsys/vcs/W-2024.09-SP2/linux64/lib \
-Wl,-rpath-link=./  /usr/lib64/libnuma.so.1   objs/amcQw_d.o   _1441708_archive_1.so \
_prev_archive_1.so   SIM_l.o      rmapats_mop.o rmapats.o rmar.o rmar_nd.o  rmar_llvm_0_1.o \
rmar_llvm_0_0.o            -lvirsim -lerrorinf -lsnpsmalloc -lvfs    -lvcsnew -lsimprofile \
-luclinative /data/synopsys/vcs/W-2024.09-SP2/linux64/lib/vcs_tls.o   -Wl,-whole-archive \
-lvcsucli    -Wl,-no-whole-archive        _vcs_pli_stub_.o   /data/synopsys/vcs/W-2024.09-SP2/linux64/lib/vcs_save_restore_new.o \
/data/synopsys/verdi/W-2024.09-SP2/share/PLI/VCS/LINUX64/pli.a -ldl  -lc -lm -lpthread \
-ldl 
../simv up to date
CPU time: .361 seconds to compile + .250 seconds to elab + .246 seconds to link
Verdi KDB elaboration done and the database successfully generated: 0 error(s), 0 warning(s)
