****************************************
Report : timing
        -path_type full
        -delay_type min
        -max_paths 20
        -report_by design
Design : ahb_wrapper
Version: W-2024.09-SP3
Date   : Sun May 31 01:41:18 2026
****************************************

  Startpoint: ahb_wdata_reg_reg_19_ (rising edge-triggered flip-flop clocked by HCLK)
  Endpoint: ahb_wdata_reg_reg_19_ (rising edge-triggered flip-flop clocked by HCLK)
  Mode: func_mode
  Corner: ff_corner
  Scenario: func_ff
  Path Group: HCLK
  Path Type: min

  Point                                            Incr      Path  
  ------------------------------------------------------------------------
  clock HCLK (rise edge)                           0.00      0.00
  clock network delay (propagated)                 0.40      0.40

  ahb_wdata_reg_reg_19_/CK (SAEDRVT14_FDPRBQ_V2LP_0P5)
                                                   0.00      0.40 r
  ahb_wdata_reg_reg_19_/Q (SAEDRVT14_FDPRBQ_V2LP_0P5)
                                                   0.03      0.44 f
  copt_gre_h_inst_4073/X (SAEDRVT14_DEL_R2V2_1)    0.03      0.46 f
  copt_h_inst_3606/X (SAEDRVT14_DEL_R2V3_1)        0.03      0.49 f
  U258/X (SAEDRVT14_MUX2_MM_0P5)                   0.02      0.51 f
  ahb_wdata_reg_reg_19_/D (SAEDRVT14_FDPRBQ_V2LP_0P5)
                                                   0.00      0.51 f
  data arrival time                                          0.51

  clock HCLK (rise edge)                           0.00      0.00
  clock network delay (propagated)                 0.40      0.40
  ahb_wdata_reg_reg_19_/CK (SAEDRVT14_FDPRBQ_V2LP_0P5)
                                                   0.00      0.40 r
  clock uncertainty                                0.10      0.50
  library hold time                                0.01      0.51
  data required time                                         0.51
  ------------------------------------------------------------------------
  data required time                                         0.51
  data arrival time                                         -0.51
  ------------------------------------------------------------------------
  slack (VIOLATED)                                          -0.00



  Startpoint: ahb_wdata_reg_reg_25_ (rising edge-triggered flip-flop clocked by HCLK)
  Endpoint: ahb_wdata_reg_reg_25_ (rising edge-triggered flip-flop clocked by HCLK)
  Mode: func_mode
  Corner: ff_corner
  Scenario: func_ff
  Path Group: HCLK
  Path Type: min

  Point                                            Incr      Path  
  ------------------------------------------------------------------------
  clock HCLK (rise edge)                           0.00      0.00
  clock network delay (propagated)                 0.40      0.40

  ahb_wdata_reg_reg_25_/CK (SAEDRVT14_FDPRBQ_V2LP_0P5)
                                                   0.00      0.40 r
  ahb_wdata_reg_reg_25_/Q (SAEDRVT14_FDPRBQ_V2LP_0P5)
                                                   0.03      0.44 f
  copt_h_inst_3479/X (SAEDRVT14_DEL_R2V2_1)        0.02      0.46 f
  copt_h_inst_3478/X (SAEDRVT14_DEL_R2V2_1)        0.02      0.48 f
  copt_gre_h_inst_4080/X (SAEDRVT14_BUF_S_0P5)     0.01      0.49 f
  U252/X (SAEDRVT14_MUX2_MM_0P5)                   0.02      0.51 f
  ahb_wdata_reg_reg_25_/D (SAEDRVT14_FDPRBQ_V2LP_0P5)
                                                   0.00      0.51 f
  data arrival time                                          0.51

  clock HCLK (rise edge)                           0.00      0.00
  clock network delay (propagated)                 0.40      0.40
  ahb_wdata_reg_reg_25_/CK (SAEDRVT14_FDPRBQ_V2LP_0P5)
                                                   0.00      0.40 r
  clock uncertainty                                0.10      0.50
  library hold time                                0.01      0.51
  data required time                                         0.51
  ------------------------------------------------------------------------
  data required time                                         0.51
  data arrival time                                         -0.51
  ------------------------------------------------------------------------
  slack (VIOLATED)                                          -0.00



  Startpoint: a_reg_reg_30_ (rising edge-triggered flip-flop clocked by HCLK)
  Endpoint: u_core/sreg_reg_30_ (rising edge-triggered flip-flop clocked by HCLK)
  Mode: func_mode
  Corner: ff_corner
  Scenario: func_ff
  Path Group: HCLK
  Path Type: min

  Point                                            Incr      Path  
  ------------------------------------------------------------------------
  clock HCLK (rise edge)                           0.00      0.00
  clock network delay (propagated)                 0.40      0.40

  a_reg_reg_30_/CK (SAEDRVT14_FDPRBQ_V2LP_0P5)     0.00      0.40 r
  a_reg_reg_30_/Q (SAEDRVT14_FDPRBQ_V2LP_0P5)      0.03      0.44 f
  copt_h_inst_3546/X (SAEDRVT14_DEL_R2V3_1)        0.03      0.47 f
  copt_gre_h_inst_4110/X (SAEDRVT14_DEL_R2V2_1)    0.03      0.49 f
  u_core/U360/X (SAEDRVT14_AOI21_0P75)             0.01      0.51 r
  u_core/U361/X (SAEDRVT14_OAI21_0P5)              0.01      0.51 f
  u_core/sreg_reg_30_/D (SAEDRVT14_FDPRBQ_V2LP_0P5)
                                                   0.00      0.51 f
  data arrival time                                          0.51

  clock HCLK (rise edge)                           0.00      0.00
  clock network delay (propagated)                 0.40      0.40
  u_core/sreg_reg_30_/CK (SAEDRVT14_FDPRBQ_V2LP_0P5)
                                                   0.00      0.40 r
  clock uncertainty                                0.10      0.50
  library hold time                                0.01      0.51
  data required time                                         0.51
  ------------------------------------------------------------------------
  data required time                                         0.51
  data arrival time                                         -0.51
  ------------------------------------------------------------------------
  slack (VIOLATED)                                          -0.00



  Startpoint: a_reg_reg_19_ (rising edge-triggered flip-flop clocked by HCLK)
  Endpoint: u_core/sreg_reg_19_ (rising edge-triggered flip-flop clocked by HCLK)
  Mode: func_mode
  Corner: ff_corner
  Scenario: func_ff
  Path Group: HCLK
  Path Type: min

  Point                                            Incr      Path  
  ------------------------------------------------------------------------
  clock HCLK (rise edge)                           0.00      0.00
  clock network delay (propagated)                 0.41      0.41

  a_reg_reg_19_/CK (SAEDRVT14_FDPRBQ_V2LP_0P5)     0.00      0.41 r
  a_reg_reg_19_/Q (SAEDRVT14_FDPRBQ_V2LP_0P5)      0.04      0.45 f
  u_core/copt_h_inst_3500/X (SAEDRVT14_BUF_UCDC_0P5)
                                                   0.01      0.46 f
  u_core/copt_h_inst_3930/X (SAEDRVT14_DEL_R2V2_1)
                                                   0.02      0.48 f
  u_core/U295/X (SAEDRVT14_AO21_U_0P5)             0.02      0.50 f
  u_core/copt_h_inst_4057/X (SAEDRVT14_DEL_R2V2_1)
                                                   0.02      0.52 f
  u_core/sreg_reg_19_/D (SAEDRVT14_FDPRBQ_V2LP_0P5)
                                                   0.00      0.52 f
  data arrival time                                          0.52

  clock HCLK (rise edge)                           0.00      0.00
  clock network delay (propagated)                 0.41      0.41
  u_core/sreg_reg_19_/CK (SAEDRVT14_FDPRBQ_V2LP_0P5)
                                                   0.00      0.41 r
  clock uncertainty                                0.10      0.51
  library hold time                                0.01      0.52
  data required time                                         0.52
  ------------------------------------------------------------------------
  data required time                                         0.52
  data arrival time                                         -0.52
  ------------------------------------------------------------------------
  slack (VIOLATED)                                          -0.00



  Startpoint: ahb_wdata_reg_reg_17_ (rising edge-triggered flip-flop clocked by HCLK)
  Endpoint: ahb_wdata_reg_reg_17_ (rising edge-triggered flip-flop clocked by HCLK)
  Mode: func_mode
  Corner: ff_corner
  Scenario: func_ff
  Path Group: HCLK
  Path Type: min

  Point                                            Incr      Path  
  ------------------------------------------------------------------------
  clock HCLK (rise edge)                           0.00      0.00
  clock network delay (propagated)                 0.40      0.40

  ahb_wdata_reg_reg_17_/CK (SAEDRVT14_FDPRBQ_V2LP_0P5)
                                                   0.00      0.40 r
  ahb_wdata_reg_reg_17_/Q (SAEDRVT14_FDPRBQ_V2LP_0P5)
                                                   0.03      0.44 f
  copt_h_inst_3635/X (SAEDRVT14_DEL_R2V2_1)        0.02      0.46 f
  copt_h_inst_3634/X (SAEDRVT14_DEL_R2V2_1)        0.03      0.48 f
  copt_gre_h_inst_4101/X (SAEDRVT14_DEL_R2V1_1)    0.02      0.50 f
  U260/X (SAEDRVT14_MUX2_MM_0P5)                   0.01      0.51 f
  ahb_wdata_reg_reg_17_/D (SAEDRVT14_FDPRBQ_V2LP_0P5)
                                                   0.00      0.51 f
  data arrival time                                          0.51

  clock HCLK (rise edge)                           0.00      0.00
  clock network delay (propagated)                 0.40      0.40
  ahb_wdata_reg_reg_17_/CK (SAEDRVT14_FDPRBQ_V2LP_0P5)
                                                   0.00      0.40 r
  clock uncertainty                                0.10      0.50
  library hold time                                0.01      0.51
  data required time                                         0.51
  ------------------------------------------------------------------------
  data required time                                         0.51
  data arrival time                                         -0.51
  ------------------------------------------------------------------------
  slack (VIOLATED)                                          -0.00



  Startpoint: u_core/sreg_reg_18_ (rising edge-triggered flip-flop clocked by HCLK)
  Endpoint: u_core/sreg_reg_18_ (rising edge-triggered flip-flop clocked by HCLK)
  Mode: func_mode
  Corner: ff_corner
  Scenario: func_ff
  Path Group: HCLK
  Path Type: min

  Point                                            Incr      Path  
  ------------------------------------------------------------------------
  clock HCLK (rise edge)                           0.00      0.00
  clock network delay (propagated)                 0.41      0.41

  u_core/sreg_reg_18_/CK (SAEDRVT14_FDPRBQ_V2LP_0P5)
                                                   0.00      0.41 r
  u_core/sreg_reg_18_/Q (SAEDRVT14_FDPRBQ_V2LP_0P5)
                                                   0.03      0.44 f
  u_core/U293/X (SAEDRVT14_INV_S_0P5)              0.01      0.45 r
  u_core/copt_h_inst_3843/X (SAEDRVT14_BUF_U_0P5)
                                                   0.01      0.46 r
  u_core/copt_h_inst_3965/X (SAEDRVT14_DEL_R2V2_1)
                                                   0.02      0.48 r
  u_core/U314/X (SAEDRVT14_OAI22_0P5)              0.01      0.50 f
  u_core/U32/X (SAEDRVT14_AOI21_0P75)              0.01      0.50 r
  u_core/U6/X (SAEDRVT14_OAI21_0P5)                0.01      0.51 f
  u_core/U315/X (SAEDRVT14_AO21_U_0P5)             0.01      0.52 f
  u_core/sreg_reg_18_/D (SAEDRVT14_FDPRBQ_V2LP_0P5)
                                                   0.00      0.52 f
  data arrival time                                          0.52

  clock HCLK (rise edge)                           0.00      0.00
  clock network delay (propagated)                 0.41      0.41
  u_core/sreg_reg_18_/CK (SAEDRVT14_FDPRBQ_V2LP_0P5)
                                                   0.00      0.41 r
  clock uncertainty                                0.10      0.51
  library hold time                                0.01      0.52
  data required time                                         0.52
  ------------------------------------------------------------------------
  data required time                                         0.52
  data arrival time                                         -0.52
  ------------------------------------------------------------------------
  slack (VIOLATED)                                          -0.00



  Startpoint: u_core/rx_reg_reg_30_ (rising edge-triggered flip-flop clocked by HCLK)
  Endpoint: ahb_rdata_reg_reg_30_ (rising edge-triggered flip-flop clocked by HCLK)
  Mode: func_mode
  Corner: ff_corner
  Scenario: func_ff
  Path Group: HCLK
  Path Type: min

  Point                                            Incr      Path  
  ------------------------------------------------------------------------
  clock HCLK (rise edge)                           0.00      0.00
  clock network delay (propagated)                 0.40      0.40

  u_core/rx_reg_reg_30_/CK (SAEDRVT14_FDPRBQ_V2LP_0P5)
                                                   0.00      0.40 r
  u_core/rx_reg_reg_30_/Q (SAEDRVT14_FDPRBQ_V2LP_0P5)
                                                   0.03      0.44 f
  copt_h_inst_3700/X (SAEDRVT14_DEL_R2V2_1)        0.03      0.46 f
  copt_h_inst_3698/X (SAEDRVT14_DEL_R2V3_1)        0.03      0.49 f
  ropt_h_inst_4220/X (SAEDRVT14_BUF_U_0P5)         0.01      0.50 f
  U214/X (SAEDRVT14_MUX2_U_0P5)                    0.01      0.51 f
  ahb_rdata_reg_reg_30_/D (SAEDRVT14_FDPRBQ_V2LP_0P5)
                                                   0.00      0.51 f
  data arrival time                                          0.51

  clock HCLK (rise edge)                           0.00      0.00
  clock network delay (propagated)                 0.40      0.40
  ahb_rdata_reg_reg_30_/CK (SAEDRVT14_FDPRBQ_V2LP_0P5)
                                                   0.00      0.40 r
  clock uncertainty                                0.10      0.50
  library hold time                                0.01      0.51
  data required time                                         0.51
  ------------------------------------------------------------------------
  data required time                                         0.51
  data arrival time                                         -0.51
  ------------------------------------------------------------------------
  slack (VIOLATED)                                          -0.00



  Startpoint: ahb_wdata_reg_reg_25_ (rising edge-triggered flip-flop clocked by HCLK)
  Endpoint: u_core/sreg_reg_25_ (rising edge-triggered flip-flop clocked by HCLK)
  Mode: func_mode
  Corner: ff_corner
  Scenario: func_ff
  Path Group: HCLK
  Path Type: min

  Point                                            Incr      Path  
  ------------------------------------------------------------------------
  clock HCLK (rise edge)                           0.00      0.00
  clock network delay (propagated)                 0.40      0.40

  ahb_wdata_reg_reg_25_/CK (SAEDRVT14_FDPRBQ_V2LP_0P5)
                                                   0.00      0.40 r
  ahb_wdata_reg_reg_25_/Q (SAEDRVT14_FDPRBQ_V2LP_0P5)
                                                   0.03      0.44 f
  copt_h_inst_3479/X (SAEDRVT14_DEL_R2V2_1)        0.02      0.46 f
  copt_h_inst_3478/X (SAEDRVT14_DEL_R2V2_1)        0.02      0.48 f
  copt_gre_h_inst_4080/X (SAEDRVT14_BUF_S_0P5)     0.01      0.49 f
  u_core/ctmTdsLR_1_1203/X (SAEDRVT14_AO221_0P5)   0.02      0.51 f
  u_core/sreg_reg_25_/D (SAEDRVT14_FDPRBQ_V2LP_0P5)
                                                   0.00      0.51 f
  data arrival time                                          0.51

  clock HCLK (rise edge)                           0.00      0.00
  clock network delay (propagated)                 0.40      0.40
  u_core/sreg_reg_25_/CK (SAEDRVT14_FDPRBQ_V2LP_0P5)
                                                   0.00      0.40 r
  clock uncertainty                                0.10      0.50
  library hold time                                0.01      0.51
  data required time                                         0.51
  ------------------------------------------------------------------------
  data required time                                         0.51
  data arrival time                                         -0.51
  ------------------------------------------------------------------------
  slack (VIOLATED)                                          -0.00



  Startpoint: u_core/sreg_reg_19_ (rising edge-triggered flip-flop clocked by HCLK)
  Endpoint: u_core/sreg_reg_23_ (rising edge-triggered flip-flop clocked by HCLK)
  Mode: func_mode
  Corner: ff_corner
  Scenario: func_ff
  Path Group: HCLK
  Path Type: min

  Point                                            Incr      Path  
  ------------------------------------------------------------------------
  clock HCLK (rise edge)                           0.00      0.00
  clock network delay (propagated)                 0.41      0.41

  u_core/sreg_reg_19_/CK (SAEDRVT14_FDPRBQ_V2LP_0P5)
                                                   0.00      0.41 r
  u_core/sreg_reg_19_/Q (SAEDRVT14_FDPRBQ_V2LP_0P5)
                                                   0.03      0.44 f
  u_core/U292/X (SAEDRVT14_INV_S_0P5)              0.01      0.45 r
  u_core/copt_h_inst_3851/X (SAEDRVT14_DEL_R2V2_1)
                                                   0.02      0.47 r
  u_core/copt_h_inst_3948/X (SAEDRVT14_DEL_R2V2_1)
                                                   0.02      0.49 r
  u_core/U310/X (SAEDRVT14_OAI21_0P5)              0.01      0.50 f
  u_core/U311/X (SAEDRVT14_AO21_U_0P5)             0.01      0.51 f
  u_core/sreg_reg_23_/D (SAEDRVT14_FDPRBQ_V2LP_0P5)
                                                   0.00      0.51 f
  data arrival time                                          0.51

  clock HCLK (rise edge)                           0.00      0.00
  clock network delay (propagated)                 0.40      0.40
  u_core/sreg_reg_23_/CK (SAEDRVT14_FDPRBQ_V2LP_0P5)
                                                   0.00      0.40 r
  clock uncertainty                                0.10      0.50
  library hold time                                0.01      0.51
  data required time                                         0.51
  ------------------------------------------------------------------------
  data required time                                         0.51
  data arrival time                                         -0.51
  ------------------------------------------------------------------------
  slack (VIOLATED)                                          -0.00



  Startpoint: a_reg_reg_9_ (rising edge-triggered flip-flop clocked by HCLK)
  Endpoint: a_reg_reg_9_ (rising edge-triggered flip-flop clocked by HCLK)
  Mode: func_mode
  Corner: ff_corner
  Scenario: func_ff
  Path Group: HCLK
  Path Type: min

  Point                                            Incr      Path  
  ------------------------------------------------------------------------
  clock HCLK (rise edge)                           0.00      0.00
  clock network delay (propagated)                 0.41      0.41

  a_reg_reg_9_/CK (SAEDRVT14_FDPRBQ_V2LP_0P5)      0.00      0.41 r
  a_reg_reg_9_/Q (SAEDRVT14_FDPRBQ_V2LP_0P5)       0.04      0.44 f
  copt_h_inst_3486/X (SAEDRVT14_DEL_R2V2_1)        0.02      0.47 f
  copt_h_inst_3484/X (SAEDRVT14_BUF_U_0P5)         0.01      0.47 f
  copt_gre_h_inst_4097/X (SAEDRVT14_DEL_R2V2_1)    0.03      0.50 f
  U203/X (SAEDRVT14_MUX2_U_0P5)                    0.02      0.52 f
  a_reg_reg_9_/D (SAEDRVT14_FDPRBQ_V2LP_0P5)       0.00      0.52 f
  data arrival time                                          0.52

  clock HCLK (rise edge)                           0.00      0.00
  clock network delay (propagated)                 0.41      0.41
  a_reg_reg_9_/CK (SAEDRVT14_FDPRBQ_V2LP_0P5)      0.00      0.41 r
  clock uncertainty                                0.10      0.51
  library hold time                                0.01      0.52
  data required time                                         0.52
  ------------------------------------------------------------------------
  data required time                                         0.52
  data arrival time                                         -0.52
  ------------------------------------------------------------------------
  slack (VIOLATED)                                          -0.00



  Startpoint: a_reg_reg_9_ (rising edge-triggered flip-flop clocked by HCLK)
  Endpoint: u_core/sreg_reg_9_ (rising edge-triggered flip-flop clocked by HCLK)
  Mode: func_mode
  Corner: ff_corner
  Scenario: func_ff
  Path Group: HCLK
  Path Type: min

  Point                                            Incr      Path  
  ------------------------------------------------------------------------
  clock HCLK (rise edge)                           0.00      0.00
  clock network delay (propagated)                 0.41      0.41

  a_reg_reg_9_/CK (SAEDRVT14_FDPRBQ_V2LP_0P5)      0.00      0.41 r
  a_reg_reg_9_/Q (SAEDRVT14_FDPRBQ_V2LP_0P5)       0.04      0.44 f
  copt_h_inst_3486/X (SAEDRVT14_DEL_R2V2_1)        0.02      0.47 f
  copt_h_inst_3484/X (SAEDRVT14_BUF_U_0P5)         0.01      0.47 f
  copt_gre_h_inst_4097/X (SAEDRVT14_DEL_R2V2_1)    0.03      0.50 f
  u_core/U270/X (SAEDRVT14_AO21_U_0P5)             0.02      0.52 f
  u_core/sreg_reg_9_/D (SAEDRVT14_FDPRBQ_V2LP_0P5)
                                                   0.00      0.52 f
  data arrival time                                          0.52

  clock HCLK (rise edge)                           0.00      0.00
  clock network delay (propagated)                 0.41      0.41
  u_core/sreg_reg_9_/CK (SAEDRVT14_FDPRBQ_V2LP_0P5)
                                                   0.00      0.41 r
  clock uncertainty                                0.10      0.51
  library hold time                                0.01      0.52
  data required time                                         0.52
  ------------------------------------------------------------------------
  data required time                                         0.52
  data arrival time                                         -0.52
  ------------------------------------------------------------------------
  slack (VIOLATED)                                          -0.00



  Startpoint: a_reg_reg_30_ (rising edge-triggered flip-flop clocked by HCLK)
  Endpoint: a_reg_reg_30_ (rising edge-triggered flip-flop clocked by HCLK)
  Mode: func_mode
  Corner: ff_corner
  Scenario: func_ff
  Path Group: HCLK
  Path Type: min

  Point                                            Incr      Path  
  ------------------------------------------------------------------------
  clock HCLK (rise edge)                           0.00      0.00
  clock network delay (propagated)                 0.40      0.40

  a_reg_reg_30_/CK (SAEDRVT14_FDPRBQ_V2LP_0P5)     0.00      0.40 r
  a_reg_reg_30_/Q (SAEDRVT14_FDPRBQ_V2LP_0P5)      0.03      0.44 f
  copt_h_inst_3546/X (SAEDRVT14_DEL_R2V3_1)        0.03      0.47 f
  copt_gre_h_inst_4110/X (SAEDRVT14_DEL_R2V2_1)    0.03      0.49 f
  U181/X (SAEDRVT14_MUX2_U_0P5)                    0.02      0.51 f
  a_reg_reg_30_/D (SAEDRVT14_FDPRBQ_V2LP_0P5)      0.00      0.51 f
  data arrival time                                          0.51

  clock HCLK (rise edge)                           0.00      0.00
  clock network delay (propagated)                 0.40      0.40
  a_reg_reg_30_/CK (SAEDRVT14_FDPRBQ_V2LP_0P5)     0.00      0.40 r
  clock uncertainty                                0.10      0.50
  library hold time                                0.01      0.51
  data required time                                         0.51
  ------------------------------------------------------------------------
  data required time                                         0.51
  data arrival time                                         -0.51
  ------------------------------------------------------------------------
  slack (VIOLATED)                                          -0.00



  Startpoint: ahb_wdata_reg_reg_10_ (rising edge-triggered flip-flop clocked by HCLK)
  Endpoint: u_core/sreg_reg_10_ (rising edge-triggered flip-flop clocked by HCLK)
  Mode: func_mode
  Corner: ff_corner
  Scenario: func_ff
  Path Group: HCLK
  Path Type: min

  Point                                            Incr      Path  
  ------------------------------------------------------------------------
  clock HCLK (rise edge)                           0.00      0.00
  clock network delay (propagated)                 0.40      0.40

  ahb_wdata_reg_reg_10_/CK (SAEDRVT14_FDPRBQ_V2LP_0P5)
                                                   0.00      0.40 r
  ahb_wdata_reg_reg_10_/Q (SAEDRVT14_FDPRBQ_V2LP_0P5)
                                                   0.03      0.44 f
  copt_h_inst_3671/X (SAEDRVT14_DEL_R2V2_1)        0.03      0.47 f
  u_core/U29/X (SAEDRVT14_AOI21_0P75)              0.01      0.49 r
  u_core/U258/X (SAEDRVT14_OAI21_0P5)              0.01      0.49 f
  u_core/U259/X (SAEDRVT14_AO21_U_0P5)             0.01      0.50 f
  u_core/copt_gre_h_inst_4131/X (SAEDRVT14_DEL_R2V2_1)
                                                   0.02      0.52 f
  u_core/sreg_reg_10_/D (SAEDRVT14_FDPRBQ_V2LP_0P5)
                                                   0.00      0.52 f
  data arrival time                                          0.52

  clock HCLK (rise edge)                           0.00      0.00
  clock network delay (propagated)                 0.41      0.41
  u_core/sreg_reg_10_/CK (SAEDRVT14_FDPRBQ_V2LP_0P5)
                                                   0.00      0.41 r
  clock uncertainty                                0.10      0.51
  library hold time                                0.01      0.52
  data required time                                         0.52
  ------------------------------------------------------------------------
  data required time                                         0.52
  data arrival time                                         -0.52
  ------------------------------------------------------------------------
  slack (VIOLATED)                                          -0.00



  Startpoint: ahb_wdata_reg_reg_6_ (rising edge-triggered flip-flop clocked by HCLK)
  Endpoint: ahb_wdata_reg_reg_6_ (rising edge-triggered flip-flop clocked by HCLK)
  Mode: func_mode
  Corner: ff_corner
  Scenario: func_ff
  Path Group: HCLK
  Path Type: min

  Point                                            Incr      Path  
  ------------------------------------------------------------------------
  clock HCLK (rise edge)                           0.00      0.00
  clock network delay (propagated)                 0.40      0.40

  ahb_wdata_reg_reg_6_/CK (SAEDRVT14_FDPRBQ_V2LP_0P5)
                                                   0.00      0.40 r
  ahb_wdata_reg_reg_6_/Q (SAEDRVT14_FDPRBQ_V2LP_0P5)
                                                   0.03      0.44 f
  copt_h_inst_3563/X (SAEDRVT14_DEL_R2V2_1)        0.02      0.46 f
  copt_h_inst_3562/X (SAEDRVT14_DEL_R2V2_1)        0.02      0.48 f
  ropt_h_inst_4186/X (SAEDRVT14_BUF_U_0P5)         0.02      0.49 f
  U271/X (SAEDRVT14_MUX2_MM_0P5)                   0.02      0.51 f
  ahb_wdata_reg_reg_6_/D (SAEDRVT14_FDPRBQ_V2LP_0P5)
                                                   0.00      0.51 f
  data arrival time                                          0.51

  clock HCLK (rise edge)                           0.00      0.00
  clock network delay (propagated)                 0.40      0.40
  ahb_wdata_reg_reg_6_/CK (SAEDRVT14_FDPRBQ_V2LP_0P5)
                                                   0.00      0.40 r
  clock uncertainty                                0.10      0.50
  library hold time                                0.01      0.51
  data required time                                         0.51
  ------------------------------------------------------------------------
  data required time                                         0.51
  data arrival time                                         -0.51
  ------------------------------------------------------------------------
  slack (VIOLATED)                                          -0.00



  Startpoint: u_core/rx_reg_reg_30_ (rising edge-triggered flip-flop clocked by HCLK)
  Endpoint: u_core/rx_reg_reg_30_ (rising edge-triggered flip-flop clocked by HCLK)
  Mode: func_mode
  Corner: ff_corner
  Scenario: func_ff
  Path Group: HCLK
  Path Type: min

  Point                                            Incr      Path  
  ------------------------------------------------------------------------
  clock HCLK (rise edge)                           0.00      0.00
  clock network delay (propagated)                 0.40      0.40

  u_core/rx_reg_reg_30_/CK (SAEDRVT14_FDPRBQ_V2LP_0P5)
                                                   0.00      0.40 r
  u_core/rx_reg_reg_30_/Q (SAEDRVT14_FDPRBQ_V2LP_0P5)
                                                   0.03      0.44 f
  u_core/copt_h_inst_3697/X (SAEDRVT14_DEL_R2V2_1)
                                                   0.02      0.46 f
  u_core/copt_h_inst_3699/X (SAEDRVT14_DEL_R2V2_1)
                                                   0.02      0.48 f
  u_core/U171/X (SAEDRVT14_INV_S_0P5)              0.01      0.50 r
  u_core/U172/X (SAEDRVT14_OAI22_3)                0.01      0.50 f
  u_core/ropt_h_inst_4177/X (SAEDRVT14_BUF_S_0P5)
                                                   0.01      0.51 f
  u_core/rx_reg_reg_30_/D (SAEDRVT14_FDPRBQ_V2LP_0P5)
                                                   0.00      0.51 f
  data arrival time                                          0.51

  clock HCLK (rise edge)                           0.00      0.00
  clock network delay (propagated)                 0.40      0.40
  u_core/rx_reg_reg_30_/CK (SAEDRVT14_FDPRBQ_V2LP_0P5)
                                                   0.00      0.40 r
  clock uncertainty                                0.10      0.50
  library hold time                                0.01      0.51
  data required time                                         0.51
  ------------------------------------------------------------------------
  data required time                                         0.51
  data arrival time                                         -0.51
  ------------------------------------------------------------------------
  slack (VIOLATED)                                          -0.00



  Startpoint: ahb_rdata_reg_reg_25_ (rising edge-triggered flip-flop clocked by HCLK)
  Endpoint: ahb_rdata_reg_reg_25_ (rising edge-triggered flip-flop clocked by HCLK)
  Mode: func_mode
  Corner: ff_corner
  Scenario: func_ff
  Path Group: HCLK
  Path Type: min

  Point                                            Incr      Path  
  ------------------------------------------------------------------------
  clock HCLK (rise edge)                           0.00      0.00
  clock network delay (propagated)                 0.40      0.40

  ahb_rdata_reg_reg_25_/CK (SAEDRVT14_FDPRBQ_V2LP_0P5)
                                                   0.00      0.40 r
  ahb_rdata_reg_reg_25_/Q (SAEDRVT14_FDPRBQ_V2LP_0P5)
                                                   0.03      0.43 f
  copt_h_inst_3969/X (SAEDRVT14_BUF_S_0P5)         0.01      0.45 f
  U219/X (SAEDRVT14_MUX2_U_0P5)                    0.02      0.46 f
  copt_h_inst_3873/X (SAEDRVT14_DEL_R2V3_1)        0.03      0.49 f
  copt_h_inst_3874/X (SAEDRVT14_DEL_R2V2_1)        0.02      0.51 f
  ahb_rdata_reg_reg_25_/D (SAEDRVT14_FDPRBQ_V2LP_0P5)
                                                   0.00      0.51 f
  data arrival time                                          0.51

  clock HCLK (rise edge)                           0.00      0.00
  clock network delay (propagated)                 0.40      0.40
  ahb_rdata_reg_reg_25_/CK (SAEDRVT14_FDPRBQ_V2LP_0P5)
                                                   0.00      0.40 r
  clock uncertainty                                0.10      0.50
  library hold time                                0.01      0.51
  data required time                                         0.51
  ------------------------------------------------------------------------
  data required time                                         0.51
  data arrival time                                         -0.51
  ------------------------------------------------------------------------
  slack (VIOLATED)                                          -0.00



  Startpoint: a_reg_reg_2_ (rising edge-triggered flip-flop clocked by HCLK)
  Endpoint: u_core/sreg_reg_2_ (rising edge-triggered flip-flop clocked by HCLK)
  Mode: func_mode
  Corner: ff_corner
  Scenario: func_ff
  Path Group: HCLK
  Path Type: min

  Point                                            Incr      Path  
  ------------------------------------------------------------------------
  clock HCLK (rise edge)                           0.00      0.00
  clock network delay (propagated)                 0.40      0.40

  a_reg_reg_2_/CK (SAEDRVT14_FDPRBQ_V2LP_0P5)      0.00      0.40 r
  a_reg_reg_2_/Q (SAEDRVT14_FDPRBQ_V2LP_0P5)       0.03      0.44 f
  copt_h_inst_3528/X (SAEDRVT14_BUF_U_0P5)         0.01      0.45 f
  copt_h_inst_3527/X (SAEDRVT14_DEL_R2V2_1)        0.02      0.47 f
  copt_h_inst_3526/X (SAEDRVT14_DEL_R2V2_1)        0.03      0.50 f
  u_core/ctmTdsLR_1_1206/X (SAEDRVT14_AO221_4)     0.02      0.51 f
  u_core/sreg_reg_2_/D (SAEDRVT14_FDPRBQ_V2LP_0P5)
                                                   0.00      0.51 f
  data arrival time                                          0.51

  clock HCLK (rise edge)                           0.00      0.00
  clock network delay (propagated)                 0.40      0.40
  u_core/sreg_reg_2_/CK (SAEDRVT14_FDPRBQ_V2LP_0P5)
                                                   0.00      0.40 r
  clock uncertainty                                0.10      0.50
  library hold time                                0.01      0.51
  data required time                                         0.51
  ------------------------------------------------------------------------
  data required time                                         0.51
  data arrival time                                         -0.51
  ------------------------------------------------------------------------
  slack (VIOLATED)                                          -0.00



  Startpoint: a_reg_reg_31_ (rising edge-triggered flip-flop clocked by HCLK)
  Endpoint: a_reg_reg_31_ (rising edge-triggered flip-flop clocked by HCLK)
  Mode: func_mode
  Corner: ff_corner
  Scenario: func_ff
  Path Group: HCLK
  Path Type: min

  Point                                            Incr      Path  
  ------------------------------------------------------------------------
  clock HCLK (rise edge)                           0.00      0.00
  clock network delay (propagated)                 0.40      0.40

  a_reg_reg_31_/CK (SAEDRVT14_FDPRBQ_V2LP_0P5)     0.00      0.40 r
  a_reg_reg_31_/Q (SAEDRVT14_FDPRBQ_V2LP_0P5)      0.03      0.44 f
  copt_h_inst_3551/X (SAEDRVT14_DEL_R2V2_1)        0.02      0.46 f
  copt_h_inst_3550/X (SAEDRVT14_DEL_R2V2_1)        0.02      0.48 f
  copt_gre_h_inst_4100/X (SAEDRVT14_BUF_S_0P5)     0.02      0.50 f
  U180/X (SAEDRVT14_MUX2_U_0P5)                    0.02      0.51 f
  a_reg_reg_31_/D (SAEDRVT14_FDPRBQ_V2LP_0P5)      0.00      0.51 f
  data arrival time                                          0.51

  clock HCLK (rise edge)                           0.00      0.00
  clock network delay (propagated)                 0.40      0.40
  a_reg_reg_31_/CK (SAEDRVT14_FDPRBQ_V2LP_0P5)     0.00      0.40 r
  clock uncertainty                                0.10      0.50
  library hold time                                0.01      0.51
  data required time                                         0.51
  ------------------------------------------------------------------------
  data required time                                         0.51
  data arrival time                                         -0.51
  ------------------------------------------------------------------------
  slack (VIOLATED)                                          -0.00



  Startpoint: a_reg_reg_2_ (rising edge-triggered flip-flop clocked by HCLK)
  Endpoint: a_reg_reg_2_ (rising edge-triggered flip-flop clocked by HCLK)
  Mode: func_mode
  Corner: ff_corner
  Scenario: func_ff
  Path Group: HCLK
  Path Type: min

  Point                                            Incr      Path  
  ------------------------------------------------------------------------
  clock HCLK (rise edge)                           0.00      0.00
  clock network delay (propagated)                 0.40      0.40

  a_reg_reg_2_/CK (SAEDRVT14_FDPRBQ_V2LP_0P5)      0.00      0.40 r
  a_reg_reg_2_/Q (SAEDRVT14_FDPRBQ_V2LP_0P5)       0.03      0.44 f
  copt_h_inst_3528/X (SAEDRVT14_BUF_U_0P5)         0.01      0.45 f
  copt_h_inst_3527/X (SAEDRVT14_DEL_R2V2_1)        0.02      0.47 f
  copt_h_inst_3526/X (SAEDRVT14_DEL_R2V2_1)        0.03      0.50 f
  U210/X (SAEDRVT14_MUX2_U_0P5)                    0.02      0.51 f
  a_reg_reg_2_/D (SAEDRVT14_FDPRBQ_V2LP_0P5)       0.00      0.51 f
  data arrival time                                          0.51

  clock HCLK (rise edge)                           0.00      0.00
  clock network delay (propagated)                 0.40      0.40
  a_reg_reg_2_/CK (SAEDRVT14_FDPRBQ_V2LP_0P5)      0.00      0.40 r
  clock uncertainty                                0.10      0.50
  library hold time                                0.01      0.51
  data required time                                         0.51
  ------------------------------------------------------------------------
  data required time                                         0.51
  data arrival time                                         -0.51
  ------------------------------------------------------------------------
  slack (VIOLATED)                                          -0.00



  Startpoint: u_core/sreg_reg_10_ (rising edge-triggered flip-flop clocked by HCLK)
  Endpoint: u_core/sreg_reg_11_ (rising edge-triggered flip-flop clocked by HCLK)
  Mode: func_mode
  Corner: ff_corner
  Scenario: func_ff
  Path Group: HCLK
  Path Type: min

  Point                                            Incr      Path  
  ------------------------------------------------------------------------
  clock HCLK (rise edge)                           0.00      0.00
  clock network delay (propagated)                 0.41      0.41

  u_core/sreg_reg_10_/CK (SAEDRVT14_FDPRBQ_V2LP_0P5)
                                                   0.00      0.41 r
  u_core/sreg_reg_10_/Q (SAEDRVT14_FDPRBQ_V2LP_0P5)
                                                   0.04      0.44 f
  u_core/copt_h_inst_4039/X (SAEDRVT14_DEL_R2V2_1)
                                                   0.02      0.46 f
  u_core/U255/X (SAEDRVT14_INV_S_0P5)              0.01      0.48 r
  u_core/U304/X (SAEDRVT14_OAI22_0P5)              0.01      0.49 f
  u_core/U31/X (SAEDRVT14_AOI21_0P75)              0.01      0.50 r
  u_core/U305/X (SAEDRVT14_OAI21_0P5)              0.01      0.51 f
  u_core/U306/X (SAEDRVT14_AO21_U_0P5)             0.01      0.52 f
  u_core/sreg_reg_11_/D (SAEDRVT14_FDPRBQ_V2LP_0P5)
                                                   0.00      0.52 f
  data arrival time                                          0.52

  clock HCLK (rise edge)                           0.00      0.00
  clock network delay (propagated)                 0.41      0.41
  u_core/sreg_reg_11_/CK (SAEDRVT14_FDPRBQ_V2LP_0P5)
                                                   0.00      0.41 r
  clock uncertainty                                0.10      0.51
  library hold time                                0.01      0.52
  data required time                                         0.52
  ------------------------------------------------------------------------
  data required time                                         0.52
  data arrival time                                         -0.52
  ------------------------------------------------------------------------
  slack (VIOLATED)                                          -0.00


1
