****************************************
Report : timing
        -path_type full
        -delay_type max
        -max_paths 20
        -report_by design
Design : ahb_wrapper
Version: W-2024.09-SP3
Date   : Thu May 28 17:14:36 2026
****************************************

  Startpoint: u_core/state_reg_0_ (rising edge-triggered flip-flop clocked by HCLK)
  Endpoint: u_core/U4 (falling clock gating-check end-point clocked by HCLK)
  Mode: func_mode
  Corner: ss_corner
  Scenario: func_ss
  Path Group: HCLK
  Path Type: max

  Point                                            Incr      Path  
  ------------------------------------------------------------------------
  clock HCLK (rise edge)                           0.00      0.00
  clock network delay (propagated)                 0.39      0.39

  u_core/state_reg_0_/CK (SAEDRVT14_FDPRBQ_V2LP_0P5)
                                                   0.00      0.39 r
  u_core/state_reg_0_/Q (SAEDRVT14_FDPRBQ_V2LP_0P5)
                                                   0.03      0.42 r
  u_core/U9/X (SAEDRVT14_INV_0P5)                  0.01      0.43 f
  u_core/U11/X (SAEDRVT14_ND2_CDC_1)               0.01      0.44 r
  u_core/U12/X (SAEDRVT14_ND2_CDC_1)               0.01      0.45 f
  u_core/U4/A2 (SAEDRVT14_NR2_1)                   0.00      0.45 f
  data arrival time                                          0.45

  clock HCLK (fall edge)                          10.00     10.00
  clock network delay (propagated)                 0.38     10.38
  u_core/U4/A1 (SAEDRVT14_NR2_1)                   0.00     10.38 f
  library setup time                              -0.00     10.38
  data required time                                        10.38
  ------------------------------------------------------------------------
  data required time                                        10.38
  data arrival time                                         -0.45
  ------------------------------------------------------------------------
  slack (MET)                                                9.93



  Startpoint: u_core/state_reg_0_ (rising edge-triggered flip-flop clocked by HCLK)
  Endpoint: u_core/sreg_reg_19_ (rising edge-triggered flip-flop clocked by HCLK)
  Mode: func_mode
  Corner: ss_corner
  Scenario: func_ss
  Path Group: HCLK
  Path Type: max

  Point                                            Incr      Path  
  ------------------------------------------------------------------------
  clock HCLK (rise edge)                           0.00      0.00
  clock network delay (propagated)                 0.39      0.39

  u_core/state_reg_0_/CK (SAEDRVT14_FDPRBQ_V2LP_0P5)
                                                   0.00      0.39 r
  u_core/state_reg_0_/Q (SAEDRVT14_FDPRBQ_V2LP_0P5)
                                                   0.03      0.42 f
  u_core/U9/X (SAEDRVT14_INV_0P5)                  0.01      0.43 r
  u_core/U11/X (SAEDRVT14_ND2_CDC_1)               0.01      0.44 f
  u_core/U11_X_btd2418/X (SAEDRVT14_BUF_UCDC_0P5)
                                                   0.01      0.44 f
  u_core/CDIBUF_10_f_1/X (SAEDRVT14_BUF_UCDC_0P5)
                                                   0.01      0.45 f
  u_core/U20/X (SAEDRVT14_NR2_ISO_1)               0.04      0.49 r
  u_core/U22/X (SAEDRVT14_AN4_0P75)                0.03      0.52 r
  u_core/ctmTdsLR_3_1217/X (SAEDRVT14_ND2_CDC_1)   0.02      0.54 f
  u_core/U25/X (SAEDRVT14_ND2_ECO_1)               0.03      0.57 r
  u_core/U66/X (SAEDRVT14_INV_S_0P5)               0.02      0.59 f
  u_core/U182/X (SAEDRVT14_OAI21_1)                0.11      0.70 r
  u_core/U195/X (SAEDRVT14_AN4_0P5)                0.06      0.76 r
  u_core/U196/X (SAEDRVT14_INV_S_0P5)              0.07      0.83 f
  u_core/U270/X (SAEDRVT14_OAI22_0P5)              0.04      0.87 r
  u_core/U271/X (SAEDRVT14_AOI21_0P75)             0.02      0.90 f
  u_core/U272/X (SAEDRVT14_OAI21_0P5)              0.02      0.92 r
  u_core/U273/X (SAEDRVT14_AO21_U_0P5)             0.02      0.94 r
  u_core/sreg_reg_19_/D (SAEDRVT14_FDPRBQ_V2LP_0P5)
                                                   0.00      0.94 r
  data arrival time                                          0.94

  clock HCLK (rise edge)                          20.00     20.00
  clock network delay (propagated)                 0.36     20.36
  u_core/sreg_reg_19_/CK (SAEDRVT14_FDPRBQ_V2LP_0P5)
                                                   0.00     20.36 r
  library setup time                              -0.01     20.35
  data required time                                        20.35
  ------------------------------------------------------------------------
  data required time                                        20.35
  data arrival time                                         -0.94
  ------------------------------------------------------------------------
  slack (MET)                                               19.41



  Startpoint: u_core/state_reg_0_ (rising edge-triggered flip-flop clocked by HCLK)
  Endpoint: u_core/sreg_reg_21_ (rising edge-triggered flip-flop clocked by HCLK)
  Mode: func_mode
  Corner: ss_corner
  Scenario: func_ss
  Path Group: HCLK
  Path Type: max

  Point                                            Incr      Path  
  ------------------------------------------------------------------------
  clock HCLK (rise edge)                           0.00      0.00
  clock network delay (propagated)                 0.39      0.39

  u_core/state_reg_0_/CK (SAEDRVT14_FDPRBQ_V2LP_0P5)
                                                   0.00      0.39 r
  u_core/state_reg_0_/Q (SAEDRVT14_FDPRBQ_V2LP_0P5)
                                                   0.03      0.42 f
  u_core/U9/X (SAEDRVT14_INV_0P5)                  0.01      0.43 r
  u_core/U11/X (SAEDRVT14_ND2_CDC_1)               0.01      0.44 f
  u_core/U11_X_btd2418/X (SAEDRVT14_BUF_UCDC_0P5)
                                                   0.01      0.44 f
  u_core/CDIBUF_10_f_1/X (SAEDRVT14_BUF_UCDC_0P5)
                                                   0.01      0.45 f
  u_core/U20/X (SAEDRVT14_NR2_ISO_1)               0.04      0.49 r
  u_core/U22/X (SAEDRVT14_AN4_0P75)                0.03      0.52 r
  u_core/ctmTdsLR_3_1217/X (SAEDRVT14_ND2_CDC_1)   0.02      0.54 f
  u_core/U25/X (SAEDRVT14_ND2_ECO_1)               0.03      0.57 r
  u_core/U66/X (SAEDRVT14_INV_S_0P5)               0.02      0.59 f
  u_core/U182/X (SAEDRVT14_OAI21_1)                0.11      0.70 r
  u_core/U195/X (SAEDRVT14_AN4_0P5)                0.06      0.76 r
  u_core/U196/X (SAEDRVT14_INV_S_0P5)              0.07      0.83 f
  u_core/U280/X (SAEDRVT14_OAI22_0P5)              0.05      0.88 r
  u_core/U281/X (SAEDRVT14_AOI21_0P75)             0.02      0.90 f
  u_core/U282/X (SAEDRVT14_OAI21_0P5)              0.02      0.92 r
  u_core/U283/X (SAEDRVT14_AO21_U_0P5)             0.02      0.94 r
  u_core/sreg_reg_21_/D (SAEDRVT14_FDPRBQ_V2LP_0P5)
                                                   0.00      0.94 r
  data arrival time                                          0.94

  clock HCLK (rise edge)                          20.00     20.00
  clock network delay (propagated)                 0.36     20.36
  u_core/sreg_reg_21_/CK (SAEDRVT14_FDPRBQ_V2LP_0P5)
                                                   0.00     20.36 r
  library setup time                              -0.00     20.35
  data required time                                        20.35
  ------------------------------------------------------------------------
  data required time                                        20.35
  data arrival time                                         -0.94
  ------------------------------------------------------------------------
  slack (MET)                                               19.42



  Startpoint: u_core/state_reg_0_ (rising edge-triggered flip-flop clocked by HCLK)
  Endpoint: u_core/sreg_reg_12_ (rising edge-triggered flip-flop clocked by HCLK)
  Mode: func_mode
  Corner: ss_corner
  Scenario: func_ss
  Path Group: HCLK
  Path Type: max

  Point                                            Incr      Path  
  ------------------------------------------------------------------------
  clock HCLK (rise edge)                           0.00      0.00
  clock network delay (propagated)                 0.39      0.39

  u_core/state_reg_0_/CK (SAEDRVT14_FDPRBQ_V2LP_0P5)
                                                   0.00      0.39 r
  u_core/state_reg_0_/Q (SAEDRVT14_FDPRBQ_V2LP_0P5)
                                                   0.03      0.42 f
  u_core/U9/X (SAEDRVT14_INV_0P5)                  0.01      0.43 r
  u_core/U11/X (SAEDRVT14_ND2_CDC_1)               0.01      0.44 f
  u_core/U11_X_btd2418/X (SAEDRVT14_BUF_UCDC_0P5)
                                                   0.01      0.44 f
  u_core/CDIBUF_10_f_1/X (SAEDRVT14_BUF_UCDC_0P5)
                                                   0.01      0.45 f
  u_core/U20/X (SAEDRVT14_NR2_ISO_1)               0.04      0.49 r
  u_core/U22/X (SAEDRVT14_AN4_0P75)                0.03      0.52 r
  u_core/ctmTdsLR_3_1217/X (SAEDRVT14_ND2_CDC_1)   0.02      0.54 f
  u_core/U25/X (SAEDRVT14_ND2_ECO_1)               0.03      0.57 r
  u_core/U66/X (SAEDRVT14_INV_S_0P5)               0.02      0.59 f
  u_core/U182/X (SAEDRVT14_OAI21_1)                0.11      0.70 r
  u_core/U195/X (SAEDRVT14_AN4_0P5)                0.06      0.76 r
  u_core/U196/X (SAEDRVT14_INV_S_0P5)              0.07      0.83 f
  u_core/U307/X (SAEDRVT14_OAI22_0P5)              0.03      0.87 r
  u_core/U308/X (SAEDRVT14_AOI21_0P75)             0.02      0.88 f
  u_core/U309/X (SAEDRVT14_OAI21_0P5)              0.02      0.91 r
  u_core/U310/X (SAEDRVT14_AO21_U_0P5)             0.02      0.92 r
  u_core/copt_gre_h_inst_4148/X (SAEDRVT14_DEL_R2V1_1)
                                                   0.01      0.94 r
  u_core/sreg_reg_12_/D (SAEDRVT14_FDPRBQ_V2LP_0P5)
                                                   0.00      0.94 r
  data arrival time                                          0.94

  clock HCLK (rise edge)                          20.00     20.00
  clock network delay (propagated)                 0.36     20.36
  u_core/sreg_reg_12_/CK (SAEDRVT14_FDPRBQ_V2LP_0P5)
                                                   0.00     20.36 r
  library setup time                              -0.00     20.35
  data required time                                        20.35
  ------------------------------------------------------------------------
  data required time                                        20.35
  data arrival time                                         -0.94
  ------------------------------------------------------------------------
  slack (MET)                                               19.42



  Startpoint: u_core/state_reg_0_ (rising edge-triggered flip-flop clocked by HCLK)
  Endpoint: u_core/sreg_reg_20_ (rising edge-triggered flip-flop clocked by HCLK)
  Mode: func_mode
  Corner: ss_corner
  Scenario: func_ss
  Path Group: HCLK
  Path Type: max

  Point                                            Incr      Path  
  ------------------------------------------------------------------------
  clock HCLK (rise edge)                           0.00      0.00
  clock network delay (propagated)                 0.39      0.39

  u_core/state_reg_0_/CK (SAEDRVT14_FDPRBQ_V2LP_0P5)
                                                   0.00      0.39 r
  u_core/state_reg_0_/Q (SAEDRVT14_FDPRBQ_V2LP_0P5)
                                                   0.03      0.42 f
  u_core/U9/X (SAEDRVT14_INV_0P5)                  0.01      0.43 r
  u_core/U11/X (SAEDRVT14_ND2_CDC_1)               0.01      0.44 f
  u_core/U11_X_btd2418/X (SAEDRVT14_BUF_UCDC_0P5)
                                                   0.01      0.44 f
  u_core/CDIBUF_10_f_1/X (SAEDRVT14_BUF_UCDC_0P5)
                                                   0.01      0.45 f
  u_core/U20/X (SAEDRVT14_NR2_ISO_1)               0.04      0.49 r
  u_core/U22/X (SAEDRVT14_AN4_0P75)                0.03      0.52 r
  u_core/ctmTdsLR_3_1217/X (SAEDRVT14_ND2_CDC_1)   0.02      0.54 f
  u_core/U25/X (SAEDRVT14_ND2_ECO_1)               0.03      0.57 r
  u_core/U66/X (SAEDRVT14_INV_S_0P5)               0.02      0.59 f
  u_core/U182/X (SAEDRVT14_OAI21_1)                0.11      0.70 r
  u_core/U195/X (SAEDRVT14_AN4_0P5)                0.06      0.76 r
  u_core/U196/X (SAEDRVT14_INV_S_0P5)              0.07      0.83 f
  u_core/U299/X (SAEDRVT14_OAI22_0P5)              0.04      0.87 r
  u_core/U300/X (SAEDRVT14_AOI21_0P75)             0.02      0.89 f
  u_core/U301/X (SAEDRVT14_OAI21_0P5)              0.02      0.91 r
  u_core/U302/X (SAEDRVT14_AO21_U_0P5)             0.02      0.93 r
  u_core/sreg_reg_20_/D (SAEDRVT14_FDPRBQ_V2LP_0P5)
                                                   0.00      0.93 r
  data arrival time                                          0.93

  clock HCLK (rise edge)                          20.00     20.00
  clock network delay (propagated)                 0.36     20.36
  u_core/sreg_reg_20_/CK (SAEDRVT14_FDPRBQ_V2LP_0P5)
                                                   0.00     20.36 r
  library setup time                              -0.01     20.35
  data required time                                        20.35
  ------------------------------------------------------------------------
  data required time                                        20.35
  data arrival time                                         -0.93
  ------------------------------------------------------------------------
  slack (MET)                                               19.42



  Startpoint: u_core/state_reg_0_ (rising edge-triggered flip-flop clocked by HCLK)
  Endpoint: u_core/sreg_reg_31_ (rising edge-triggered flip-flop clocked by HCLK)
  Mode: func_mode
  Corner: ss_corner
  Scenario: func_ss
  Path Group: HCLK
  Path Type: max

  Point                                            Incr      Path  
  ------------------------------------------------------------------------
  clock HCLK (rise edge)                           0.00      0.00
  clock network delay (propagated)                 0.39      0.39

  u_core/state_reg_0_/CK (SAEDRVT14_FDPRBQ_V2LP_0P5)
                                                   0.00      0.39 r
  u_core/state_reg_0_/Q (SAEDRVT14_FDPRBQ_V2LP_0P5)
                                                   0.03      0.42 f
  u_core/U9/X (SAEDRVT14_INV_0P5)                  0.01      0.43 r
  u_core/U11/X (SAEDRVT14_ND2_CDC_1)               0.01      0.44 f
  u_core/U11_X_btd2418/X (SAEDRVT14_BUF_UCDC_0P5)
                                                   0.01      0.44 f
  u_core/CDIBUF_10_f_1/X (SAEDRVT14_BUF_UCDC_0P5)
                                                   0.01      0.45 f
  u_core/U20/X (SAEDRVT14_NR2_ISO_1)               0.04      0.49 r
  u_core/U22/X (SAEDRVT14_AN4_0P75)                0.03      0.52 r
  u_core/ctmTdsLR_3_1217/X (SAEDRVT14_ND2_CDC_1)   0.02      0.54 f
  u_core/U25/X (SAEDRVT14_ND2_ECO_1)               0.03      0.57 r
  u_core/U66/X (SAEDRVT14_INV_S_0P5)               0.02      0.59 f
  u_core/U182/X (SAEDRVT14_OAI21_1)                0.11      0.70 r
  u_core/U204/X (SAEDRVT14_OAI21_1)                0.15      0.85 f
  u_core/U349/X (SAEDRVT14_OAI21_0P5)              0.04      0.89 r
  u_core/copt_h_inst_4019/X (SAEDRVT14_DEL_R2V2_1)
                                                   0.03      0.92 r
  u_core/ropt_h_inst_4166/X (SAEDRVT14_DEL_R2V1_1)
                                                   0.01      0.93 r
  u_core/sreg_reg_31_/D (SAEDRVT14_FDPRBQ_V2LP_0P5)
                                                   0.00      0.93 r
  data arrival time                                          0.93

  clock HCLK (rise edge)                          20.00     20.00
  clock network delay (propagated)                 0.36     20.36
  u_core/sreg_reg_31_/CK (SAEDRVT14_FDPRBQ_V2LP_0P5)
                                                   0.00     20.36 r
  library setup time                              -0.00     20.35
  data required time                                        20.35
  ------------------------------------------------------------------------
  data required time                                        20.35
  data arrival time                                         -0.93
  ------------------------------------------------------------------------
  slack (MET)                                               19.42



  Startpoint: u_core/state_reg_0_ (rising edge-triggered flip-flop clocked by HCLK)
  Endpoint: u_core/sreg_reg_26_ (rising edge-triggered flip-flop clocked by HCLK)
  Mode: func_mode
  Corner: ss_corner
  Scenario: func_ss
  Path Group: HCLK
  Path Type: max

  Point                                            Incr      Path  
  ------------------------------------------------------------------------
  clock HCLK (rise edge)                           0.00      0.00
  clock network delay (propagated)                 0.39      0.39

  u_core/state_reg_0_/CK (SAEDRVT14_FDPRBQ_V2LP_0P5)
                                                   0.00      0.39 r
  u_core/state_reg_0_/Q (SAEDRVT14_FDPRBQ_V2LP_0P5)
                                                   0.03      0.42 f
  u_core/U9/X (SAEDRVT14_INV_0P5)                  0.01      0.43 r
  u_core/U11/X (SAEDRVT14_ND2_CDC_1)               0.01      0.44 f
  u_core/U11_X_btd2418/X (SAEDRVT14_BUF_UCDC_0P5)
                                                   0.01      0.44 f
  u_core/CDIBUF_10_f_1/X (SAEDRVT14_BUF_UCDC_0P5)
                                                   0.01      0.45 f
  u_core/U20/X (SAEDRVT14_NR2_ISO_1)               0.04      0.49 r
  u_core/U22/X (SAEDRVT14_AN4_0P75)                0.03      0.52 r
  u_core/ctmTdsLR_3_1217/X (SAEDRVT14_ND2_CDC_1)   0.02      0.54 f
  u_core/U25/X (SAEDRVT14_ND2_ECO_1)               0.03      0.57 r
  u_core/U66/X (SAEDRVT14_INV_S_0P5)               0.02      0.59 f
  u_core/U182/X (SAEDRVT14_OAI21_1)                0.11      0.70 r
  u_core/U204/X (SAEDRVT14_OAI21_1)                0.15      0.85 f
  u_core/U372/X (SAEDRVT14_OA21B_1)                0.03      0.88 f
  u_core/U373/X (SAEDRVT14_ND2_CDC_1)              0.01      0.89 r
  u_core/U374/X (SAEDRVT14_AOI21_0P75)             0.01      0.90 f
  u_core/U375/X (SAEDRVT14_OAI21_0P5)              0.01      0.91 r
  u_core/copt_gre_h_inst_4145/X (SAEDRVT14_DEL_R2V2_1)
                                                   0.03      0.93 r
  u_core/sreg_reg_26_/D (SAEDRVT14_FDPRBQ_V2LP_0P5)
                                                   0.00      0.93 r
  data arrival time                                          0.93

  clock HCLK (rise edge)                          20.00     20.00
  clock network delay (propagated)                 0.36     20.36
  u_core/sreg_reg_26_/CK (SAEDRVT14_FDPRBQ_V2LP_0P5)
                                                   0.00     20.36 r
  library setup time                              -0.00     20.36
  data required time                                        20.36
  ------------------------------------------------------------------------
  data required time                                        20.36
  data arrival time                                         -0.93
  ------------------------------------------------------------------------
  slack (MET)                                               19.42



  Startpoint: u_core/state_reg_0_ (rising edge-triggered flip-flop clocked by HCLK)
  Endpoint: u_core/sreg_reg_7_ (rising edge-triggered flip-flop clocked by HCLK)
  Mode: func_mode
  Corner: ss_corner
  Scenario: func_ss
  Path Group: HCLK
  Path Type: max

  Point                                            Incr      Path  
  ------------------------------------------------------------------------
  clock HCLK (rise edge)                           0.00      0.00
  clock network delay (propagated)                 0.39      0.39

  u_core/state_reg_0_/CK (SAEDRVT14_FDPRBQ_V2LP_0P5)
                                                   0.00      0.39 r
  u_core/state_reg_0_/Q (SAEDRVT14_FDPRBQ_V2LP_0P5)
                                                   0.03      0.42 f
  u_core/U9/X (SAEDRVT14_INV_0P5)                  0.01      0.43 r
  u_core/U11/X (SAEDRVT14_ND2_CDC_1)               0.01      0.44 f
  u_core/U11_X_btd2418/X (SAEDRVT14_BUF_UCDC_0P5)
                                                   0.01      0.44 f
  u_core/CDIBUF_10_f_1/X (SAEDRVT14_BUF_UCDC_0P5)
                                                   0.01      0.45 f
  u_core/U20/X (SAEDRVT14_NR2_ISO_1)               0.04      0.49 r
  u_core/U22/X (SAEDRVT14_AN4_0P75)                0.03      0.52 r
  u_core/ctmTdsLR_3_1217/X (SAEDRVT14_ND2_CDC_1)   0.02      0.54 f
  u_core/U25/X (SAEDRVT14_ND2_ECO_1)               0.03      0.57 r
  u_core/U66/X (SAEDRVT14_INV_S_0P5)               0.02      0.59 f
  u_core/U182/X (SAEDRVT14_OAI21_1)                0.11      0.70 r
  u_core/U195/X (SAEDRVT14_AN4_0P5)                0.06      0.76 r
  u_core/U196/X (SAEDRVT14_INV_S_0P5)              0.07      0.83 f
  u_core/U222/X (SAEDRVT14_OAI22_0P5)              0.04      0.87 r
  u_core/U223/X (SAEDRVT14_AOI21_0P75)             0.01      0.88 f
  u_core/U224/X (SAEDRVT14_OAI21_0P5)              0.01      0.90 r
  u_core/U225/X (SAEDRVT14_AO21_U_0P5)             0.02      0.92 r
  u_core/copt_gre_h_inst_4046/X (SAEDRVT14_DEL_R2V2_1)
                                                   0.02      0.93 r
  u_core/sreg_reg_7_/D (SAEDRVT14_FDPRBQ_V2LP_0P5)
                                                   0.00      0.93 r
  data arrival time                                          0.93

  clock HCLK (rise edge)                          20.00     20.00
  clock network delay (propagated)                 0.36     20.36
  u_core/sreg_reg_7_/CK (SAEDRVT14_FDPRBQ_V2LP_0P5)
                                                   0.00     20.36 r
  library setup time                              -0.00     20.36
  data required time                                        20.36
  ------------------------------------------------------------------------
  data required time                                        20.36
  data arrival time                                         -0.93
  ------------------------------------------------------------------------
  slack (MET)                                               19.42



  Startpoint: u_core/state_reg_0_ (rising edge-triggered flip-flop clocked by HCLK)
  Endpoint: u_core/sreg_reg_30_ (rising edge-triggered flip-flop clocked by HCLK)
  Mode: func_mode
  Corner: ss_corner
  Scenario: func_ss
  Path Group: HCLK
  Path Type: max

  Point                                            Incr      Path  
  ------------------------------------------------------------------------
  clock HCLK (rise edge)                           0.00      0.00
  clock network delay (propagated)                 0.39      0.39

  u_core/state_reg_0_/CK (SAEDRVT14_FDPRBQ_V2LP_0P5)
                                                   0.00      0.39 r
  u_core/state_reg_0_/Q (SAEDRVT14_FDPRBQ_V2LP_0P5)
                                                   0.03      0.42 f
  u_core/U9/X (SAEDRVT14_INV_0P5)                  0.01      0.43 r
  u_core/U11/X (SAEDRVT14_ND2_CDC_1)               0.01      0.44 f
  u_core/U11_X_btd2418/X (SAEDRVT14_BUF_UCDC_0P5)
                                                   0.01      0.44 f
  u_core/CDIBUF_10_f_1/X (SAEDRVT14_BUF_UCDC_0P5)
                                                   0.01      0.45 f
  u_core/U20/X (SAEDRVT14_NR2_ISO_1)               0.04      0.49 r
  u_core/U22/X (SAEDRVT14_AN4_0P75)                0.03      0.52 r
  u_core/ctmTdsLR_3_1217/X (SAEDRVT14_ND2_CDC_1)   0.02      0.54 f
  u_core/U25/X (SAEDRVT14_ND2_ECO_1)               0.03      0.57 r
  u_core/U66/X (SAEDRVT14_INV_S_0P5)               0.02      0.59 f
  u_core/U182/X (SAEDRVT14_OAI21_1)                0.11      0.70 r
  u_core/U195/X (SAEDRVT14_AN4_0P5)                0.06      0.76 r
  u_core/U196/X (SAEDRVT14_INV_S_0P5)              0.07      0.83 f
  u_core/U351/X (SAEDRVT14_OAI21_0P5)              0.03      0.86 r
  u_core/U352/X (SAEDRVT14_AOI21_0P75)             0.01      0.87 f
  u_core/U353/X (SAEDRVT14_AO21B_0P5)              0.01      0.89 r
  u_core/U354/X (SAEDRVT14_AOI21_0P75)             0.01      0.89 f
  u_core/copt_gre_h_inst_4132/X (SAEDRVT14_DEL_R2V2_1)
                                                   0.02      0.92 f
  u_core/U355/X (SAEDRVT14_OAI21_0P5)              0.01      0.93 r
  u_core/sreg_reg_30_/D (SAEDRVT14_FDPRBQ_V2LP_0P5)
                                                   0.00      0.93 r
  data arrival time                                          0.93

  clock HCLK (rise edge)                          20.00     20.00
  clock network delay (propagated)                 0.36     20.36
  u_core/sreg_reg_30_/CK (SAEDRVT14_FDPRBQ_V2LP_0P5)
                                                   0.00     20.36 r
  library setup time                              -0.01     20.35
  data required time                                        20.35
  ------------------------------------------------------------------------
  data required time                                        20.35
  data arrival time                                         -0.93
  ------------------------------------------------------------------------
  slack (MET)                                               19.42



  Startpoint: u_core/state_reg_0_ (rising edge-triggered flip-flop clocked by HCLK)
  Endpoint: u_core/sreg_reg_9_ (rising edge-triggered flip-flop clocked by HCLK)
  Mode: func_mode
  Corner: ss_corner
  Scenario: func_ss
  Path Group: HCLK
  Path Type: max

  Point                                            Incr      Path  
  ------------------------------------------------------------------------
  clock HCLK (rise edge)                           0.00      0.00
  clock network delay (propagated)                 0.39      0.39

  u_core/state_reg_0_/CK (SAEDRVT14_FDPRBQ_V2LP_0P5)
                                                   0.00      0.39 r
  u_core/state_reg_0_/Q (SAEDRVT14_FDPRBQ_V2LP_0P5)
                                                   0.03      0.42 f
  u_core/U9/X (SAEDRVT14_INV_0P5)                  0.01      0.43 r
  u_core/U11/X (SAEDRVT14_ND2_CDC_1)               0.01      0.44 f
  u_core/U11_X_btd2418/X (SAEDRVT14_BUF_UCDC_0P5)
                                                   0.01      0.44 f
  u_core/CDIBUF_10_f_1/X (SAEDRVT14_BUF_UCDC_0P5)
                                                   0.01      0.45 f
  u_core/U20/X (SAEDRVT14_NR2_ISO_1)               0.04      0.49 r
  u_core/U22/X (SAEDRVT14_AN4_0P75)                0.03      0.52 r
  u_core/ctmTdsLR_3_1217/X (SAEDRVT14_ND2_CDC_1)   0.02      0.54 f
  u_core/U25/X (SAEDRVT14_ND2_ECO_1)               0.03      0.57 r
  u_core/U66/X (SAEDRVT14_INV_S_0P5)               0.02      0.59 f
  u_core/U182/X (SAEDRVT14_OAI21_1)                0.11      0.70 r
  u_core/U195/X (SAEDRVT14_AN4_0P5)                0.06      0.76 r
  u_core/U196/X (SAEDRVT14_INV_S_0P5)              0.07      0.83 f
  u_core/U227/X (SAEDRVT14_OAI22_0P5)              0.05      0.88 r
  u_core/U228/X (SAEDRVT14_AOI21_0P75)             0.02      0.90 f
  u_core/U229/X (SAEDRVT14_OAI21_0P5)              0.02      0.92 r
  u_core/U230/X (SAEDRVT14_AO21_U_0P5)             0.02      0.94 r
  u_core/sreg_reg_9_/D (SAEDRVT14_FDPRBQ_V2LP_0P5)
                                                   0.00      0.94 r
  data arrival time                                          0.94

  clock HCLK (rise edge)                          20.00     20.00
  clock network delay (propagated)                 0.36     20.36
  u_core/sreg_reg_9_/CK (SAEDRVT14_FDPRBQ_V2LP_0P5)
                                                   0.00     20.36 r
  library setup time                              -0.00     20.36
  data required time                                        20.36
  ------------------------------------------------------------------------
  data required time                                        20.36
  data arrival time                                         -0.94
  ------------------------------------------------------------------------
  slack (MET)                                               19.42



  Startpoint: u_core/state_reg_0_ (rising edge-triggered flip-flop clocked by HCLK)
  Endpoint: u_core/sreg_reg_10_ (rising edge-triggered flip-flop clocked by HCLK)
  Mode: func_mode
  Corner: ss_corner
  Scenario: func_ss
  Path Group: HCLK
  Path Type: max

  Point                                            Incr      Path  
  ------------------------------------------------------------------------
  clock HCLK (rise edge)                           0.00      0.00
  clock network delay (propagated)                 0.39      0.39

  u_core/state_reg_0_/CK (SAEDRVT14_FDPRBQ_V2LP_0P5)
                                                   0.00      0.39 r
  u_core/state_reg_0_/Q (SAEDRVT14_FDPRBQ_V2LP_0P5)
                                                   0.03      0.42 f
  u_core/U9/X (SAEDRVT14_INV_0P5)                  0.01      0.43 r
  u_core/U11/X (SAEDRVT14_ND2_CDC_1)               0.01      0.44 f
  u_core/U11_X_btd2418/X (SAEDRVT14_BUF_UCDC_0P5)
                                                   0.01      0.44 f
  u_core/CDIBUF_10_f_1/X (SAEDRVT14_BUF_UCDC_0P5)
                                                   0.01      0.45 f
  u_core/U20/X (SAEDRVT14_NR2_ISO_1)               0.04      0.49 r
  u_core/U22/X (SAEDRVT14_AN4_0P75)                0.03      0.52 r
  u_core/ctmTdsLR_3_1217/X (SAEDRVT14_ND2_CDC_1)   0.02      0.54 f
  u_core/U25/X (SAEDRVT14_ND2_ECO_1)               0.03      0.57 r
  u_core/U66/X (SAEDRVT14_INV_S_0P5)               0.02      0.59 f
  u_core/U182/X (SAEDRVT14_OAI21_1)                0.11      0.70 r
  u_core/U195/X (SAEDRVT14_AN4_0P5)                0.06      0.76 r
  u_core/U196/X (SAEDRVT14_INV_S_0P5)              0.07      0.83 f
  u_core/U237/X (SAEDRVT14_OAI22_0P5)              0.04      0.87 r
  u_core/U238/X (SAEDRVT14_AOI21_0P75)             0.02      0.88 f
  u_core/U239/X (SAEDRVT14_OAI21_0P5)              0.02      0.90 r
  u_core/U240/X (SAEDRVT14_AO21_U_0P5)             0.02      0.92 r
  u_core/ropt_h_inst_4238/X (SAEDRVT14_BUF_U_0P5)
                                                   0.01      0.93 r
  u_core/sreg_reg_10_/D (SAEDRVT14_FDPRBQ_V2LP_0P5)
                                                   0.00      0.93 r
  data arrival time                                          0.93

  clock HCLK (rise edge)                          20.00     20.00
  clock network delay (propagated)                 0.36     20.36
  u_core/sreg_reg_10_/CK (SAEDRVT14_FDPRBQ_V2LP_0P5)
                                                   0.00     20.36 r
  library setup time                              -0.01     20.35
  data required time                                        20.35
  ------------------------------------------------------------------------
  data required time                                        20.35
  data arrival time                                         -0.93
  ------------------------------------------------------------------------
  slack (MET)                                               19.42



  Startpoint: u_core/state_reg_0_ (rising edge-triggered flip-flop clocked by HCLK)
  Endpoint: u_core/sreg_reg_27_ (rising edge-triggered flip-flop clocked by HCLK)
  Mode: func_mode
  Corner: ss_corner
  Scenario: func_ss
  Path Group: HCLK
  Path Type: max

  Point                                            Incr      Path  
  ------------------------------------------------------------------------
  clock HCLK (rise edge)                           0.00      0.00
  clock network delay (propagated)                 0.39      0.39

  u_core/state_reg_0_/CK (SAEDRVT14_FDPRBQ_V2LP_0P5)
                                                   0.00      0.39 r
  u_core/state_reg_0_/Q (SAEDRVT14_FDPRBQ_V2LP_0P5)
                                                   0.03      0.42 f
  u_core/U9/X (SAEDRVT14_INV_0P5)                  0.01      0.43 r
  u_core/U11/X (SAEDRVT14_ND2_CDC_1)               0.01      0.44 f
  u_core/U11_X_btd2418/X (SAEDRVT14_BUF_UCDC_0P5)
                                                   0.01      0.44 f
  u_core/CDIBUF_10_f_1/X (SAEDRVT14_BUF_UCDC_0P5)
                                                   0.01      0.45 f
  u_core/U20/X (SAEDRVT14_NR2_ISO_1)               0.04      0.49 r
  u_core/U22/X (SAEDRVT14_AN4_0P75)                0.03      0.52 r
  u_core/ctmTdsLR_3_1217/X (SAEDRVT14_ND2_CDC_1)   0.02      0.54 f
  u_core/U25/X (SAEDRVT14_ND2_ECO_1)               0.03      0.57 r
  u_core/U66/X (SAEDRVT14_INV_S_0P5)               0.02      0.59 f
  u_core/U182/X (SAEDRVT14_OAI21_1)                0.11      0.70 r
  u_core/U195/X (SAEDRVT14_AN4_0P5)                0.06      0.76 r
  u_core/U196/X (SAEDRVT14_INV_S_0P5)              0.07      0.83 f
  u_core/U362/X (SAEDRVT14_OAI22_0P5)              0.04      0.87 r
  u_core/ctmTdsLR_1_1218/X (SAEDRVT14_AO221_0P5)   0.02      0.90 r
  u_core/U366/X (SAEDRVT14_AOI21_0P75)             0.01      0.91 f
  u_core/U367/X (SAEDRVT14_OAI21_0P5)              0.01      0.92 r
  u_core/sreg_reg_27_/D (SAEDRVT14_FDPRBQ_V2LP_0P5)
                                                   0.00      0.92 r
  data arrival time                                          0.92

  clock HCLK (rise edge)                          20.00     20.00
  clock network delay (propagated)                 0.36     20.36
  u_core/sreg_reg_27_/CK (SAEDRVT14_FDPRBQ_V2LP_0P5)
                                                   0.00     20.36 r
  library setup time                              -0.01     20.34
  data required time                                        20.34
  ------------------------------------------------------------------------
  data required time                                        20.34
  data arrival time                                         -0.92
  ------------------------------------------------------------------------
  slack (MET)                                               19.42



  Startpoint: u_core/state_reg_0_ (rising edge-triggered flip-flop clocked by HCLK)
  Endpoint: u_core/sreg_reg_6_ (rising edge-triggered flip-flop clocked by HCLK)
  Mode: func_mode
  Corner: ss_corner
  Scenario: func_ss
  Path Group: HCLK
  Path Type: max

  Point                                            Incr      Path  
  ------------------------------------------------------------------------
  clock HCLK (rise edge)                           0.00      0.00
  clock network delay (propagated)                 0.39      0.39

  u_core/state_reg_0_/CK (SAEDRVT14_FDPRBQ_V2LP_0P5)
                                                   0.00      0.39 r
  u_core/state_reg_0_/Q (SAEDRVT14_FDPRBQ_V2LP_0P5)
                                                   0.03      0.42 f
  u_core/U9/X (SAEDRVT14_INV_0P5)                  0.01      0.43 r
  u_core/U11/X (SAEDRVT14_ND2_CDC_1)               0.01      0.44 f
  u_core/U11_X_btd2418/X (SAEDRVT14_BUF_UCDC_0P5)
                                                   0.01      0.44 f
  u_core/CDIBUF_10_f_1/X (SAEDRVT14_BUF_UCDC_0P5)
                                                   0.01      0.45 f
  u_core/U20/X (SAEDRVT14_NR2_ISO_1)               0.04      0.49 r
  u_core/U22/X (SAEDRVT14_AN4_0P75)                0.03      0.52 r
  u_core/ctmTdsLR_3_1217/X (SAEDRVT14_ND2_CDC_1)   0.02      0.54 f
  u_core/U25/X (SAEDRVT14_ND2_ECO_1)               0.03      0.57 r
  u_core/U66/X (SAEDRVT14_INV_S_0P5)               0.02      0.59 f
  u_core/U182/X (SAEDRVT14_OAI21_1)                0.11      0.70 r
  u_core/U195/X (SAEDRVT14_AN4_0P5)                0.06      0.76 r
  u_core/U196/X (SAEDRVT14_INV_S_0P5)              0.07      0.83 f
  u_core/U217/X (SAEDRVT14_OAI22_0P5)              0.04      0.87 r
  u_core/U218/X (SAEDRVT14_AOI21_0P75)             0.02      0.89 f
  u_core/U219/X (SAEDRVT14_OAI21_0P5)              0.01      0.90 r
  u_core/ropt_h_inst_4180/X (SAEDRVT14_BUF_U_0P5)
                                                   0.02      0.92 r
  u_core/U220/X (SAEDRVT14_AO21_U_0P5)             0.01      0.93 r
  u_core/sreg_reg_6_/D (SAEDRVT14_FDPRBQ_V2LP_0P5)
                                                   0.00      0.93 r
  data arrival time                                          0.93

  clock HCLK (rise edge)                          20.00     20.00
  clock network delay (propagated)                 0.36     20.36
  u_core/sreg_reg_6_/CK (SAEDRVT14_FDPRBQ_V2LP_0P5)
                                                   0.00     20.36 r
  library setup time                              -0.01     20.36
  data required time                                        20.36
  ------------------------------------------------------------------------
  data required time                                        20.36
  data arrival time                                         -0.93
  ------------------------------------------------------------------------
  slack (MET)                                               19.43



  Startpoint: u_core/state_reg_0_ (rising edge-triggered flip-flop clocked by HCLK)
  Endpoint: u_core/sreg_reg_17_ (rising edge-triggered flip-flop clocked by HCLK)
  Mode: func_mode
  Corner: ss_corner
  Scenario: func_ss
  Path Group: HCLK
  Path Type: max

  Point                                            Incr      Path  
  ------------------------------------------------------------------------
  clock HCLK (rise edge)                           0.00      0.00
  clock network delay (propagated)                 0.39      0.39

  u_core/state_reg_0_/CK (SAEDRVT14_FDPRBQ_V2LP_0P5)
                                                   0.00      0.39 r
  u_core/state_reg_0_/Q (SAEDRVT14_FDPRBQ_V2LP_0P5)
                                                   0.03      0.42 f
  u_core/U9/X (SAEDRVT14_INV_0P5)                  0.01      0.43 r
  u_core/U11/X (SAEDRVT14_ND2_CDC_1)               0.01      0.44 f
  u_core/U11_X_btd2418/X (SAEDRVT14_BUF_UCDC_0P5)
                                                   0.01      0.44 f
  u_core/CDIBUF_10_f_1/X (SAEDRVT14_BUF_UCDC_0P5)
                                                   0.01      0.45 f
  u_core/U20/X (SAEDRVT14_NR2_ISO_1)               0.04      0.49 r
  u_core/U22/X (SAEDRVT14_AN4_0P75)                0.03      0.52 r
  u_core/ctmTdsLR_3_1217/X (SAEDRVT14_ND2_CDC_1)   0.02      0.54 f
  u_core/U25/X (SAEDRVT14_ND2_ECO_1)               0.03      0.57 r
  u_core/U66/X (SAEDRVT14_INV_S_0P5)               0.02      0.59 f
  u_core/U182/X (SAEDRVT14_OAI21_1)                0.11      0.70 r
  u_core/U195/X (SAEDRVT14_AN4_0P5)                0.06      0.76 r
  u_core/U196/X (SAEDRVT14_INV_S_0P5)              0.07      0.83 f
  u_core/U260/X (SAEDRVT14_OAI22_0P5)              0.04      0.87 r
  u_core/U261/X (SAEDRVT14_AOI21_0P75)             0.02      0.89 f
  u_core/U262/X (SAEDRVT14_OAI21_0P5)              0.02      0.91 r
  u_core/U263/X (SAEDRVT14_AO21_U_0P5)             0.02      0.93 r
  u_core/sreg_reg_17_/D (SAEDRVT14_FDPRBQ_V2LP_0P5)
                                                   0.00      0.93 r
  data arrival time                                          0.93

  clock HCLK (rise edge)                          20.00     20.00
  clock network delay (propagated)                 0.36     20.36
  u_core/sreg_reg_17_/CK (SAEDRVT14_FDPRBQ_V2LP_0P5)
                                                   0.00     20.36 r
  library setup time                              -0.01     20.35
  data required time                                        20.35
  ------------------------------------------------------------------------
  data required time                                        20.35
  data arrival time                                         -0.93
  ------------------------------------------------------------------------
  slack (MET)                                               19.43



  Startpoint: u_core/state_reg_0_ (rising edge-triggered flip-flop clocked by HCLK)
  Endpoint: u_core/sreg_reg_15_ (rising edge-triggered flip-flop clocked by HCLK)
  Mode: func_mode
  Corner: ss_corner
  Scenario: func_ss
  Path Group: HCLK
  Path Type: max

  Point                                            Incr      Path  
  ------------------------------------------------------------------------
  clock HCLK (rise edge)                           0.00      0.00
  clock network delay (propagated)                 0.39      0.39

  u_core/state_reg_0_/CK (SAEDRVT14_FDPRBQ_V2LP_0P5)
                                                   0.00      0.39 r
  u_core/state_reg_0_/Q (SAEDRVT14_FDPRBQ_V2LP_0P5)
                                                   0.03      0.42 f
  u_core/U9/X (SAEDRVT14_INV_0P5)                  0.01      0.43 r
  u_core/U11/X (SAEDRVT14_ND2_CDC_1)               0.01      0.44 f
  u_core/U11_X_btd2418/X (SAEDRVT14_BUF_UCDC_0P5)
                                                   0.01      0.44 f
  u_core/CDIBUF_10_f_1/X (SAEDRVT14_BUF_UCDC_0P5)
                                                   0.01      0.45 f
  u_core/U20/X (SAEDRVT14_NR2_ISO_1)               0.04      0.49 r
  u_core/U22/X (SAEDRVT14_AN4_0P75)                0.03      0.52 r
  u_core/ctmTdsLR_3_1217/X (SAEDRVT14_ND2_CDC_1)   0.02      0.54 f
  u_core/U25/X (SAEDRVT14_ND2_ECO_1)               0.03      0.57 r
  u_core/U66/X (SAEDRVT14_INV_S_0P5)               0.02      0.59 f
  u_core/U182/X (SAEDRVT14_OAI21_1)                0.11      0.70 r
  u_core/U195/X (SAEDRVT14_AN4_0P5)                0.06      0.76 r
  u_core/U196/X (SAEDRVT14_INV_S_0P5)              0.07      0.83 f
  u_core/U253/X (SAEDRVT14_OAI22_0P5)              0.03      0.87 r
  u_core/U254/X (SAEDRVT14_AOI21_0P75)             0.02      0.88 f
  u_core/U255/X (SAEDRVT14_OAI21_0P5)              0.01      0.90 r
  u_core/U256/X (SAEDRVT14_AO21_U_0P5)             0.02      0.91 r
  u_core/ropt_h_inst_4168/X (SAEDRVT14_DEL_R2V1_1)
                                                   0.01      0.93 r
  u_core/sreg_reg_15_/D (SAEDRVT14_FDPRBQ_V2LP_0P5)
                                                   0.00      0.93 r
  data arrival time                                          0.93

  clock HCLK (rise edge)                          20.00     20.00
  clock network delay (propagated)                 0.36     20.36
  u_core/sreg_reg_15_/CK (SAEDRVT14_FDPRBQ_V2LP_0P5)
                                                   0.00     20.36 r
  library setup time                              -0.00     20.35
  data required time                                        20.35
  ------------------------------------------------------------------------
  data required time                                        20.35
  data arrival time                                         -0.93
  ------------------------------------------------------------------------
  slack (MET)                                               19.43



  Startpoint: u_core/state_reg_0_ (rising edge-triggered flip-flop clocked by HCLK)
  Endpoint: u_core/sreg_reg_22_ (rising edge-triggered flip-flop clocked by HCLK)
  Mode: func_mode
  Corner: ss_corner
  Scenario: func_ss
  Path Group: HCLK
  Path Type: max

  Point                                            Incr      Path  
  ------------------------------------------------------------------------
  clock HCLK (rise edge)                           0.00      0.00
  clock network delay (propagated)                 0.39      0.39

  u_core/state_reg_0_/CK (SAEDRVT14_FDPRBQ_V2LP_0P5)
                                                   0.00      0.39 r
  u_core/state_reg_0_/Q (SAEDRVT14_FDPRBQ_V2LP_0P5)
                                                   0.03      0.42 f
  u_core/U9/X (SAEDRVT14_INV_0P5)                  0.01      0.43 r
  u_core/U11/X (SAEDRVT14_ND2_CDC_1)               0.01      0.44 f
  u_core/U11_X_btd2418/X (SAEDRVT14_BUF_UCDC_0P5)
                                                   0.01      0.44 f
  u_core/CDIBUF_10_f_1/X (SAEDRVT14_BUF_UCDC_0P5)
                                                   0.01      0.45 f
  u_core/U20/X (SAEDRVT14_NR2_ISO_1)               0.04      0.49 r
  u_core/U22/X (SAEDRVT14_AN4_0P75)                0.03      0.52 r
  u_core/ctmTdsLR_3_1217/X (SAEDRVT14_ND2_CDC_1)   0.02      0.54 f
  u_core/U25/X (SAEDRVT14_ND2_ECO_1)               0.03      0.57 r
  u_core/U66/X (SAEDRVT14_INV_S_0P5)               0.02      0.59 f
  u_core/U182/X (SAEDRVT14_OAI21_1)                0.11      0.70 r
  u_core/U195/X (SAEDRVT14_AN4_0P5)                0.06      0.76 r
  u_core/U196/X (SAEDRVT14_INV_S_0P5)              0.07      0.83 f
  u_core/U285/X (SAEDRVT14_OAI22_0P5)              0.04      0.87 r
  u_core/U286/X (SAEDRVT14_AOI21_0P75)             0.02      0.88 f
  u_core/U287/X (SAEDRVT14_OAI21_0P5)              0.02      0.90 r
  u_core/U288/X (SAEDRVT14_AO21_U_0P5)             0.02      0.92 r
  u_core/sreg_reg_22_/D (SAEDRVT14_FDPRBQ_V2LP_0P5)
                                                   0.00      0.92 r
  data arrival time                                          0.92

  clock HCLK (rise edge)                          20.00     20.00
  clock network delay (propagated)                 0.36     20.36
  u_core/sreg_reg_22_/CK (SAEDRVT14_FDPRBQ_V2LP_0P5)
                                                   0.00     20.36 r
  library setup time                              -0.01     20.35
  data required time                                        20.35
  ------------------------------------------------------------------------
  data required time                                        20.35
  data arrival time                                         -0.92
  ------------------------------------------------------------------------
  slack (MET)                                               19.43



  Startpoint: u_core/state_reg_0_ (rising edge-triggered flip-flop clocked by HCLK)
  Endpoint: u_core/sreg_reg_8_ (rising edge-triggered flip-flop clocked by HCLK)
  Mode: func_mode
  Corner: ss_corner
  Scenario: func_ss
  Path Group: HCLK
  Path Type: max

  Point                                            Incr      Path  
  ------------------------------------------------------------------------
  clock HCLK (rise edge)                           0.00      0.00
  clock network delay (propagated)                 0.39      0.39

  u_core/state_reg_0_/CK (SAEDRVT14_FDPRBQ_V2LP_0P5)
                                                   0.00      0.39 r
  u_core/state_reg_0_/Q (SAEDRVT14_FDPRBQ_V2LP_0P5)
                                                   0.03      0.42 f
  u_core/U9/X (SAEDRVT14_INV_0P5)                  0.01      0.43 r
  u_core/U11/X (SAEDRVT14_ND2_CDC_1)               0.01      0.44 f
  u_core/U11_X_btd2418/X (SAEDRVT14_BUF_UCDC_0P5)
                                                   0.01      0.44 f
  u_core/CDIBUF_10_f_1/X (SAEDRVT14_BUF_UCDC_0P5)
                                                   0.01      0.45 f
  u_core/U20/X (SAEDRVT14_NR2_ISO_1)               0.04      0.49 r
  u_core/U22/X (SAEDRVT14_AN4_0P75)                0.03      0.52 r
  u_core/ctmTdsLR_3_1217/X (SAEDRVT14_ND2_CDC_1)   0.02      0.54 f
  u_core/U25/X (SAEDRVT14_ND2_ECO_1)               0.03      0.57 r
  u_core/U66/X (SAEDRVT14_INV_S_0P5)               0.02      0.59 f
  u_core/U182/X (SAEDRVT14_OAI21_1)                0.11      0.70 r
  u_core/U195/X (SAEDRVT14_AN4_0P5)                0.06      0.76 r
  u_core/U196/X (SAEDRVT14_INV_S_0P5)              0.07      0.83 f
  u_core/U210/X (SAEDRVT14_OAI22_0P5)              0.04      0.87 r
  u_core/copt_gre_h_inst_4151/X (SAEDRVT14_BUF_S_0P5)
                                                   0.02      0.89 r
  u_core/U211/X (SAEDRVT14_AOI21_0P75)             0.01      0.89 f
  u_core/U212/X (SAEDRVT14_OAI21_0P5)              0.01      0.91 r
  u_core/U213/X (SAEDRVT14_AO21_U_0P5)             0.02      0.93 r
  u_core/sreg_reg_8_/D (SAEDRVT14_FDPRBQ_V2LP_0P5)
                                                   0.00      0.93 r
  data arrival time                                          0.93

  clock HCLK (rise edge)                          20.00     20.00
  clock network delay (propagated)                 0.36     20.36
  u_core/sreg_reg_8_/CK (SAEDRVT14_FDPRBQ_V2LP_0P5)
                                                   0.00     20.36 r
  library setup time                              -0.00     20.36
  data required time                                        20.36
  ------------------------------------------------------------------------
  data required time                                        20.36
  data arrival time                                         -0.93
  ------------------------------------------------------------------------
  slack (MET)                                               19.43



  Startpoint: u_core/state_reg_0_ (rising edge-triggered flip-flop clocked by HCLK)
  Endpoint: u_core/sreg_reg_18_ (rising edge-triggered flip-flop clocked by HCLK)
  Mode: func_mode
  Corner: ss_corner
  Scenario: func_ss
  Path Group: HCLK
  Path Type: max

  Point                                            Incr      Path  
  ------------------------------------------------------------------------
  clock HCLK (rise edge)                           0.00      0.00
  clock network delay (propagated)                 0.39      0.39

  u_core/state_reg_0_/CK (SAEDRVT14_FDPRBQ_V2LP_0P5)
                                                   0.00      0.39 r
  u_core/state_reg_0_/Q (SAEDRVT14_FDPRBQ_V2LP_0P5)
                                                   0.03      0.42 f
  u_core/U9/X (SAEDRVT14_INV_0P5)                  0.01      0.43 r
  u_core/U11/X (SAEDRVT14_ND2_CDC_1)               0.01      0.44 f
  u_core/U11_X_btd2418/X (SAEDRVT14_BUF_UCDC_0P5)
                                                   0.01      0.44 f
  u_core/CDIBUF_10_f_1/X (SAEDRVT14_BUF_UCDC_0P5)
                                                   0.01      0.45 f
  u_core/U20/X (SAEDRVT14_NR2_ISO_1)               0.04      0.49 r
  u_core/U22/X (SAEDRVT14_AN4_0P75)                0.03      0.52 r
  u_core/ctmTdsLR_3_1217/X (SAEDRVT14_ND2_CDC_1)   0.02      0.54 f
  u_core/U25/X (SAEDRVT14_ND2_ECO_1)               0.03      0.57 r
  u_core/U66/X (SAEDRVT14_INV_S_0P5)               0.02      0.59 f
  u_core/U182/X (SAEDRVT14_OAI21_1)                0.11      0.70 r
  u_core/U195/X (SAEDRVT14_AN4_0P5)                0.06      0.76 r
  u_core/U196/X (SAEDRVT14_INV_S_0P5)              0.07      0.83 f
  u_core/U265/X (SAEDRVT14_OAI22_0P5)              0.04      0.87 r
  u_core/U266/X (SAEDRVT14_AOI21_0P75)             0.02      0.88 f
  u_core/U267/X (SAEDRVT14_OAI21_0P5)              0.02      0.90 r
  u_core/U268/X (SAEDRVT14_AO21_U_0P5)             0.02      0.92 r
  u_core/sreg_reg_18_/D (SAEDRVT14_FDPRBQ_V2LP_0P5)
                                                   0.00      0.92 r
  data arrival time                                          0.92

  clock HCLK (rise edge)                          20.00     20.00
  clock network delay (propagated)                 0.36     20.36
  u_core/sreg_reg_18_/CK (SAEDRVT14_FDPRBQ_V2LP_0P5)
                                                   0.00     20.36 r
  library setup time                              -0.01     20.35
  data required time                                        20.35
  ------------------------------------------------------------------------
  data required time                                        20.35
  data arrival time                                         -0.92
  ------------------------------------------------------------------------
  slack (MET)                                               19.43



  Startpoint: u_core/state_reg_0_ (rising edge-triggered flip-flop clocked by HCLK)
  Endpoint: u_core/sreg_reg_25_ (rising edge-triggered flip-flop clocked by HCLK)
  Mode: func_mode
  Corner: ss_corner
  Scenario: func_ss
  Path Group: HCLK
  Path Type: max

  Point                                            Incr      Path  
  ------------------------------------------------------------------------
  clock HCLK (rise edge)                           0.00      0.00
  clock network delay (propagated)                 0.39      0.39

  u_core/state_reg_0_/CK (SAEDRVT14_FDPRBQ_V2LP_0P5)
                                                   0.00      0.39 r
  u_core/state_reg_0_/Q (SAEDRVT14_FDPRBQ_V2LP_0P5)
                                                   0.03      0.42 f
  u_core/U9/X (SAEDRVT14_INV_0P5)                  0.01      0.43 r
  u_core/U11/X (SAEDRVT14_ND2_CDC_1)               0.01      0.44 f
  u_core/U11_X_btd2418/X (SAEDRVT14_BUF_UCDC_0P5)
                                                   0.01      0.44 f
  u_core/CDIBUF_10_f_1/X (SAEDRVT14_BUF_UCDC_0P5)
                                                   0.01      0.45 f
  u_core/U20/X (SAEDRVT14_NR2_ISO_1)               0.04      0.49 r
  u_core/U22/X (SAEDRVT14_AN4_0P75)                0.03      0.52 r
  u_core/ctmTdsLR_3_1217/X (SAEDRVT14_ND2_CDC_1)   0.02      0.54 f
  u_core/U25/X (SAEDRVT14_ND2_ECO_1)               0.03      0.57 r
  u_core/U66/X (SAEDRVT14_INV_S_0P5)               0.02      0.59 f
  u_core/U182/X (SAEDRVT14_OAI21_1)                0.11      0.70 r
  u_core/U204/X (SAEDRVT14_OAI21_1)                0.15      0.85 f
  u_core/U316/X (SAEDRVT14_OAI22_0P5)              0.05      0.90 r
  u_core/ctmTdsLR_1_1212/X (SAEDRVT14_AO221_0P5)   0.02      0.92 r
  u_core/sreg_reg_25_/D (SAEDRVT14_FDPRBQ_V2LP_0P5)
                                                   0.00      0.92 r
  data arrival time                                          0.92

  clock HCLK (rise edge)                          20.00     20.00
  clock network delay (propagated)                 0.36     20.36
  u_core/sreg_reg_25_/CK (SAEDRVT14_FDPRBQ_V2LP_0P5)
                                                   0.00     20.36 r
  library setup time                              -0.01     20.35
  data required time                                        20.35
  ------------------------------------------------------------------------
  data required time                                        20.35
  data arrival time                                         -0.92
  ------------------------------------------------------------------------
  slack (MET)                                               19.43



  Startpoint: u_core/state_reg_0_ (rising edge-triggered flip-flop clocked by HCLK)
  Endpoint: u_core/sreg_reg_23_ (rising edge-triggered flip-flop clocked by HCLK)
  Mode: func_mode
  Corner: ss_corner
  Scenario: func_ss
  Path Group: HCLK
  Path Type: max

  Point                                            Incr      Path  
  ------------------------------------------------------------------------
  clock HCLK (rise edge)                           0.00      0.00
  clock network delay (propagated)                 0.39      0.39

  u_core/state_reg_0_/CK (SAEDRVT14_FDPRBQ_V2LP_0P5)
                                                   0.00      0.39 r
  u_core/state_reg_0_/Q (SAEDRVT14_FDPRBQ_V2LP_0P5)
                                                   0.03      0.42 f
  u_core/U9/X (SAEDRVT14_INV_0P5)                  0.01      0.43 r
  u_core/U11/X (SAEDRVT14_ND2_CDC_1)               0.01      0.44 f
  u_core/U11_X_btd2418/X (SAEDRVT14_BUF_UCDC_0P5)
                                                   0.01      0.44 f
  u_core/CDIBUF_10_f_1/X (SAEDRVT14_BUF_UCDC_0P5)
                                                   0.01      0.45 f
  u_core/U20/X (SAEDRVT14_NR2_ISO_1)               0.04      0.49 r
  u_core/U22/X (SAEDRVT14_AN4_0P75)                0.03      0.52 r
  u_core/ctmTdsLR_3_1217/X (SAEDRVT14_ND2_CDC_1)   0.02      0.54 f
  u_core/U25/X (SAEDRVT14_ND2_ECO_1)               0.03      0.57 r
  u_core/U66/X (SAEDRVT14_INV_S_0P5)               0.02      0.59 f
  u_core/U182/X (SAEDRVT14_OAI21_1)                0.11      0.70 r
  u_core/U195/X (SAEDRVT14_AN4_0P5)                0.06      0.76 r
  u_core/U196/X (SAEDRVT14_INV_S_0P5)              0.07      0.83 f
  u_core/U290/X (SAEDRVT14_OAI22_0P5)              0.03      0.86 r
  u_core/U291/X (SAEDRVT14_AOI21_0P75)             0.01      0.88 f
  u_core/U292/X (SAEDRVT14_OAI21_0P5)              0.02      0.90 r
  u_core/U293/X (SAEDRVT14_AO21_U_0P5)             0.02      0.92 r
  u_core/sreg_reg_23_/D (SAEDRVT14_FDPRBQ_V2LP_0P5)
                                                   0.00      0.92 r
  data arrival time                                          0.92

  clock HCLK (rise edge)                          20.00     20.00
  clock network delay (propagated)                 0.36     20.36
  u_core/sreg_reg_23_/CK (SAEDRVT14_FDPRBQ_V2LP_0P5)
                                                   0.00     20.36 r
  library setup time                              -0.01     20.35
  data required time                                        20.35
  ------------------------------------------------------------------------
  data required time                                        20.35
  data arrival time                                         -0.92
  ------------------------------------------------------------------------
  slack (MET)                                               19.43


1
