****************************************
Report : constraint
        -all_violators
Design : ahb_wrapper
Version: W-2024.09-SP3
Date   : Sun May 31 01:41:19 2026
****************************************

   late_timing
   -----------

Warning: Scenario func_ff is not configured for setup analysis: skipping. (UIC-058)
Endpoint                         Path Delay     Path Required       CRP    Slack Group    Scenario
----------------------------------------------------------------------------------------------------------
No paths.

   early_timing
   -----------

Warning: Scenario func_ss is not configured for hold analysis: skipping. (UIC-058)
Endpoint                         Path Delay     Path Required       CRP    Slack Group    Scenario
----------------------------------------------------------------------------------------------------------
ahb_wdata_reg_reg_19_/D (SAEDRVT14_FDPRBQ_V2LP_0P5)
                                   0.51 f         0.51           0.00    -0.00   HCLK     func_ff
ahb_wdata_reg_reg_25_/D (SAEDRVT14_FDPRBQ_V2LP_0P5)
                                   0.51 f         0.51           0.00    -0.00   HCLK     func_ff
u_core/sreg_reg_30_/D (SAEDRVT14_FDPRBQ_V2LP_0P5)
                                   0.51 f         0.51           0.00    -0.00   HCLK     func_ff
u_core/sreg_reg_19_/D (SAEDRVT14_FDPRBQ_V2LP_0P5)
                                   0.52 f         0.52           0.00    -0.00   HCLK     func_ff
ahb_wdata_reg_reg_17_/D (SAEDRVT14_FDPRBQ_V2LP_0P5)
                                   0.51 f         0.51           0.00    -0.00   HCLK     func_ff
u_core/sreg_reg_18_/D (SAEDRVT14_FDPRBQ_V2LP_0P5)
                                   0.52 f         0.52           0.00    -0.00   HCLK     func_ff
ahb_rdata_reg_reg_30_/D (SAEDRVT14_FDPRBQ_V2LP_0P5)
                                   0.51 f         0.51           0.00    -0.00   HCLK     func_ff
u_core/sreg_reg_25_/D (SAEDRVT14_FDPRBQ_V2LP_0P5)
                                   0.51 f         0.51           0.00    -0.00   HCLK     func_ff
u_core/sreg_reg_23_/D (SAEDRVT14_FDPRBQ_V2LP_0P5)
                                   0.51 f         0.51           0.00    -0.00   HCLK     func_ff
a_reg_reg_9_/D (SAEDRVT14_FDPRBQ_V2LP_0P5)
                                   0.52 f         0.52           0.00    -0.00   HCLK     func_ff
u_core/sreg_reg_9_/D (SAEDRVT14_FDPRBQ_V2LP_0P5)
                                   0.52 f         0.52           0.00    -0.00   HCLK     func_ff
a_reg_reg_30_/D (SAEDRVT14_FDPRBQ_V2LP_0P5)
                                   0.51 f         0.51           0.00    -0.00   HCLK     func_ff
u_core/sreg_reg_10_/D (SAEDRVT14_FDPRBQ_V2LP_0P5)
                                   0.52 f         0.52           0.00    -0.00   HCLK     func_ff
ahb_wdata_reg_reg_6_/D (SAEDRVT14_FDPRBQ_V2LP_0P5)
                                   0.51 f         0.51           0.00    -0.00   HCLK     func_ff
u_core/rx_reg_reg_30_/D (SAEDRVT14_FDPRBQ_V2LP_0P5)
                                   0.51 f         0.51           0.00    -0.00   HCLK     func_ff
ahb_rdata_reg_reg_25_/D (SAEDRVT14_FDPRBQ_V2LP_0P5)
                                   0.51 f         0.51           0.00    -0.00   HCLK     func_ff
u_core/sreg_reg_2_/D (SAEDRVT14_FDPRBQ_V2LP_0P5)
                                   0.51 f         0.51           0.00    -0.00   HCLK     func_ff
a_reg_reg_31_/D (SAEDRVT14_FDPRBQ_V2LP_0P5)
                                   0.51 f         0.51           0.00    -0.00   HCLK     func_ff
a_reg_reg_2_/D (SAEDRVT14_FDPRBQ_V2LP_0P5)
                                   0.51 f         0.51           0.00    -0.00   HCLK     func_ff
u_core/sreg_reg_11_/D (SAEDRVT14_FDPRBQ_V2LP_0P5)
                                   0.52 f         0.52           0.00    -0.00   HCLK     func_ff

   Mode: func_mode Corner: ff_corner
   Scenario: func_ff
  ---------------------------------------------------------------------------
   Number of max_transition violation(s): 0

   Mode: func_mode Corner: ss_corner
   Scenario: func_ss
  ---------------------------------------------------------------------------
   Number of max_transition violation(s): 0

   Mode: func_mode Corner: ff_corner
   Scenario: func_ff
  ---------------------------------------------------------------------------
   Number of max_capacitance violation(s): 0

   Mode: func_mode Corner: ss_corner
   Scenario: func_ss
   max_capacitance                                                             
                             Required        Actual                            
   Net                      Capacitance    Capacitance       Slack  Violation  
  ---------------------------------------------------------------------------
   u_core/n368                 22.19          22.42          -0.23  (VIOLATED) 
     PIN : u_core/U46/X        22.19          22.42          -0.23  (VIOLATED) 

  ---------------------------------------------------------------------------
   Number of max_capacitance violation(s): 1


   Mode: func_mode Corner: ff_corner
   Scenario: func_ff
  ---------------------------------------------------------------------------
   Number of min_capacitance violation(s): 0

  Mode: func_mode
  Corner: ff_corner
  Scenario: func_ff

  ---------------------------------------------------------------------------
   Number of min_pulse_width violation(s): 0
  Mode: func_mode
  Corner: ss_corner
  Scenario: func_ss

  ---------------------------------------------------------------------------
   Number of min_pulse_width violation(s): 0
   Total number of violation(s): 1
1
